JUnit version 3.8.1
.................................................................................E...............................................................................................................................................................................................................................................................
Time: 1.728
There was 1 failure:
1) testUnionOfVariableAndNode(org.apache.commons.jxpath.ri.compiler.VariableTest)
org.apache.commons.jxpath.JXPathException: Cannot compare pointers that do not belong to the same tree: '' and '$var'
	at org.apache.commons.jxpath.ri.model.NodePointer.compareNodePointers(NodePointer.java:665)
	at org.apache.commons.jxpath.ri.model.NodePointer.compareNodePointers(NodePointer.java:653)
	at org.apache.commons.jxpath.ri.model.NodePointer.compareNodePointers(NodePointer.java:653)
	at org.apache.commons.jxpath.ri.model.NodePointer.compareTo(NodePointer.java:639)
	at java.util.ComparableTimSort.countRunAndMakeAscending(ComparableTimSort.java:320)
	at java.util.ComparableTimSort.sort(ComparableTimSort.java:188)
	at java.util.Arrays.sort(Arrays.java:1312)
	at java.util.Arrays.sort(Arrays.java:1506)
	at java.util.ArrayList.sort(ArrayList.java:1462)
	at java.util.Collections.sort(Collections.java:143)
	at org.apache.commons.jxpath.ri.EvalContext.constructIterator(EvalContext.java:176)
	at org.apache.commons.jxpath.ri.EvalContext.hasNext(EvalContext.java:100)
	at org.apache.commons.jxpath.ri.compiler.VariableTest.testUnionOfVariableAndNode(VariableTest.java:286)
	at sun.reflect.NativeMethodAccessorImpl.invoke0(Native Method)
	at sun.reflect.NativeMethodAccessorImpl.invoke(NativeMethodAccessorImpl.java:62)
	at sun.reflect.DelegatingMethodAccessorImpl.invoke(DelegatingMethodAccessorImpl.java:43)
	at java.lang.reflect.Method.invoke(Method.java:498)
	at junit.framework.TestCase.runTest(TestCase.java:154)
	at junit.framework.TestCase.runBare(TestCase.java:127)
	at junit.framework.TestResult$1.protect(TestResult.java:106)
	at junit.framework.TestResult.runProtected(TestResult.java:124)
	at junit.framework.TestResult.run(TestResult.java:109)
	at junit.framework.TestCase.run(TestCase.java:118)
	at junit.framework.TestSuite.runTest(TestSuite.java:208)
	at junit.framework.TestSuite.run(TestSuite.java:203)
	at org.junit.internal.runners.JUnit38ClassRunner.run(JUnit38ClassRunner.java:84)
	at org.junit.runners.Suite.runChild(Suite.java:127)
	at org.junit.runners.Suite.runChild(Suite.java:26)
	at org.junit.runners.ParentRunner$3.run(ParentRunner.java:238)
	at org.junit.runners.ParentRunner$1.schedule(ParentRunner.java:63)
	at org.junit.runners.ParentRunner.runChildren(ParentRunner.java:236)
	at org.junit.runners.ParentRunner.access$000(ParentRunner.java:53)
	at org.junit.runners.ParentRunner$2.evaluate(ParentRunner.java:229)
	at org.junit.runners.ParentRunner.run(ParentRunner.java:309)
	at org.junit.runner.JUnitCore.run(JUnitCore.java:160)
	at org.junit.runner.JUnitCore.run(JUnitCore.java:138)
	at org.junit.runner.JUnitCore.run(JUnitCore.java:117)
	at org.junit.runner.JUnitCore.runMain(JUnitCore.java:96)
	at org.junit.runner.JUnitCore.runMainAndExit(JUnitCore.java:47)
	at org.junit.runner.JUnitCore.main(JUnitCore.java:40)

FAILURES!!!
Tests run: 336,  Failures: 1


real	0m1.914s
user	0m6.216s
sys	0m0.447s
