JUnit version 4.11
DateUtilsTest: Default Locale=en
.................................................................................................................................................................................................................................................................................................................................................................................................................................................................................................................................................Ratio=71% array=100 count=1 extract=6501717 bitset=4624511
Ratio=71% array=100 count=10 extract=6798646 bitset=4832868
Ratio=4% array=100 count=50 extract=26391789 bitset=1179794
Ratio=26% array=100 count=100 extract=23681969 bitset=6240633
Ratio=73% array=1000 count=10 extract=32980741 bitset=24341585
Ratio=46% array=1000 count=100 extract=38579948 bitset=18008356
Ratio=9% array=1000 count=500 extract=76623631 bitset=7429841
Ratio=0% array=1000 count=1000 extract=88006767 bitset=719407
.Ratio=537% count=0 hash=257274 bits=1381636
Ratio=49% count=5 hash=1301662 bits=639766
Ratio=48% count=10 hash=2131123 bits=1038550
Ratio=19% count=200 hash=45393957 bits=9037170
Ratio=33% count=50 hash=7189379 bits=2393917
Ratio=31% count=100 hash=6481929 bits=2033762
Ratio=17% count=1000 hash=87974225 bits=15772932
Ratio=14% count=2000 hash=206235865 bits=30320516
...............................................................................................................................................................................................................................................................................................................................................Can't test IS_JAVA value: 1.8.0_332
...............................................................................................................................................................................................................................III...........I.......................................................................................................................................................................................................................................................................................................................................................................................................................E..........................................................................................................................................................................................................................................................................................................................................................................................................................................................................................................................................................................................................................................................>>FastDateFormatTest: FastDateParser:3171  SimpleDateFormat:5170
.......................................................................................................................................................
Time: 18.325
There was 1 failure:
1) TestLang747(org.apache.commons.lang3.math.NumberUtilsTest)
java.lang.NumberFormatException: For input string: "80000000"
	at java.lang.NumberFormatException.forInputString(NumberFormatException.java:65)
	at java.lang.Integer.parseInt(Integer.java:583)
	at java.lang.Integer.valueOf(Integer.java:740)
	at java.lang.Integer.decode(Integer.java:1197)
	at org.apache.commons.lang3.math.NumberUtils.createInteger(NumberUtils.java:684)
	at org.apache.commons.lang3.math.NumberUtils.createNumber(NumberUtils.java:474)
	at org.apache.commons.lang3.math.NumberUtilsTest.TestLang747(NumberUtilsTest.java:256)
	at sun.reflect.NativeMethodAccessorImpl.invoke0(Native Method)
	at sun.reflect.NativeMethodAccessorImpl.invoke(NativeMethodAccessorImpl.java:62)
	at sun.reflect.DelegatingMethodAccessorImpl.invoke(DelegatingMethodAccessorImpl.java:43)
	at java.lang.reflect.Method.invoke(Method.java:498)
	at org.junit.runners.model.FrameworkMethod$1.runReflectiveCall(FrameworkMethod.java:47)
	at org.junit.internal.runners.model.ReflectiveCallable.run(ReflectiveCallable.java:12)
	at org.junit.runners.model.FrameworkMethod.invokeExplosively(FrameworkMethod.java:44)
	at org.junit.internal.runners.statements.InvokeMethod.evaluate(InvokeMethod.java:17)
	at org.junit.runners.ParentRunner.runLeaf(ParentRunner.java:271)
	at org.junit.runners.BlockJUnit4ClassRunner.runChild(BlockJUnit4ClassRunner.java:70)
	at org.junit.runners.BlockJUnit4ClassRunner.runChild(BlockJUnit4ClassRunner.java:50)
	at org.junit.runners.ParentRunner$3.run(ParentRunner.java:238)
	at org.junit.runners.ParentRunner$1.schedule(ParentRunner.java:63)
	at org.junit.runners.ParentRunner.runChildren(ParentRunner.java:236)
	at org.junit.runners.ParentRunner.access$000(ParentRunner.java:53)
	at org.junit.runners.ParentRunner$2.evaluate(ParentRunner.java:229)
	at org.junit.runners.ParentRunner.run(ParentRunner.java:309)
	at org.junit.runners.Suite.runChild(Suite.java:127)
	at org.junit.runners.Suite.runChild(Suite.java:26)
	at org.junit.runners.ParentRunner$3.run(ParentRunner.java:238)
	at org.junit.runners.ParentRunner$1.schedule(ParentRunner.java:63)
	at org.junit.runners.ParentRunner.runChildren(ParentRunner.java:236)
	at org.junit.runners.ParentRunner.access$000(ParentRunner.java:53)
	at org.junit.runners.ParentRunner$2.evaluate(ParentRunner.java:229)
	at org.junit.runners.ParentRunner.run(ParentRunner.java:309)
	at org.junit.runner.JUnitCore.run(JUnitCore.java:160)
	at org.junit.runner.JUnitCore.run(JUnitCore.java:138)
	at org.junit.runner.JUnitCore.run(JUnitCore.java:117)
	at org.junit.runner.JUnitCore.runMain(JUnitCore.java:96)
	at org.junit.runner.JUnitCore.runMainAndExit(JUnitCore.java:47)
	at org.junit.runner.JUnitCore.main(JUnitCore.java:40)

FAILURES!!!
Tests run: 2291,  Failures: 1


real	0m19.022s
user	0m36.670s
sys	0m0.925s
