JUnit version 4.11
.............................................................................................................................................................................................................................................................................................................E...........................................................................................................................................................................................................................................................................................................................................................................................................................................................................................................................................................................................................................................................................................................................................................................................................................................................................................................................................................
Time: 7.634
There was 1 failure:
1) testSmallDegreesOfFreedom(org.apache.commons.math.distribution.FDistributionTest)
java.lang.IllegalArgumentException: Invalid endpoint parameters:  lowerBound=0.0 initial=-1.0 upperBound=1.7976931348623157E308
	at org.apache.commons.math.analysis.UnivariateRealSolverUtils.bracket(UnivariateRealSolverUtils.java:179)
	at org.apache.commons.math.analysis.UnivariateRealSolverUtils.bracket(UnivariateRealSolverUtils.java:128)
	at org.apache.commons.math.distribution.AbstractContinuousDistribution.inverseCumulativeProbability(AbstractContinuousDistribution.java:84)
	at org.apache.commons.math.distribution.FDistributionImpl.inverseCumulativeProbability(FDistributionImpl.java:106)
	at org.apache.commons.math.distribution.FDistributionTest.testSmallDegreesOfFreedom(FDistributionTest.java:114)
	at sun.reflect.NativeMethodAccessorImpl.invoke0(Native Method)
	at sun.reflect.NativeMethodAccessorImpl.invoke(NativeMethodAccessorImpl.java:62)
	at sun.reflect.DelegatingMethodAccessorImpl.invoke(DelegatingMethodAccessorImpl.java:43)
	at java.lang.reflect.Method.invoke(Method.java:498)
	at junit.framework.TestCase.runTest(TestCase.java:176)
	at junit.framework.TestCase.runBare(TestCase.java:141)
	at junit.framework.TestResult$1.protect(TestResult.java:122)
	at junit.framework.TestResult.runProtected(TestResult.java:142)
	at junit.framework.TestResult.run(TestResult.java:125)
	at junit.framework.TestCase.run(TestCase.java:129)
	at junit.framework.TestSuite.runTest(TestSuite.java:255)
	at junit.framework.TestSuite.run(TestSuite.java:250)
	at org.junit.internal.runners.JUnit38ClassRunner.run(JUnit38ClassRunner.java:84)
	at org.junit.runners.Suite.runChild(Suite.java:127)
	at org.junit.runners.Suite.runChild(Suite.java:26)
	at org.junit.runners.ParentRunner$3.run(ParentRunner.java:238)
	at org.junit.runners.ParentRunner$1.schedule(ParentRunner.java:63)
	at org.junit.runners.ParentRunner.runChildren(ParentRunner.java:236)
	at org.junit.runners.ParentRunner.access$000(ParentRunner.java:53)
	at org.junit.runners.ParentRunner$2.evaluate(ParentRunner.java:229)
	at org.junit.runners.ParentRunner.run(ParentRunner.java:309)
	at org.junit.runner.JUnitCore.run(JUnitCore.java:160)
	at org.junit.runner.JUnitCore.run(JUnitCore.java:138)
	at org.junit.runner.JUnitCore.run(JUnitCore.java:117)
	at org.junit.runner.JUnitCore.runMain(JUnitCore.java:96)
	at org.junit.runner.JUnitCore.runMainAndExit(JUnitCore.java:47)
	at org.junit.runner.JUnitCore.main(JUnitCore.java:40)

FAILURES!!!
Tests run: 1224,  Failures: 1


real	0m9.730s
user	0m16.988s
sys	0m0.470s
