JUnit version 4.12
.....................................................I.........I.................................................................................................................................................................................................................................................E......................................................................I............................E.......................................................................................................................
Time: 0.444
There were 2 failures:
1) handlesControlCodeInAttributeName(org.jsoup.parser.HtmlParserTest)
java.lang.IllegalArgumentException: String must not be empty
	at org.jsoup.helper.Validate.notEmpty(Validate.java:92)
	at org.jsoup.nodes.Attribute.<init>(Attribute.java:35)
	at org.jsoup.parser.Token$Tag.newAttribute(Token.java:109)
	at org.jsoup.parser.Token$Tag.finaliseTag(Token.java:128)
	at org.jsoup.parser.Tokeniser.emitTagPending(Tokeniser.java:206)
	at org.jsoup.parser.TokeniserState$40.read(TokeniserState.java:815)
	at org.jsoup.parser.Tokeniser.read(Tokeniser.java:50)
	at org.jsoup.parser.TreeBuilder.runParser(TreeBuilder.java:49)
	at org.jsoup.parser.TreeBuilder.parse(TreeBuilder.java:43)
	at org.jsoup.parser.HtmlTreeBuilder.parse(HtmlTreeBuilder.java:56)
	at org.jsoup.parser.Parser.parse(Parser.java:100)
	at org.jsoup.Jsoup.parse(Jsoup.java:58)
	at org.jsoup.parser.HtmlParserTest.handlesControlCodeInAttributeName(HtmlParserTest.java:946)
	at sun.reflect.NativeMethodAccessorImpl.invoke0(Native Method)
	at sun.reflect.NativeMethodAccessorImpl.invoke(NativeMethodAccessorImpl.java:62)
	at sun.reflect.DelegatingMethodAccessorImpl.invoke(DelegatingMethodAccessorImpl.java:43)
	at java.lang.reflect.Method.invoke(Method.java:498)
	at org.junit.runners.model.FrameworkMethod$1.runReflectiveCall(FrameworkMethod.java:50)
	at org.junit.internal.runners.model.ReflectiveCallable.run(ReflectiveCallable.java:12)
	at org.junit.runners.model.FrameworkMethod.invokeExplosively(FrameworkMethod.java:47)
	at org.junit.internal.runners.statements.InvokeMethod.evaluate(InvokeMethod.java:17)
	at org.junit.runners.ParentRunner.runLeaf(ParentRunner.java:325)
	at org.junit.runners.BlockJUnit4ClassRunner.runChild(BlockJUnit4ClassRunner.java:78)
	at org.junit.runners.BlockJUnit4ClassRunner.runChild(BlockJUnit4ClassRunner.java:57)
	at org.junit.runners.ParentRunner$3.run(ParentRunner.java:290)
	at org.junit.runners.ParentRunner$1.schedule(ParentRunner.java:71)
	at org.junit.runners.ParentRunner.runChildren(ParentRunner.java:288)
	at org.junit.runners.ParentRunner.access$000(ParentRunner.java:58)
	at org.junit.runners.ParentRunner$2.evaluate(ParentRunner.java:268)
	at org.junit.runners.ParentRunner.run(ParentRunner.java:363)
	at org.junit.runners.Suite.runChild(Suite.java:128)
	at org.junit.runners.Suite.runChild(Suite.java:27)
	at org.junit.runners.ParentRunner$3.run(ParentRunner.java:290)
	at org.junit.runners.ParentRunner$1.schedule(ParentRunner.java:71)
	at org.junit.runners.ParentRunner.runChildren(ParentRunner.java:288)
	at org.junit.runners.ParentRunner.access$000(ParentRunner.java:58)
	at org.junit.runners.ParentRunner$2.evaluate(ParentRunner.java:268)
	at org.junit.runners.ParentRunner.run(ParentRunner.java:363)
	at org.junit.runner.JUnitCore.run(JUnitCore.java:137)
	at org.junit.runner.JUnitCore.run(JUnitCore.java:115)
	at org.junit.runner.JUnitCore.runMain(JUnitCore.java:77)
	at org.junit.runner.JUnitCore.main(JUnitCore.java:36)
2) handlesControlCharactersAfterTagName(org.jsoup.safety.CleanerTest)
java.lang.IllegalArgumentException: String must not be empty
	at org.jsoup.helper.Validate.notEmpty(Validate.java:92)
	at org.jsoup.nodes.Attribute.<init>(Attribute.java:35)
	at org.jsoup.nodes.BooleanAttribute.<init>(BooleanAttribute.java:12)
	at org.jsoup.parser.Token$Tag.newAttribute(Token.java:114)
	at org.jsoup.parser.Token$Tag.finaliseTag(Token.java:128)
	at org.jsoup.parser.Tokeniser.emitTagPending(Tokeniser.java:206)
	at org.jsoup.parser.TokeniserState$35.read(TokeniserState.java:614)
	at org.jsoup.parser.Tokeniser.read(Tokeniser.java:50)
	at org.jsoup.parser.TreeBuilder.runParser(TreeBuilder.java:49)
	at org.jsoup.parser.HtmlTreeBuilder.parseFragment(HtmlTreeBuilder.java:103)
	at org.jsoup.parser.Parser.parseFragment(Parser.java:115)
	at org.jsoup.parser.Parser.parseBodyFragment(Parser.java:157)
	at org.jsoup.Jsoup.parseBodyFragment(Jsoup.java:148)
	at org.jsoup.Jsoup.clean(Jsoup.java:198)
	at org.jsoup.Jsoup.clean(Jsoup.java:215)
	at org.jsoup.safety.CleanerTest.handlesControlCharactersAfterTagName(CleanerTest.java:283)
	at sun.reflect.NativeMethodAccessorImpl.invoke0(Native Method)
	at sun.reflect.NativeMethodAccessorImpl.invoke(NativeMethodAccessorImpl.java:62)
	at sun.reflect.DelegatingMethodAccessorImpl.invoke(DelegatingMethodAccessorImpl.java:43)
	at java.lang.reflect.Method.invoke(Method.java:498)
	at org.junit.runners.model.FrameworkMethod$1.runReflectiveCall(FrameworkMethod.java:50)
	at org.junit.internal.runners.model.ReflectiveCallable.run(ReflectiveCallable.java:12)
	at org.junit.runners.model.FrameworkMethod.invokeExplosively(FrameworkMethod.java:47)
	at org.junit.internal.runners.statements.InvokeMethod.evaluate(InvokeMethod.java:17)
	at org.junit.runners.ParentRunner.runLeaf(ParentRunner.java:325)
	at org.junit.runners.BlockJUnit4ClassRunner.runChild(BlockJUnit4ClassRunner.java:78)
	at org.junit.runners.BlockJUnit4ClassRunner.runChild(BlockJUnit4ClassRunner.java:57)
	at org.junit.runners.ParentRunner$3.run(ParentRunner.java:290)
	at org.junit.runners.ParentRunner$1.schedule(ParentRunner.java:71)
	at org.junit.runners.ParentRunner.runChildren(ParentRunner.java:288)
	at org.junit.runners.ParentRunner.access$000(ParentRunner.java:58)
	at org.junit.runners.ParentRunner$2.evaluate(ParentRunner.java:268)
	at org.junit.runners.ParentRunner.run(ParentRunner.java:363)
	at org.junit.runners.Suite.runChild(Suite.java:128)
	at org.junit.runners.Suite.runChild(Suite.java:27)
	at org.junit.runners.ParentRunner$3.run(ParentRunner.java:290)
	at org.junit.runners.ParentRunner$1.schedule(ParentRunner.java:71)
	at org.junit.runners.ParentRunner.runChildren(ParentRunner.java:288)
	at org.junit.runners.ParentRunner.access$000(ParentRunner.java:58)
	at org.junit.runners.ParentRunner$2.evaluate(ParentRunner.java:268)
	at org.junit.runners.ParentRunner.run(ParentRunner.java:363)
	at org.junit.runner.JUnitCore.run(JUnitCore.java:137)
	at org.junit.runner.JUnitCore.run(JUnitCore.java:115)
	at org.junit.runner.JUnitCore.runMain(JUnitCore.java:77)
	at org.junit.runner.JUnitCore.main(JUnitCore.java:36)

FAILURES!!!
Tests run: 520,  Failures: 2


real	0m0.696s
user	0m1.943s
sys	0m0.134s
