JUnit version 4.12
........................................................................................................................................................................................................................................................................................................................................................................................................................................................................................................E...........................................................................................................................................................................................................................................................................................................................................................................................................................................................................................................................................................................................................................................................................................................................................................................................................................................................................................................................................................................................................................................................................................................................
Time: 6.609
There was 1 failure:
1) testcharSequenceKeyMap(com.fasterxml.jackson.databind.deser.TestMapDeserialization)
com.fasterxml.jackson.databind.JsonMappingException: Can not find a (Map) Key deserializer for type [simple type, class java.lang.CharSequence]
 at [Source: {"a":"b"}; line: 1, column: 1]
	at com.fasterxml.jackson.databind.JsonMappingException.from(JsonMappingException.java:284)
	at com.fasterxml.jackson.databind.deser.DeserializerCache._handleUnknownKeyDeserializer(DeserializerCache.java:587)
	at com.fasterxml.jackson.databind.deser.DeserializerCache.findKeyDeserializer(DeserializerCache.java:168)
	at com.fasterxml.jackson.databind.DeserializationContext.findKeyDeserializer(DeserializationContext.java:500)
	at com.fasterxml.jackson.databind.deser.std.MapDeserializer.createContextual(MapDeserializer.java:231)
	at com.fasterxml.jackson.databind.DeserializationContext.handleSecondaryContextualization(DeserializationContext.java:685)
	at com.fasterxml.jackson.databind.DeserializationContext.findRootValueDeserializer(DeserializationContext.java:482)
	at com.fasterxml.jackson.databind.ObjectMapper._findRootDeserializer(ObjectMapper.java:3908)
	at com.fasterxml.jackson.databind.ObjectMapper._readMapAndClose(ObjectMapper.java:3803)
	at com.fasterxml.jackson.databind.ObjectMapper.readValue(ObjectMapper.java:2816)
	at com.fasterxml.jackson.databind.deser.TestMapDeserialization.testcharSequenceKeyMap(TestMapDeserialization.java:507)
	at sun.reflect.NativeMethodAccessorImpl.invoke0(Native Method)
	at sun.reflect.NativeMethodAccessorImpl.invoke(NativeMethodAccessorImpl.java:62)
	at sun.reflect.DelegatingMethodAccessorImpl.invoke(DelegatingMethodAccessorImpl.java:43)
	at java.lang.reflect.Method.invoke(Method.java:498)
	at junit.framework.TestCase.runTest(TestCase.java:176)
	at junit.framework.TestCase.runBare(TestCase.java:141)
	at junit.framework.TestResult$1.protect(TestResult.java:122)
	at junit.framework.TestResult.runProtected(TestResult.java:142)
	at junit.framework.TestResult.run(TestResult.java:125)
	at junit.framework.TestCase.run(TestCase.java:129)
	at junit.framework.TestSuite.runTest(TestSuite.java:252)
	at junit.framework.TestSuite.run(TestSuite.java:247)
	at org.junit.internal.runners.JUnit38ClassRunner.run(JUnit38ClassRunner.java:86)
	at org.junit.runners.Suite.runChild(Suite.java:128)
	at org.junit.runners.Suite.runChild(Suite.java:27)
	at org.junit.runners.ParentRunner$3.run(ParentRunner.java:290)
	at org.junit.runners.ParentRunner$1.schedule(ParentRunner.java:71)
	at org.junit.runners.ParentRunner.runChildren(ParentRunner.java:288)
	at org.junit.runners.ParentRunner.access$000(ParentRunner.java:58)
	at org.junit.runners.ParentRunner$2.evaluate(ParentRunner.java:268)
	at org.junit.runners.ParentRunner.run(ParentRunner.java:363)
	at org.junit.runner.JUnitCore.run(JUnitCore.java:137)
	at org.junit.runner.JUnitCore.run(JUnitCore.java:115)
	at org.junit.runner.JUnitCore.runMain(JUnitCore.java:77)
	at org.junit.runner.JUnitCore.main(JUnitCore.java:36)

FAILURES!!!
Tests run: 1571,  Failures: 1


real	0m8.284s
user	0m20.419s
sys	0m1.618s
