JUnit version 4.12
Properties file org/powermock/default.properties is found in 4 places: 
ConfigurationSource{location='file:/ppgsi/defects4j/framework/projects/JacksonDatabind/lib/org/powermock/powermock-core/1.7.3/powermock-core-1.7.3.jar!/org/powermock/default.properties}
ConfigurationSource{location='file:/ppgsi/defects4j/framework/projects/JacksonDatabind/lib/org/powermock/powermock-core/1.7.4/powermock-core-1.7.4.jar!/org/powermock/default.properties}
ConfigurationSource{location='file:/ppgsi/defects4j/framework/projects/JacksonDatabind/lib/org/powermock/powermock-core/2.0.0-beta.5/powermock-core-2.0.0-beta.5.jar!/org/powermock/default.properties}
ConfigurationSource{location='file:/ppgsi/defects4j/framework/projects/JacksonDatabind/lib/org/powermock/powermock-core/2.0.0/powermock-core-2.0.0.jar!/org/powermock/default.properties}. Which one will be used is undefined. Please, remove duplicated configuration file (or second PowerMock jar file) from class path to have stable tests.Properties file org/powermock/default.properties is found in 4 places: 
ConfigurationSource{location='file:/ppgsi/defects4j/framework/projects/JacksonDatabind/lib/org/powermock/powermock-core/1.7.3/powermock-core-1.7.3.jar!/org/powermock/default.properties}
ConfigurationSource{location='file:/ppgsi/defects4j/framework/projects/JacksonDatabind/lib/org/powermock/powermock-core/1.7.4/powermock-core-1.7.4.jar!/org/powermock/default.properties}
ConfigurationSource{location='file:/ppgsi/defects4j/framework/projects/JacksonDatabind/lib/org/powermock/powermock-core/2.0.0-beta.5/powermock-core-2.0.0-beta.5.jar!/org/powermock/default.properties}
ConfigurationSource{location='file:/ppgsi/defects4j/framework/projects/JacksonDatabind/lib/org/powermock/powermock-core/2.0.0/powermock-core-2.0.0.jar!/org/powermock/default.properties}. Which one will be used is undefined. Please, remove duplicated configuration file (or second PowerMock jar file) from class path to have stable tests.......................................................................................................................................................................................................................................................................................................................................................................................................................................................................................................................................................................................................................................................................................................................................................................................................................................................................................................................................................................................................................................................................................................................................................................................................................................................................................E...........................................................................................................................................................................................................................................................................................................................................................................................................................................................................................................................................................................................................................................................................................................................................................................................................................................................................................................................
Time: 7.926
There was 1 failure:
1) testExample(com.fasterxml.jackson.databind.jsontype.ext.ExternalTypeIdWithEnum1328Test)
com.fasterxml.jackson.databind.exc.InvalidDefinitionException: Cannot construct instance of `com.fasterxml.jackson.databind.jsontype.ext.ExternalTypeIdWithEnum1328Test$AnimalAndType`, problem: argument type mismatch
 at [Source: (String)"[ {
  "type" : "Dog",
  "animal" : {
    "dogStuff" : null
  }
} ]"; line: 6, column: 1] (through reference chain: java.util.ArrayList[0])
	at com.fasterxml.jackson.databind.exc.InvalidDefinitionException.from(InvalidDefinitionException.java:67)
	at com.fasterxml.jackson.databind.DeserializationContext.instantiationException(DeserializationContext.java:1601)
	at com.fasterxml.jackson.databind.deser.std.StdValueInstantiator.wrapAsJsonMappingException(StdValueInstantiator.java:484)
	at com.fasterxml.jackson.databind.deser.std.StdValueInstantiator.rewrapCtorProblem(StdValueInstantiator.java:503)
	at com.fasterxml.jackson.databind.deser.std.StdValueInstantiator.createFromObjectWith(StdValueInstantiator.java:285)
	at com.fasterxml.jackson.databind.deser.ValueInstantiator.createFromObjectWith(ValueInstantiator.java:229)
	at com.fasterxml.jackson.databind.deser.impl.PropertyBasedCreator.build(PropertyBasedCreator.java:195)
	at com.fasterxml.jackson.databind.deser.impl.ExternalTypeHandler.complete(ExternalTypeHandler.java:302)
	at com.fasterxml.jackson.databind.deser.BeanDeserializer.deserializeUsingPropertyBasedWithExternalTypeId(BeanDeserializer.java:994)
	at com.fasterxml.jackson.databind.deser.BeanDeserializer.deserializeWithExternalTypeId(BeanDeserializer.java:846)
	at com.fasterxml.jackson.databind.deser.BeanDeserializer.deserializeFromObject(BeanDeserializer.java:324)
	at com.fasterxml.jackson.databind.deser.BeanDeserializer.deserialize(BeanDeserializer.java:159)
	at com.fasterxml.jackson.databind.deser.std.CollectionDeserializer.deserialize(CollectionDeserializer.java:286)
	at com.fasterxml.jackson.databind.deser.std.CollectionDeserializer.deserialize(CollectionDeserializer.java:245)
	at com.fasterxml.jackson.databind.deser.std.CollectionDeserializer.deserialize(CollectionDeserializer.java:27)
	at com.fasterxml.jackson.databind.ObjectReader._bindAndClose(ObjectReader.java:1611)
	at com.fasterxml.jackson.databind.ObjectReader.readValue(ObjectReader.java:1219)
	at com.fasterxml.jackson.databind.jsontype.ext.ExternalTypeIdWithEnum1328Test.testExample(ExternalTypeIdWithEnum1328Test.java:87)
	at sun.reflect.NativeMethodAccessorImpl.invoke0(Native Method)
	at sun.reflect.NativeMethodAccessorImpl.invoke(NativeMethodAccessorImpl.java:62)
	at sun.reflect.DelegatingMethodAccessorImpl.invoke(DelegatingMethodAccessorImpl.java:43)
	at java.lang.reflect.Method.invoke(Method.java:498)
	at junit.framework.TestCase.runTest(TestCase.java:176)
	at junit.framework.TestCase.runBare(TestCase.java:141)
	at junit.framework.TestResult$1.protect(TestResult.java:122)
	at junit.framework.TestResult.runProtected(TestResult.java:142)
	at junit.framework.TestResult.run(TestResult.java:125)
	at junit.framework.TestCase.run(TestCase.java:129)
	at junit.framework.TestSuite.runTest(TestSuite.java:252)
	at junit.framework.TestSuite.run(TestSuite.java:247)
	at org.junit.internal.runners.JUnit38ClassRunner.run(JUnit38ClassRunner.java:86)
	at org.junit.runners.Suite.runChild(Suite.java:128)
	at org.junit.runners.Suite.runChild(Suite.java:27)
	at org.junit.runners.ParentRunner$3.run(ParentRunner.java:290)
	at org.junit.runners.ParentRunner$1.schedule(ParentRunner.java:71)
	at org.junit.runners.ParentRunner.runChildren(ParentRunner.java:288)
	at org.junit.runners.ParentRunner.access$000(ParentRunner.java:58)
	at org.junit.runners.ParentRunner$2.evaluate(ParentRunner.java:268)
	at org.junit.runners.ParentRunner.run(ParentRunner.java:363)
	at org.junit.runner.JUnitCore.run(JUnitCore.java:137)
	at org.junit.runner.JUnitCore.run(JUnitCore.java:115)
	at org.junit.runner.JUnitCore.runMain(JUnitCore.java:77)
	at org.junit.runner.JUnitCore.main(JUnitCore.java:36)
Caused by: java.lang.IllegalArgumentException: argument type mismatch
	at sun.reflect.NativeConstructorAccessorImpl.newInstance0(Native Method)
	at sun.reflect.NativeConstructorAccessorImpl.newInstance(NativeConstructorAccessorImpl.java:62)
	at sun.reflect.DelegatingConstructorAccessorImpl.newInstance(DelegatingConstructorAccessorImpl.java:45)
	at java.lang.reflect.Constructor.newInstance(Constructor.java:423)
	at com.fasterxml.jackson.databind.introspect.AnnotatedConstructor.call(AnnotatedConstructor.java:124)
	at com.fasterxml.jackson.databind.deser.std.StdValueInstantiator.createFromObjectWith(StdValueInstantiator.java:283)
	... 38 more

FAILURES!!!
Tests run: 2129,  Failures: 1


real	0m9.737s
user	0m25.319s
sys	0m2.243s
