JUnit version 4.11
....................................................................................................................................................................................................................................................................................................................................................................................................................................................................................................................................................................................................................................................................................................................................................................E.............................................................................................................................................................................................................................................................................................................................................................................................................................................................................................................................................................................................................................................................................................................................................
Time: 6.488
There was 1 failure:
1) testInverseExternalId928(com.fasterxml.jackson.databind.jsontype.TestExternalId)
java.lang.IllegalStateException: No fallback setter/field defined: can not use creator property for com.fasterxml.jackson.databind.deser.CreatorProperty
	at com.fasterxml.jackson.databind.deser.CreatorProperty.set(CreatorProperty.java:198)
	at com.fasterxml.jackson.databind.deser.CreatorProperty.deserializeAndSet(CreatorProperty.java:180)
	at com.fasterxml.jackson.databind.deser.impl.ExternalTypeHandler._deserializeAndSet(ExternalTypeHandler.java:253)
	at com.fasterxml.jackson.databind.deser.impl.ExternalTypeHandler.handlePropertyValue(ExternalTypeHandler.java:119)
	at com.fasterxml.jackson.databind.deser.BeanDeserializer.deserializeUsingPropertyBasedWithExternalTypeId(BeanDeserializer.java:794)
	at com.fasterxml.jackson.databind.deser.BeanDeserializer.deserializeWithExternalTypeId(BeanDeserializer.java:716)
	at com.fasterxml.jackson.databind.deser.BeanDeserializer.deserializeFromObject(BeanDeserializer.java:292)
	at com.fasterxml.jackson.databind.deser.BeanDeserializer.deserialize(BeanDeserializer.java:131)
	at com.fasterxml.jackson.databind.ObjectMapper._readMapAndClose(ObjectMapper.java:3731)
	at com.fasterxml.jackson.databind.ObjectMapper.readValue(ObjectMapper.java:2724)
	at com.fasterxml.jackson.databind.jsontype.TestExternalId.testInverseExternalId928(TestExternalId.java:495)
	at sun.reflect.NativeMethodAccessorImpl.invoke0(Native Method)
	at sun.reflect.NativeMethodAccessorImpl.invoke(NativeMethodAccessorImpl.java:62)
	at sun.reflect.DelegatingMethodAccessorImpl.invoke(DelegatingMethodAccessorImpl.java:43)
	at java.lang.reflect.Method.invoke(Method.java:498)
	at junit.framework.TestCase.runTest(TestCase.java:176)
	at junit.framework.TestCase.runBare(TestCase.java:141)
	at junit.framework.TestResult$1.protect(TestResult.java:122)
	at junit.framework.TestResult.runProtected(TestResult.java:142)
	at junit.framework.TestResult.run(TestResult.java:125)
	at junit.framework.TestCase.run(TestCase.java:129)
	at junit.framework.TestSuite.runTest(TestSuite.java:255)
	at junit.framework.TestSuite.run(TestSuite.java:250)
	at org.junit.internal.runners.JUnit38ClassRunner.run(JUnit38ClassRunner.java:84)
	at org.junit.runners.Suite.runChild(Suite.java:127)
	at org.junit.runners.Suite.runChild(Suite.java:26)
	at org.junit.runners.ParentRunner$3.run(ParentRunner.java:238)
	at org.junit.runners.ParentRunner$1.schedule(ParentRunner.java:63)
	at org.junit.runners.ParentRunner.runChildren(ParentRunner.java:236)
	at org.junit.runners.ParentRunner.access$000(ParentRunner.java:53)
	at org.junit.runners.ParentRunner$2.evaluate(ParentRunner.java:229)
	at org.junit.runners.ParentRunner.run(ParentRunner.java:309)
	at org.junit.runner.JUnitCore.run(JUnitCore.java:160)
	at org.junit.runner.JUnitCore.run(JUnitCore.java:138)
	at org.junit.runner.JUnitCore.run(JUnitCore.java:117)
	at org.junit.runner.JUnitCore.runMain(JUnitCore.java:96)
	at org.junit.runner.JUnitCore.runMainAndExit(JUnitCore.java:47)
	at org.junit.runner.JUnitCore.main(JUnitCore.java:40)

FAILURES!!!
Tests run: 1457,  Failures: 1


real	0m8.193s
user	0m20.084s
sys	0m1.511s
