JUnit version 4.11
...................................................................................................................................................................................................................................................................................................................................................................................................................................................................................................................................................................................................................................E.............................................................................................................................................................................................................................................................................................................................................................................................................................................................................................................................................................................................................................................................................................................................................................................
Time: 5.212
There was 1 failure:
1) testNamingWithObjectNode(com.fasterxml.jackson.databind.introspect.TestNamingStrategyStd)
com.fasterxml.jackson.databind.JsonMappingException: Conflicting setter definitions for property "all": com.fasterxml.jackson.databind.node.ObjectNode#setAll(1 params) vs com.fasterxml.jackson.databind.node.ObjectNode#setAll(1 params)
	at com.fasterxml.jackson.databind.deser.DeserializerCache._createAndCache2(DeserializerCache.java:270)
	at com.fasterxml.jackson.databind.deser.DeserializerCache._createAndCacheValueDeserializer(DeserializerCache.java:245)
	at com.fasterxml.jackson.databind.deser.DeserializerCache.findValueDeserializer(DeserializerCache.java:143)
	at com.fasterxml.jackson.databind.DeserializationContext.findContextualValueDeserializer(DeserializationContext.java:406)
	at com.fasterxml.jackson.databind.deser.std.StdDeserializer.findDeserializer(StdDeserializer.java:882)
	at com.fasterxml.jackson.databind.deser.BeanDeserializerBase.resolve(BeanDeserializerBase.java:436)
	at com.fasterxml.jackson.databind.deser.DeserializerCache._createAndCache2(DeserializerCache.java:297)
	at com.fasterxml.jackson.databind.deser.DeserializerCache._createAndCacheValueDeserializer(DeserializerCache.java:245)
	at com.fasterxml.jackson.databind.deser.DeserializerCache.findValueDeserializer(DeserializerCache.java:143)
	at com.fasterxml.jackson.databind.DeserializationContext.findRootValueDeserializer(DeserializationContext.java:439)
	at com.fasterxml.jackson.databind.ObjectMapper._findRootDeserializer(ObjectMapper.java:3668)
	at com.fasterxml.jackson.databind.ObjectMapper._readMapAndClose(ObjectMapper.java:3560)
	at com.fasterxml.jackson.databind.ObjectMapper.readValue(ObjectMapper.java:2580)
	at com.fasterxml.jackson.databind.introspect.TestNamingStrategyStd.testNamingWithObjectNode(TestNamingStrategyStd.java:309)
	at sun.reflect.NativeMethodAccessorImpl.invoke0(Native Method)
	at sun.reflect.NativeMethodAccessorImpl.invoke(NativeMethodAccessorImpl.java:62)
	at sun.reflect.DelegatingMethodAccessorImpl.invoke(DelegatingMethodAccessorImpl.java:43)
	at java.lang.reflect.Method.invoke(Method.java:498)
	at junit.framework.TestCase.runTest(TestCase.java:176)
	at junit.framework.TestCase.runBare(TestCase.java:141)
	at junit.framework.TestResult$1.protect(TestResult.java:122)
	at junit.framework.TestResult.runProtected(TestResult.java:142)
	at junit.framework.TestResult.run(TestResult.java:125)
	at junit.framework.TestCase.run(TestCase.java:129)
	at junit.framework.TestSuite.runTest(TestSuite.java:255)
	at junit.framework.TestSuite.run(TestSuite.java:250)
	at org.junit.internal.runners.JUnit38ClassRunner.run(JUnit38ClassRunner.java:84)
	at org.junit.runners.Suite.runChild(Suite.java:127)
	at org.junit.runners.Suite.runChild(Suite.java:26)
	at org.junit.runners.ParentRunner$3.run(ParentRunner.java:238)
	at org.junit.runners.ParentRunner$1.schedule(ParentRunner.java:63)
	at org.junit.runners.ParentRunner.runChildren(ParentRunner.java:236)
	at org.junit.runners.ParentRunner.access$000(ParentRunner.java:53)
	at org.junit.runners.ParentRunner$2.evaluate(ParentRunner.java:229)
	at org.junit.runners.ParentRunner.run(ParentRunner.java:309)
	at org.junit.runner.JUnitCore.run(JUnitCore.java:160)
	at org.junit.runner.JUnitCore.run(JUnitCore.java:138)
	at org.junit.runner.JUnitCore.run(JUnitCore.java:117)
	at org.junit.runner.JUnitCore.runMain(JUnitCore.java:96)
	at org.junit.runner.JUnitCore.runMainAndExit(JUnitCore.java:47)
	at org.junit.runner.JUnitCore.main(JUnitCore.java:40)
Caused by: java.lang.IllegalArgumentException: Conflicting setter definitions for property "all": com.fasterxml.jackson.databind.node.ObjectNode#setAll(1 params) vs com.fasterxml.jackson.databind.node.ObjectNode#setAll(1 params)
	at com.fasterxml.jackson.databind.introspect.POJOPropertyBuilder.getSetter(POJOPropertyBuilder.java:293)
	at com.fasterxml.jackson.databind.introspect.POJOPropertiesCollector._renameUsing(POJOPropertiesCollector.java:808)
	at com.fasterxml.jackson.databind.introspect.POJOPropertiesCollector.collect(POJOPropertiesCollector.java:256)
	at com.fasterxml.jackson.databind.introspect.BasicClassIntrospector.collectProperties(BasicClassIntrospector.java:197)
	at com.fasterxml.jackson.databind.introspect.BasicClassIntrospector.forDeserialization(BasicClassIntrospector.java:110)
	at com.fasterxml.jackson.databind.introspect.BasicClassIntrospector.forDeserialization(BasicClassIntrospector.java:15)
	at com.fasterxml.jackson.databind.DeserializationConfig.introspect(DeserializationConfig.java:703)
	at com.fasterxml.jackson.databind.deser.DeserializerCache._createDeserializer(DeserializerCache.java:330)
	at com.fasterxml.jackson.databind.deser.DeserializerCache._createAndCache2(DeserializerCache.java:265)
	... 40 more

FAILURES!!!
Tests run: 1360,  Failures: 1


real	0m5.984s
user	0m12.264s
sys	0m0.415s
