JUnit version 4.12
............................................................................................................................................................................................................................................................................................................................................................................................................................................................................................................................................................................................................................................................................................................................................................................................................................................................................................................................................................................................................................................................................................................................................................................................................................................................................................................................................E....................E................................................................................................................................................................................................................................................
Time: 6.778
There were 2 failures:
1) testBrokenAnnotation(com.fasterxml.jackson.databind.ser.TestJsonSerialize)
junit.framework.AssertionFailedError: Expected an exception with one of substrings ([types not related]): got one with message "Failed to widen type [simple type, class java.lang.Long] with annotation (value java.lang.String), from 'getValue': Class java.lang.String not a super-type of [simple type, class java.lang.Long]"
	at junit.framework.Assert.fail(Assert.java:57)
	at junit.framework.TestCase.fail(TestCase.java:227)
	at com.fasterxml.jackson.databind.BaseTest.verifyException(BaseTest.java:368)
	at com.fasterxml.jackson.databind.ser.TestJsonSerialize.testBrokenAnnotation(TestJsonSerialize.java:152)
	at sun.reflect.NativeMethodAccessorImpl.invoke0(Native Method)
	at sun.reflect.NativeMethodAccessorImpl.invoke(NativeMethodAccessorImpl.java:62)
	at sun.reflect.DelegatingMethodAccessorImpl.invoke(DelegatingMethodAccessorImpl.java:43)
	at java.lang.reflect.Method.invoke(Method.java:498)
	at junit.framework.TestCase.runTest(TestCase.java:176)
	at junit.framework.TestCase.runBare(TestCase.java:141)
	at junit.framework.TestResult$1.protect(TestResult.java:122)
	at junit.framework.TestResult.runProtected(TestResult.java:142)
	at junit.framework.TestResult.run(TestResult.java:125)
	at junit.framework.TestCase.run(TestCase.java:129)
	at junit.framework.TestSuite.runTest(TestSuite.java:252)
	at junit.framework.TestSuite.run(TestSuite.java:247)
	at org.junit.internal.runners.JUnit38ClassRunner.run(JUnit38ClassRunner.java:86)
	at org.junit.runners.Suite.runChild(Suite.java:128)
	at org.junit.runners.Suite.runChild(Suite.java:27)
	at org.junit.runners.ParentRunner$3.run(ParentRunner.java:290)
	at org.junit.runners.ParentRunner$1.schedule(ParentRunner.java:71)
	at org.junit.runners.ParentRunner.runChildren(ParentRunner.java:288)
	at org.junit.runners.ParentRunner.access$000(ParentRunner.java:58)
	at org.junit.runners.ParentRunner$2.evaluate(ParentRunner.java:268)
	at org.junit.runners.ParentRunner.run(ParentRunner.java:363)
	at org.junit.runner.JUnitCore.run(JUnitCore.java:137)
	at org.junit.runner.JUnitCore.run(JUnitCore.java:115)
	at org.junit.runner.JUnitCore.runMain(JUnitCore.java:77)
	at org.junit.runner.JUnitCore.main(JUnitCore.java:36)
2) testSpecializedAsIntermediate(com.fasterxml.jackson.databind.ser.TestJsonSerializeAs)
com.fasterxml.jackson.databind.JsonMappingException: Failed to widen type [simple type, class com.fasterxml.jackson.databind.ser.TestJsonSerializeAs$Bean1178Base] with annotation (value com.fasterxml.jackson.databind.ser.TestJsonSerializeAs$Bean1178Abstract), from 'value': Class com.fasterxml.jackson.databind.ser.TestJsonSerializeAs$Bean1178Abstract not a super-type of [simple type, class com.fasterxml.jackson.databind.ser.TestJsonSerializeAs$Bean1178Base]
	at com.fasterxml.jackson.databind.AnnotationIntrospector.refineSerializationType(AnnotationIntrospector.java:821)
	at com.fasterxml.jackson.databind.ser.PropertyBuilder.findSerializationType(PropertyBuilder.java:194)
	at com.fasterxml.jackson.databind.ser.PropertyBuilder.buildWriter(PropertyBuilder.java:73)
	at com.fasterxml.jackson.databind.ser.BeanSerializerFactory._constructWriter(BeanSerializerFactory.java:805)
	at com.fasterxml.jackson.databind.ser.BeanSerializerFactory.findBeanProperties(BeanSerializerFactory.java:610)
	at com.fasterxml.jackson.databind.ser.BeanSerializerFactory.constructBeanSerializer(BeanSerializerFactory.java:388)
	at com.fasterxml.jackson.databind.ser.BeanSerializerFactory.findBeanSerializer(BeanSerializerFactory.java:271)
	at com.fasterxml.jackson.databind.ser.BeanSerializerFactory._createSerializer2(BeanSerializerFactory.java:223)
	at com.fasterxml.jackson.databind.ser.BeanSerializerFactory.createSerializer(BeanSerializerFactory.java:157)
	at com.fasterxml.jackson.databind.SerializerProvider._createUntypedSerializer(SerializerProvider.java:1215)
	at com.fasterxml.jackson.databind.SerializerProvider._createAndCacheUntypedSerializer(SerializerProvider.java:1167)
	at com.fasterxml.jackson.databind.SerializerProvider.findValueSerializer(SerializerProvider.java:490)
	at com.fasterxml.jackson.databind.SerializerProvider.findTypedValueSerializer(SerializerProvider.java:688)
	at com.fasterxml.jackson.databind.ser.DefaultSerializerProvider.serializeValue(DefaultSerializerProvider.java:107)
	at com.fasterxml.jackson.databind.ObjectWriter$Prefetch.serialize(ObjectWriter.java:1428)
	at com.fasterxml.jackson.databind.ObjectWriter._configAndWriteValue(ObjectWriter.java:1129)
	at com.fasterxml.jackson.databind.ObjectWriter.writeValueAsString(ObjectWriter.java:1001)
	at com.fasterxml.jackson.databind.ser.TestJsonSerializeAs.testSpecializedAsIntermediate(TestJsonSerializeAs.java:118)
	at sun.reflect.NativeMethodAccessorImpl.invoke0(Native Method)
	at sun.reflect.NativeMethodAccessorImpl.invoke(NativeMethodAccessorImpl.java:62)
	at sun.reflect.DelegatingMethodAccessorImpl.invoke(DelegatingMethodAccessorImpl.java:43)
	at java.lang.reflect.Method.invoke(Method.java:498)
	at junit.framework.TestCase.runTest(TestCase.java:176)
	at junit.framework.TestCase.runBare(TestCase.java:141)
	at junit.framework.TestResult$1.protect(TestResult.java:122)
	at junit.framework.TestResult.runProtected(TestResult.java:142)
	at junit.framework.TestResult.run(TestResult.java:125)
	at junit.framework.TestCase.run(TestCase.java:129)
	at junit.framework.TestSuite.runTest(TestSuite.java:252)
	at junit.framework.TestSuite.run(TestSuite.java:247)
	at org.junit.internal.runners.JUnit38ClassRunner.run(JUnit38ClassRunner.java:86)
	at org.junit.runners.Suite.runChild(Suite.java:128)
	at org.junit.runners.Suite.runChild(Suite.java:27)
	at org.junit.runners.ParentRunner$3.run(ParentRunner.java:290)
	at org.junit.runners.ParentRunner$1.schedule(ParentRunner.java:71)
	at org.junit.runners.ParentRunner.runChildren(ParentRunner.java:288)
	at org.junit.runners.ParentRunner.access$000(ParentRunner.java:58)
	at org.junit.runners.ParentRunner$2.evaluate(ParentRunner.java:268)
	at org.junit.runners.ParentRunner.run(ParentRunner.java:363)
	at org.junit.runner.JUnitCore.run(JUnitCore.java:137)
	at org.junit.runner.JUnitCore.run(JUnitCore.java:115)
	at org.junit.runner.JUnitCore.runMain(JUnitCore.java:77)
	at org.junit.runner.JUnitCore.main(JUnitCore.java:36)
Caused by: java.lang.IllegalArgumentException: Class com.fasterxml.jackson.databind.ser.TestJsonSerializeAs$Bean1178Abstract not a super-type of [simple type, class com.fasterxml.jackson.databind.ser.TestJsonSerializeAs$Bean1178Base]
	at com.fasterxml.jackson.databind.type.TypeFactory.constructGeneralizedType(TypeFactory.java:482)
	at com.fasterxml.jackson.databind.AnnotationIntrospector.refineSerializationType(AnnotationIntrospector.java:819)
	... 42 more

FAILURES!!!
Tests run: 1552,  Failures: 2


real	0m8.653s
user	0m21.267s
sys	0m1.784s
