JUnit version 4.12
................................................................................................................................................................................................................................................................................................................................................................................................................................................................................................................................................................................................................................................................................................................................................................................................................................................................................................................................................................................................................................................................E.....................................................................................................................................................................................................................................................................................................................................................................................................................................................................................................................................................................................................................................................................
Time: 6.769
There was 1 failure:
1) testCustomEnumValueAndKeyViaModifier(com.fasterxml.jackson.databind.module.TestCustomEnumKeyDeserializer)
com.fasterxml.jackson.databind.exc.InvalidFormatException: Can not deserialize Map key of type com.fasterxml.jackson.databind.module.TestCustomEnumKeyDeserializer$KeyEnum from String "REPlaceMENTS": not a valid representation, problem: (com.fasterxml.jackson.databind.exc.InvalidFormatException) Can not deserialize Map key of type com.fasterxml.jackson.databind.module.TestCustomEnumKeyDeserializer$KeyEnum from String "REPlaceMENTS": not one of values excepted for Enum class: [rootDirectory, replacements, licenseString]
 at [Source: {"REPlaceMENTS":"foobar"}; line: 1, column: 2]
 at [Source: {"REPlaceMENTS":"foobar"}; line: 1, column: 2]
	at com.fasterxml.jackson.databind.exc.InvalidFormatException.from(InvalidFormatException.java:74)
	at com.fasterxml.jackson.databind.DeserializationContext.weirdKeyException(DeserializationContext.java:1389)
	at com.fasterxml.jackson.databind.DeserializationContext.handleWeirdKey(DeserializationContext.java:880)
	at com.fasterxml.jackson.databind.deser.std.StdKeyDeserializer.deserializeKey(StdKeyDeserializer.java:130)
	at com.fasterxml.jackson.databind.deser.std.EnumMapDeserializer.deserialize(EnumMapDeserializer.java:139)
	at com.fasterxml.jackson.databind.deser.std.EnumMapDeserializer.deserialize(EnumMapDeserializer.java:17)
	at com.fasterxml.jackson.databind.ObjectMapper._readMapAndClose(ObjectMapper.java:3798)
	at com.fasterxml.jackson.databind.ObjectMapper.readValue(ObjectMapper.java:2861)
	at com.fasterxml.jackson.databind.module.TestCustomEnumKeyDeserializer.testCustomEnumValueAndKeyViaModifier(TestCustomEnumKeyDeserializer.java:275)
	at sun.reflect.NativeMethodAccessorImpl.invoke0(Native Method)
	at sun.reflect.NativeMethodAccessorImpl.invoke(NativeMethodAccessorImpl.java:62)
	at sun.reflect.DelegatingMethodAccessorImpl.invoke(DelegatingMethodAccessorImpl.java:43)
	at java.lang.reflect.Method.invoke(Method.java:498)
	at junit.framework.TestCase.runTest(TestCase.java:176)
	at junit.framework.TestCase.runBare(TestCase.java:141)
	at junit.framework.TestResult$1.protect(TestResult.java:122)
	at junit.framework.TestResult.runProtected(TestResult.java:142)
	at junit.framework.TestResult.run(TestResult.java:125)
	at junit.framework.TestCase.run(TestCase.java:129)
	at junit.framework.TestSuite.runTest(TestSuite.java:252)
	at junit.framework.TestSuite.run(TestSuite.java:247)
	at org.junit.internal.runners.JUnit38ClassRunner.run(JUnit38ClassRunner.java:86)
	at org.junit.runners.Suite.runChild(Suite.java:128)
	at org.junit.runners.Suite.runChild(Suite.java:27)
	at org.junit.runners.ParentRunner$3.run(ParentRunner.java:290)
	at org.junit.runners.ParentRunner$1.schedule(ParentRunner.java:71)
	at org.junit.runners.ParentRunner.runChildren(ParentRunner.java:288)
	at org.junit.runners.ParentRunner.access$000(ParentRunner.java:58)
	at org.junit.runners.ParentRunner$2.evaluate(ParentRunner.java:268)
	at org.junit.runners.ParentRunner.run(ParentRunner.java:363)
	at org.junit.runner.JUnitCore.run(JUnitCore.java:137)
	at org.junit.runner.JUnitCore.run(JUnitCore.java:115)
	at org.junit.runner.JUnitCore.runMain(JUnitCore.java:77)
	at org.junit.runner.JUnitCore.main(JUnitCore.java:36)

FAILURES!!!
Tests run: 1669,  Failures: 1


real	0m8.709s
user	0m21.692s
sys	0m1.570s
