JUnit version 4.12
.................................................................................................................................................................................................................................................................................................................................................................................................................................................................................................................................................................................................................................................................................................................................................................................................................................................................................................................................................................................................................................................................................................................................................................E........................................................................................................................................................................................................................................................................................................................................................................................................................................................
Time: 6.476
There was 1 failure:
1) testRootBeans(com.fasterxml.jackson.databind.seq.ReadValuesTest)
java.io.CharConversionException: Invalid UTF-32 character 0x2261223a(above 10ffff)  at char #1, byte #7)
	at com.fasterxml.jackson.core.io.UTF32Reader.reportInvalid(UTF32Reader.java:189)
	at com.fasterxml.jackson.core.io.UTF32Reader.read(UTF32Reader.java:150)
	at com.fasterxml.jackson.core.json.ReaderBasedJsonParser.loadMore(ReaderBasedJsonParser.java:180)
	at com.fasterxml.jackson.core.json.ReaderBasedJsonParser._skipWSOrEnd(ReaderBasedJsonParser.java:2259)
	at com.fasterxml.jackson.core.json.ReaderBasedJsonParser.nextToken(ReaderBasedJsonParser.java:601)
	at com.fasterxml.jackson.databind.ObjectReader._bindAndReadValues(ObjectReader.java:1630)
	at com.fasterxml.jackson.databind.ObjectReader.readValues(ObjectReader.java:1441)
	at com.fasterxml.jackson.databind.seq.ReadValuesTest._iterator(ReadValuesTest.java:71)
	at com.fasterxml.jackson.databind.seq.ReadValuesTest._testRootBeans(ReadValuesTest.java:87)
	at com.fasterxml.jackson.databind.seq.ReadValuesTest.testRootBeans(ReadValuesTest.java:49)
	at sun.reflect.NativeMethodAccessorImpl.invoke0(Native Method)
	at sun.reflect.NativeMethodAccessorImpl.invoke(NativeMethodAccessorImpl.java:62)
	at sun.reflect.DelegatingMethodAccessorImpl.invoke(DelegatingMethodAccessorImpl.java:43)
	at java.lang.reflect.Method.invoke(Method.java:498)
	at junit.framework.TestCase.runTest(TestCase.java:176)
	at junit.framework.TestCase.runBare(TestCase.java:141)
	at junit.framework.TestResult$1.protect(TestResult.java:122)
	at junit.framework.TestResult.runProtected(TestResult.java:142)
	at junit.framework.TestResult.run(TestResult.java:125)
	at junit.framework.TestCase.run(TestCase.java:129)
	at junit.framework.TestSuite.runTest(TestSuite.java:252)
	at junit.framework.TestSuite.run(TestSuite.java:247)
	at org.junit.internal.runners.JUnit38ClassRunner.run(JUnit38ClassRunner.java:86)
	at org.junit.runners.Suite.runChild(Suite.java:128)
	at org.junit.runners.Suite.runChild(Suite.java:27)
	at org.junit.runners.ParentRunner$3.run(ParentRunner.java:290)
	at org.junit.runners.ParentRunner$1.schedule(ParentRunner.java:71)
	at org.junit.runners.ParentRunner.runChildren(ParentRunner.java:288)
	at org.junit.runners.ParentRunner.access$000(ParentRunner.java:58)
	at org.junit.runners.ParentRunner$2.evaluate(ParentRunner.java:268)
	at org.junit.runners.ParentRunner.run(ParentRunner.java:363)
	at org.junit.runner.JUnitCore.run(JUnitCore.java:137)
	at org.junit.runner.JUnitCore.run(JUnitCore.java:115)
	at org.junit.runner.JUnitCore.runMain(JUnitCore.java:77)
	at org.junit.runner.JUnitCore.main(JUnitCore.java:36)

FAILURES!!!
Tests run: 1561,  Failures: 1


real	0m8.167s
user	0m20.006s
sys	0m1.612s
