JUnit version 4.5
...................................................I............I...........................................................................................................................................................................................................................................................................................I........................................................................................................................................E.
Time: 0.48
There was 1 failure:
1) attributeWithBrackets(org.jsoup.select.SelectorTest)
org.jsoup.select.Selector$SelectorParseException: Could not parse query 'div[data='End]'': unexpected token at '''
	at org.jsoup.select.QueryParser.findElements(QueryParser.java:196)
	at org.jsoup.select.QueryParser.parse(QueryParser.java:65)
	at org.jsoup.select.QueryParser.parse(QueryParser.java:39)
	at org.jsoup.select.Selector.<init>(Selector.java:84)
	at org.jsoup.select.Selector.select(Selector.java:106)
	at org.jsoup.nodes.Element.select(Element.java:286)
	at org.jsoup.select.SelectorTest.attributeWithBrackets(SelectorTest.java:668)
	at sun.reflect.NativeMethodAccessorImpl.invoke0(Native Method)
	at sun.reflect.NativeMethodAccessorImpl.invoke(NativeMethodAccessorImpl.java:62)
	at sun.reflect.DelegatingMethodAccessorImpl.invoke(DelegatingMethodAccessorImpl.java:43)
	at java.lang.reflect.Method.invoke(Method.java:498)
	at org.junit.runners.model.FrameworkMethod$1.runReflectiveCall(FrameworkMethod.java:44)
	at org.junit.internal.runners.model.ReflectiveCallable.run(ReflectiveCallable.java:15)
	at org.junit.runners.model.FrameworkMethod.invokeExplosively(FrameworkMethod.java:41)
	at org.junit.internal.runners.statements.InvokeMethod.evaluate(InvokeMethod.java:20)
	at org.junit.internal.runners.statements.RunBefores.evaluate(RunBefores.java:28)
	at org.junit.internal.runners.statements.RunAfters.evaluate(RunAfters.java:31)
	at org.junit.runners.BlockJUnit4ClassRunner.runChild(BlockJUnit4ClassRunner.java:73)
	at org.junit.runners.BlockJUnit4ClassRunner.runChild(BlockJUnit4ClassRunner.java:46)
	at org.junit.runners.ParentRunner.runChildren(ParentRunner.java:180)
	at org.junit.runners.ParentRunner.access$000(ParentRunner.java:41)
	at org.junit.runners.ParentRunner$1.evaluate(ParentRunner.java:173)
	at org.junit.internal.runners.statements.RunBefores.evaluate(RunBefores.java:28)
	at org.junit.internal.runners.statements.RunAfters.evaluate(RunAfters.java:31)
	at org.junit.runners.ParentRunner.run(ParentRunner.java:220)
	at org.junit.runners.Suite.runChild(Suite.java:115)
	at org.junit.runners.Suite.runChild(Suite.java:23)
	at org.junit.runners.ParentRunner.runChildren(ParentRunner.java:180)
	at org.junit.runners.ParentRunner.access$000(ParentRunner.java:41)
	at org.junit.runners.ParentRunner$1.evaluate(ParentRunner.java:173)
	at org.junit.internal.runners.statements.RunBefores.evaluate(RunBefores.java:28)
	at org.junit.internal.runners.statements.RunAfters.evaluate(RunAfters.java:31)
	at org.junit.runners.ParentRunner.run(ParentRunner.java:220)
	at org.junit.runner.JUnitCore.run(JUnitCore.java:137)
	at org.junit.runner.JUnitCore.run(JUnitCore.java:116)
	at org.junit.runner.JUnitCore.run(JUnitCore.java:107)
	at org.junit.runner.JUnitCore.runMain(JUnitCore.java:88)
	at org.junit.runner.JUnitCore.runMainAndExit(JUnitCore.java:54)
	at org.junit.runner.JUnitCore.main(JUnitCore.java:46)

FAILURES!!!
Tests run: 480,  Failures: 1


real	0m0.745s
user	0m2.543s
sys	0m0.148s
