JUnit version 4.10
........................................................................................................................................................................................................................................................................................................................................................................................................................................................................................Oct 20, 2021 6:09:22 PM com.google.javascript.jscomp.LoggerErrorManager println
WARNING: foo.js:1: WARNING - 'foo.bar.goo' used but not goog.require'd
var foo = {}; var bar = new foo.bar.goo();
                        ^

Oct 20, 2021 6:09:22 PM com.google.javascript.jscomp.LoggerErrorManager printSummary
WARNING: 0 error(s), 1 warning(s)
....................................................................................................................................................................................................................................................................................................................................................................................................................................................................................................................................................................................Closure Compiler (http://code.google.com/closure/compiler)
Version: Unversioned directory
Built on: 2021/10/20 11:08
.Closure Compiler (http://code.google.com/closure/compiler)
Version: Unversioned directory
Built on: 2021/10/20 11:08
...........................................................................................................................................................................................................................................................................................................................................................................................................................................................Oct 20, 2021 6:09:45 PM com.google.javascript.jscomp.LoggerErrorManager println
WARNING: testcode:7: WARNING - Unable to determine return type for exported function internalName
internalName = function(param1) {return param1;};goog.exportSymbol('externalName', internalName)
               ^

Oct 20, 2021 6:09:45 PM com.google.javascript.jscomp.LoggerErrorManager println
WARNING: testcode:7: WARNING - Unable to determine type of parameter internalName for exported function param1
internalName = function(param1) {return param1;};goog.exportSymbol('externalName', internalName)
                        ^

Oct 20, 2021 6:09:45 PM com.google.javascript.jscomp.LoggerErrorManager printSummary
WARNING: 0 error(s), 2 warning(s), 93.3% typed
..Oct 20, 2021 6:09:51 PM com.google.javascript.jscomp.LoggerErrorManager println
WARNING: testcode:1: WARNING - Unable to determine type of parameter a.b.c for exported function d
var goog = {};goog.exportSymbol = function(a, b) {}; goog.exportProperty = function(a, b, c) {}; var a = {}; a.b = {}; a.b.c = function(d, e, f) {};goog.exportSymbol('foobar', a.b.c)
                                                                                                                                        ^

Oct 20, 2021 6:09:51 PM com.google.javascript.jscomp.LoggerErrorManager println
WARNING: testcode:1: WARNING - Unable to determine type of parameter a.b.c for exported function e
var goog = {};goog.exportSymbol = function(a, b) {}; goog.exportProperty = function(a, b, c) {}; var a = {}; a.b = {}; a.b.c = function(d, e, f) {};goog.exportSymbol('foobar', a.b.c)
                                                                                                                                           ^

Oct 20, 2021 6:09:51 PM com.google.javascript.jscomp.LoggerErrorManager println
WARNING: testcode:1: WARNING - Unable to determine type of parameter a.b.c for exported function f
var goog = {};goog.exportSymbol = function(a, b) {}; goog.exportProperty = function(a, b, c) {}; var a = {}; a.b = {}; a.b.c = function(d, e, f) {};goog.exportSymbol('foobar', a.b.c)
                                                                                                                                              ^

Oct 20, 2021 6:09:51 PM com.google.javascript.jscomp.LoggerErrorManager printSummary
WARNING: 0 error(s), 3 warning(s), 100% typed
.Oct 20, 2021 6:09:51 PM com.google.javascript.jscomp.LoggerErrorManager println
WARNING: testcode:2: WARNING - assignment to property A of enum{E}
found   : number
required: string
 @export */ var E = {A:8, B:9};goog.exportSymbol('E', E);
                     ^

Oct 20, 2021 6:09:51 PM com.google.javascript.jscomp.LoggerErrorManager println
WARNING: testcode:2: WARNING - assignment to property B of enum{E}
found   : number
required: string
 @export */ var E = {A:8, B:9};goog.exportSymbol('E', E);
                          ^

Oct 20, 2021 6:09:51 PM com.google.javascript.jscomp.LoggerErrorManager printSummary
WARNING: 0 error(s), 2 warning(s), 100% typed
.Oct 20, 2021 6:09:51 PM com.google.javascript.jscomp.LoggerErrorManager println
WARNING: testcode:1: WARNING - Unable to determine type of parameter a for exported function d
var goog = {};goog.exportSymbol = function(a, b) {}; goog.exportProperty = function(a, b, c) {}; var a = function(d, e, f) {};goog.exportSymbol('foobar', a)
                                                                                                                  ^

Oct 20, 2021 6:09:51 PM com.google.javascript.jscomp.LoggerErrorManager println
WARNING: testcode:1: WARNING - Unable to determine type of parameter a for exported function e
var goog = {};goog.exportSymbol = function(a, b) {}; goog.exportProperty = function(a, b, c) {}; var a = function(d, e, f) {};goog.exportSymbol('foobar', a)
                                                                                                                     ^

Oct 20, 2021 6:09:51 PM com.google.javascript.jscomp.LoggerErrorManager println
WARNING: testcode:1: WARNING - Unable to determine type of parameter a for exported function f
var goog = {};goog.exportSymbol = function(a, b) {}; goog.exportProperty = function(a, b, c) {}; var a = function(d, e, f) {};goog.exportSymbol('foobar', a)
                                                                                                                        ^

Oct 20, 2021 6:09:51 PM com.google.javascript.jscomp.LoggerErrorManager printSummary
WARNING: 0 error(s), 3 warning(s), 100% typed
.Oct 20, 2021 6:09:51 PM com.google.javascript.jscomp.LoggerErrorManager println
WARNING: testcode:1: WARNING - Unable to determine type of parameter a.b.c for exported function d
var goog = {};goog.exportSymbol = function(a, b) {}; goog.exportProperty = function(a, b, c) {}; var a = {}; a.b = {}; a.b.c = function(d, e, f) {};goog.exportProperty(a.b, 'cprop', a.b.c)
                                                                                                                                        ^

Oct 20, 2021 6:09:51 PM com.google.javascript.jscomp.LoggerErrorManager println
WARNING: testcode:1: WARNING - Unable to determine type of parameter a.b.c for exported function e
var goog = {};goog.exportSymbol = function(a, b) {}; goog.exportProperty = function(a, b, c) {}; var a = {}; a.b = {}; a.b.c = function(d, e, f) {};goog.exportProperty(a.b, 'cprop', a.b.c)
                                                                                                                                           ^

Oct 20, 2021 6:09:51 PM com.google.javascript.jscomp.LoggerErrorManager println
WARNING: testcode:1: WARNING - Unable to determine type of parameter a.b.c for exported function f
var goog = {};goog.exportSymbol = function(a, b) {}; goog.exportProperty = function(a, b, c) {}; var a = {}; a.b = {}; a.b.c = function(d, e, f) {};goog.exportProperty(a.b, 'cprop', a.b.c)
                                                                                                                                              ^

Oct 20, 2021 6:09:51 PM com.google.javascript.jscomp.LoggerErrorManager printSummary
WARNING: 0 error(s), 3 warning(s), 100% typed
.Oct 20, 2021 6:09:52 PM com.google.javascript.jscomp.LoggerErrorManager println
WARNING: testcode:1: WARNING - Unable to determine type of parameter a.b for exported function p1
var goog = {};goog.exportSymbol = function(a, b) {}; goog.exportProperty = function(a, b, c) {}; var a = {}; a.b = function(p1) {}; a.b.c = function(d, e, f) {};a.b.prototype.c = function(g, h, i) {};goog.exportSymbol('a.b', a.b);goog.exportProperty(a.b, 'c', a.b.c);goog.exportProperty(a.b.prototype, 'c', a.b.prototype.c);
                                                                                                                            ^

Oct 20, 2021 6:09:52 PM com.google.javascript.jscomp.LoggerErrorManager println
WARNING: testcode:1: WARNING - Unable to determine type of parameter a.b.c for exported function d
var goog = {};goog.exportSymbol = function(a, b) {}; goog.exportProperty = function(a, b, c) {}; var a = {}; a.b = function(p1) {}; a.b.c = function(d, e, f) {};a.b.prototype.c = function(g, h, i) {};goog.exportSymbol('a.b', a.b);goog.exportProperty(a.b, 'c', a.b.c);goog.exportProperty(a.b.prototype, 'c', a.b.prototype.c);
                                                                                                                                                     ^

Oct 20, 2021 6:09:52 PM com.google.javascript.jscomp.LoggerErrorManager println
WARNING: testcode:1: WARNING - Unable to determine type of parameter a.b.c for exported function e
var goog = {};goog.exportSymbol = function(a, b) {}; goog.exportProperty = function(a, b, c) {}; var a = {}; a.b = function(p1) {}; a.b.c = function(d, e, f) {};a.b.prototype.c = function(g, h, i) {};goog.exportSymbol('a.b', a.b);goog.exportProperty(a.b, 'c', a.b.c);goog.exportProperty(a.b.prototype, 'c', a.b.prototype.c);
                                                                                                                                                        ^

Oct 20, 2021 6:09:52 PM com.google.javascript.jscomp.LoggerErrorManager println
WARNING: testcode:1: WARNING - Unable to determine type of parameter a.b.c for exported function f
var goog = {};goog.exportSymbol = function(a, b) {}; goog.exportProperty = function(a, b, c) {}; var a = {}; a.b = function(p1) {}; a.b.c = function(d, e, f) {};a.b.prototype.c = function(g, h, i) {};goog.exportSymbol('a.b', a.b);goog.exportProperty(a.b, 'c', a.b.c);goog.exportProperty(a.b.prototype, 'c', a.b.prototype.c);
                                                                                                                                                           ^

Oct 20, 2021 6:09:52 PM com.google.javascript.jscomp.LoggerErrorManager println
WARNING: testcode:1: WARNING - Unable to determine type of parameter a.b.prototype.c for exported function g
var goog = {};goog.exportSymbol = function(a, b) {}; goog.exportProperty = function(a, b, c) {}; var a = {}; a.b = function(p1) {}; a.b.c = function(d, e, f) {};a.b.prototype.c = function(g, h, i) {};goog.exportSymbol('a.b', a.b);goog.exportProperty(a.b, 'c', a.b.c);goog.exportProperty(a.b.prototype, 'c', a.b.prototype.c);
                                                                                                                                                                                            ^

Oct 20, 2021 6:09:52 PM com.google.javascript.jscomp.LoggerErrorManager println
WARNING: testcode:1: WARNING - Unable to determine type of parameter a.b.prototype.c for exported function h
var goog = {};goog.exportSymbol = function(a, b) {}; goog.exportProperty = function(a, b, c) {}; var a = {}; a.b = function(p1) {}; a.b.c = function(d, e, f) {};a.b.prototype.c = function(g, h, i) {};goog.exportSymbol('a.b', a.b);goog.exportProperty(a.b, 'c', a.b.c);goog.exportProperty(a.b.prototype, 'c', a.b.prototype.c);
                                                                                                                                                                                               ^

Oct 20, 2021 6:09:52 PM com.google.javascript.jscomp.LoggerErrorManager println
WARNING: testcode:1: WARNING - Unable to determine type of parameter a.b.prototype.c for exported function i
var goog = {};goog.exportSymbol = function(a, b) {}; goog.exportProperty = function(a, b, c) {}; var a = {}; a.b = function(p1) {}; a.b.c = function(d, e, f) {};a.b.prototype.c = function(g, h, i) {};goog.exportSymbol('a.b', a.b);goog.exportProperty(a.b, 'c', a.b.c);goog.exportProperty(a.b.prototype, 'c', a.b.prototype.c);
                                                                                                                                                                                                  ^

Oct 20, 2021 6:09:52 PM com.google.javascript.jscomp.LoggerErrorManager printSummary
WARNING: 0 error(s), 7 warning(s), 100% typed
.Oct 20, 2021 6:09:52 PM com.google.javascript.jscomp.LoggerErrorManager println
WARNING: testcode:1: WARNING - Unable to determine type of parameter a.b.c for exported function d
var goog = {};goog.exportSymbol = function(a, b) {}; goog.exportProperty = function(a, b, c) {}; var a = {}; a.b = function(p1) {}; a.b.c = function(d, e, f) {};a.b.prototype.c = function(g, h, i) {};goog.exportSymbol('hello', a);goog.exportProperty(a.b, 'c', a.b.c);goog.exportProperty(a.b.prototype, 'c', a.b.prototype.c);
                                                                                                                                                     ^

Oct 20, 2021 6:09:52 PM com.google.javascript.jscomp.LoggerErrorManager println
WARNING: testcode:1: WARNING - Unable to determine type of parameter a.b.c for exported function e
var goog = {};goog.exportSymbol = function(a, b) {}; goog.exportProperty = function(a, b, c) {}; var a = {}; a.b = function(p1) {}; a.b.c = function(d, e, f) {};a.b.prototype.c = function(g, h, i) {};goog.exportSymbol('hello', a);goog.exportProperty(a.b, 'c', a.b.c);goog.exportProperty(a.b.prototype, 'c', a.b.prototype.c);
                                                                                                                                                        ^

Oct 20, 2021 6:09:52 PM com.google.javascript.jscomp.LoggerErrorManager println
WARNING: testcode:1: WARNING - Unable to determine type of parameter a.b.c for exported function f
var goog = {};goog.exportSymbol = function(a, b) {}; goog.exportProperty = function(a, b, c) {}; var a = {}; a.b = function(p1) {}; a.b.c = function(d, e, f) {};a.b.prototype.c = function(g, h, i) {};goog.exportSymbol('hello', a);goog.exportProperty(a.b, 'c', a.b.c);goog.exportProperty(a.b.prototype, 'c', a.b.prototype.c);
                                                                                                                                                           ^

Oct 20, 2021 6:09:52 PM com.google.javascript.jscomp.LoggerErrorManager println
WARNING: testcode:1: WARNING - Unable to determine type of parameter a.b.prototype.c for exported function g
var goog = {};goog.exportSymbol = function(a, b) {}; goog.exportProperty = function(a, b, c) {}; var a = {}; a.b = function(p1) {}; a.b.c = function(d, e, f) {};a.b.prototype.c = function(g, h, i) {};goog.exportSymbol('hello', a);goog.exportProperty(a.b, 'c', a.b.c);goog.exportProperty(a.b.prototype, 'c', a.b.prototype.c);
                                                                                                                                                                                            ^

Oct 20, 2021 6:09:52 PM com.google.javascript.jscomp.LoggerErrorManager println
WARNING: testcode:1: WARNING - Unable to determine type of parameter a.b.prototype.c for exported function h
var goog = {};goog.exportSymbol = function(a, b) {}; goog.exportProperty = function(a, b, c) {}; var a = {}; a.b = function(p1) {}; a.b.c = function(d, e, f) {};a.b.prototype.c = function(g, h, i) {};goog.exportSymbol('hello', a);goog.exportProperty(a.b, 'c', a.b.c);goog.exportProperty(a.b.prototype, 'c', a.b.prototype.c);
                                                                                                                                                                                               ^

Oct 20, 2021 6:09:52 PM com.google.javascript.jscomp.LoggerErrorManager println
WARNING: testcode:1: WARNING - Unable to determine type of parameter a.b.prototype.c for exported function i
var goog = {};goog.exportSymbol = function(a, b) {}; goog.exportProperty = function(a, b, c) {}; var a = {}; a.b = function(p1) {}; a.b.c = function(d, e, f) {};a.b.prototype.c = function(g, h, i) {};goog.exportSymbol('hello', a);goog.exportProperty(a.b, 'c', a.b.c);goog.exportProperty(a.b.prototype, 'c', a.b.prototype.c);
                                                                                                                                                                                                  ^

Oct 20, 2021 6:09:52 PM com.google.javascript.jscomp.LoggerErrorManager printSummary
WARNING: 0 error(s), 6 warning(s), 100% typed
.Oct 20, 2021 6:09:52 PM com.google.javascript.jscomp.LoggerErrorManager println
WARNING: testcode:1: WARNING - Unable to determine type of parameter a.b for exported function p1
var goog = {};goog.exportSymbol = function(a, b) {}; goog.exportProperty = function(a, b, c) {}; var a = {}; a.b = function(p1) {}; a.b.c = function(d, e, f) {};a.b.prototype.c = function(g, h, i) {};goog.exportSymbol('prefix', a.b);goog.exportProperty(a.b, 'c', a.b.c);
                                                                                                                            ^

Oct 20, 2021 6:09:52 PM com.google.javascript.jscomp.LoggerErrorManager println
WARNING: testcode:1: WARNING - Unable to determine type of parameter a.b.c for exported function d
var goog = {};goog.exportSymbol = function(a, b) {}; goog.exportProperty = function(a, b, c) {}; var a = {}; a.b = function(p1) {}; a.b.c = function(d, e, f) {};a.b.prototype.c = function(g, h, i) {};goog.exportSymbol('prefix', a.b);goog.exportProperty(a.b, 'c', a.b.c);
                                                                                                                                                     ^

Oct 20, 2021 6:09:52 PM com.google.javascript.jscomp.LoggerErrorManager println
WARNING: testcode:1: WARNING - Unable to determine type of parameter a.b.c for exported function e
var goog = {};goog.exportSymbol = function(a, b) {}; goog.exportProperty = function(a, b, c) {}; var a = {}; a.b = function(p1) {}; a.b.c = function(d, e, f) {};a.b.prototype.c = function(g, h, i) {};goog.exportSymbol('prefix', a.b);goog.exportProperty(a.b, 'c', a.b.c);
                                                                                                                                                        ^

Oct 20, 2021 6:09:52 PM com.google.javascript.jscomp.LoggerErrorManager println
WARNING: testcode:1: WARNING - Unable to determine type of parameter a.b.c for exported function f
var goog = {};goog.exportSymbol = function(a, b) {}; goog.exportProperty = function(a, b, c) {}; var a = {}; a.b = function(p1) {}; a.b.c = function(d, e, f) {};a.b.prototype.c = function(g, h, i) {};goog.exportSymbol('prefix', a.b);goog.exportProperty(a.b, 'c', a.b.c);
                                                                                                                                                           ^

Oct 20, 2021 6:09:52 PM com.google.javascript.jscomp.LoggerErrorManager printSummary
WARNING: 0 error(s), 4 warning(s), 100% typed
....Oct 20, 2021 6:09:52 PM com.google.javascript.jscomp.LoggerErrorManager println
WARNING: testcode:7: WARNING - Unable to determine return type for exported function internalName
internalName = function(param1) {return /** @type {V} */ (param1);};goog.exportSymbol('externalName', internalName)
               ^

Oct 20, 2021 6:09:52 PM com.google.javascript.jscomp.LoggerErrorManager println
WARNING: testcode:7: WARNING - Unable to determine type of parameter internalName for exported function param1
internalName = function(param1) {return /** @type {V} */ (param1);};goog.exportSymbol('externalName', internalName)
                        ^

Oct 20, 2021 6:09:52 PM com.google.javascript.jscomp.LoggerErrorManager println
WARNING: testcode:7: WARNING - Bad type annotation. Unknown type V
internalName = function(param1) {return /** @type {V} */ (param1);};goog.exportSymbol('externalName', internalName)
                                                   ^

Oct 20, 2021 6:09:52 PM com.google.javascript.jscomp.LoggerErrorManager printSummary
WARNING: 0 error(s), 3 warning(s), 87.5% typed
.....Oct 20, 2021 6:09:52 PM com.google.javascript.jscomp.LoggerErrorManager println
WARNING: testcode:5: WARNING - Unable to determine return type for exported function internalName
internalName = function(a) {  return 6;
               ^

Oct 20, 2021 6:09:52 PM com.google.javascript.jscomp.LoggerErrorManager printSummary
WARNING: 0 error(s), 1 warning(s), 100% typed
.Oct 20, 2021 6:09:52 PM com.google.javascript.jscomp.LoggerErrorManager println
WARNING: testcode:5: WARNING - Unable to determine return type for exported function internalName
internalName = function(a) {  return a;
               ^

Oct 20, 2021 6:09:52 PM com.google.javascript.jscomp.LoggerErrorManager printSummary
WARNING: 0 error(s), 1 warning(s), 100% typed
....Oct 20, 2021 6:09:52 PM com.google.javascript.jscomp.LoggerErrorManager println
WARNING: testcode:1: WARNING - Unable to determine return type for exported function InternalName
var goog = {};goog.exportSymbol = function(a, b) {}; goog.exportProperty = function(a, b, c) {}; var InternalName = function() {  return 6;};goog.exportSymbol('ExternalName', InternalName)
                                                                                                                    ^

Oct 20, 2021 6:09:52 PM com.google.javascript.jscomp.LoggerErrorManager printSummary
WARNING: 0 error(s), 1 warning(s), 100% typed
.....Oct 20, 2021 6:09:52 PM com.google.javascript.jscomp.LoggerErrorManager println
WARNING: testcode:4: WARNING - Unable to determine type of parameter InternalName for exported function b
 var InternalName = function(a,b,c) {  return 6;};goog.exportSymbol('ExternalName', InternalName)
                               ^

Oct 20, 2021 6:09:52 PM com.google.javascript.jscomp.LoggerErrorManager println
WARNING: testcode:4: WARNING - Unable to determine type of parameter InternalName for exported function c
 var InternalName = function(a,b,c) {  return 6;};goog.exportSymbol('ExternalName', InternalName)
                                 ^

Oct 20, 2021 6:09:52 PM com.google.javascript.jscomp.LoggerErrorManager printSummary
WARNING: 0 error(s), 2 warning(s), 100% typed
..................................................................................................................................................................................................................................................................................................................................................................................................................................................................................................................................................................................................................................................................................................................................................................................................................................................................................Oct 20, 2021 6:10:01 PM com.google.javascript.jscomp.LoggerErrorManager println
SEVERE: i0:1: ERROR - Missing return statement. Function expected to return number.
/** @return {number} */ function f() { if (f) { return 3; } }
                        ^

Oct 20, 2021 6:10:01 PM com.google.javascript.jscomp.LoggerErrorManager printSummary
WARNING: 1 error(s), 0 warning(s), 100% typed
....Oct 20, 2021 6:10:02 PM com.google.javascript.jscomp.LoggerErrorManager println
SEVERE: ERROR - Rename prototypes and inline variables cannot be used together

Oct 20, 2021 6:10:02 PM com.google.javascript.jscomp.LoggerErrorManager printSummary
WARNING: 1 error(s), 0 warning(s)
........Oct 20, 2021 6:10:02 PM com.google.javascript.jscomp.LoggerErrorManager println
SEVERE: i0:1: ERROR - Parse error. missing { before function body
var foo = {bar: function(e) }
                            ^

Oct 20, 2021 6:10:02 PM com.google.javascript.jscomp.LoggerErrorManager println
SEVERE: i0:1: ERROR - Parse error. missing } after property list
var foo = {bar: function(e) }
                            ^

Oct 20, 2021 6:10:02 PM com.google.javascript.jscomp.LoggerErrorManager printSummary
WARNING: 2 error(s), 0 warning(s)
.Oct 20, 2021 6:10:02 PM com.google.javascript.jscomp.LoggerErrorManager println
SEVERE: i0:1: ERROR - Parse error. Unsupported syntax: ERROR
function hi
^

Oct 20, 2021 6:10:02 PM com.google.javascript.jscomp.LoggerErrorManager println
SEVERE: i0:1: ERROR - Parse error. missing ( before function parameters.
function hi
          ^

Oct 20, 2021 6:10:02 PM com.google.javascript.jscomp.LoggerErrorManager println
SEVERE: i0:1: ERROR - Parse error. missing ) after formal parameters
function hi
          ^

Oct 20, 2021 6:10:02 PM com.google.javascript.jscomp.LoggerErrorManager println
SEVERE: i0:1: ERROR - Parse error. missing formal parameter
function hi
          ^

Oct 20, 2021 6:10:02 PM com.google.javascript.jscomp.LoggerErrorManager println
SEVERE: i0:1: ERROR - Parse error. missing { before function body
function hi
          ^

Oct 20, 2021 6:10:02 PM com.google.javascript.jscomp.LoggerErrorManager println
SEVERE: i0:1: ERROR - Parse error. missing } after function body
function hi
          ^

Oct 20, 2021 6:10:02 PM com.google.javascript.jscomp.LoggerErrorManager printSummary
WARNING: 6 error(s), 0 warning(s)
.Oct 20, 2021 6:10:02 PM com.google.javascript.jscomp.LoggerErrorManager println
SEVERE: i0:1: ERROR - required "goog.beer" namespace not provided yet
goog.require('goog.beer');
^

Oct 20, 2021 6:10:02 PM com.google.javascript.jscomp.LoggerErrorManager printSummary
WARNING: 1 error(s), 0 warning(s)
.Oct 20, 2021 6:10:02 PM com.google.javascript.jscomp.LoggerErrorManager println
SEVERE: i0:1: ERROR - Parse error. missing ] after element list
var x = [1, 2
            ^

Oct 20, 2021 6:10:02 PM com.google.javascript.jscomp.LoggerErrorManager printSummary
WARNING: 1 error(s), 0 warning(s)
...Oct 20, 2021 6:10:02 PM com.google.javascript.jscomp.LoggerErrorManager println
SEVERE: i0:1: ERROR - inconsistent return type
found   : boolean
required: number
/** @return {number} */ function f() { return true; }
                                              ^

Oct 20, 2021 6:10:02 PM com.google.javascript.jscomp.LoggerErrorManager printSummary
WARNING: 1 error(s), 0 warning(s), 100% typed
.Oct 20, 2021 6:10:02 PM com.google.javascript.jscomp.LoggerErrorManager println
WARNING: i0:1: WARNING - inconsistent return type
found   : boolean
required: number
/** @return {number} */ function f() { return true; }
                                              ^

Oct 20, 2021 6:10:02 PM com.google.javascript.jscomp.LoggerErrorManager printSummary
WARNING: 0 error(s), 1 warning(s), 100% typed
....Oct 20, 2021 6:10:02 PM com.google.javascript.jscomp.LoggerErrorManager println
WARNING: i0:9: WARNING - actual parameter 1 of C.prototype.someMethod does not match formal parameter
found   : number
required: string
x.someMethod(x.someProperty);
             ^

Oct 20, 2021 6:10:02 PM com.google.javascript.jscomp.LoggerErrorManager printSummary
WARNING: 0 error(s), 1 warning(s), 100% typed
..Oct 20, 2021 6:10:02 PM com.google.javascript.jscomp.LoggerErrorManager println
SEVERE: i0:3: ERROR - constant x assigned a value more than once
var x = 1; foo(); x = 2;
                  ^

Oct 20, 2021 6:10:02 PM com.google.javascript.jscomp.LoggerErrorManager printSummary
WARNING: 1 error(s), 0 warning(s)
..Oct 20, 2021 6:10:02 PM com.google.javascript.jscomp.Tracer logCurrentThreadTrace
WARNING: timers:
      02.693 Start        [Compiler] parseInputs
    0 02.693 Done    0 ms [Compiler] parseInputs
   16 02.709 Start        [JSCompiler] beforeStandardChecks
    0 02.709 Done    0 ms [JSCompiler] beforeStandardChecks
    0 02.709 Start        [JSCompiler] checkSideEffects
    0 02.709 Done    0 ms [JSCompiler] checkSideEffects
    0 02.709 Start        [JSCompiler] checkVars
    0 02.709 Done    0 ms [JSCompiler] checkVars
    0 02.709 Start        [JSCompiler] processDefines
   14 02.723 Done   14 ms [JSCompiler] processDefines
    0 02.723 Start        [JSCompiler] afterStandardChecks
    0 02.723 Done    0 ms [JSCompiler] afterStandardChecks
    0 02.723 Start        [Compiler] normalize
    0 02.723 Done    0 ms [Compiler] normalize
    0 02.723 Start        [JSCompiler] garbageCollectChecks
    0 02.723 Done    0 ms [JSCompiler] garbageCollectChecks
    0 02.723 Start        [JSCompiler] beforeStandardOptimizations
    0 02.723 Done    0 ms [JSCompiler] beforeStandardOptimizations
    0 02.723 Start        [JSCompiler] replaceIdGenerators
    0 02.723 Done    0 ms [JSCompiler] replaceIdGenerators
    0 02.723 Start        [JSCompiler] checkConsts
    0 02.723 Done    0 ms [JSCompiler] checkConsts
    0 02.723 Start        [JSCompiler] beforeMainOptimizations
    0 02.723 Done    0 ms [JSCompiler] beforeMainOptimizations
    0 02.723 Start        [JSCompiler] beforeModuleMotion
    0 02.723 Done    0 ms [JSCompiler] beforeModuleMotion
    0 02.723 Start        [JSCompiler] afterModuleMotion
    0 02.723 Done    0 ms [JSCompiler] afterModuleMotion
    0 02.723 Start        [JSCompiler] markUnnormalized
    0 02.723 Done    0 ms [JSCompiler] markUnnormalized
    0 02.723 Start        [JSCompiler] denormalize
    0 02.723 Done    0 ms [JSCompiler] denormalize
    0 02.723 Start        [JSCompiler] invertContextualRenaming
    0 02.723 Done    0 ms [JSCompiler] invertContextualRenaming
    0 02.723 Start        [JSCompiler] stripSideEffectProtection
    0 02.723 Done    0 ms [JSCompiler] stripSideEffectProtection
    0 02.723 Start        [JSCompiler] sanityCheckAst
    0 02.723 Done    0 ms [JSCompiler] sanityCheckAst
    7 02.730 Start        [JSCompiler] sanityCheckVars
    0 02.730 Done    0 ms [JSCompiler] sanityCheckVars
 TOTAL Compiler 2 (0 ms)
 TOTAL JSCompiler 18 (14 ms)

....Oct 20, 2021 6:10:03 PM com.google.javascript.jscomp.LoggerErrorManager println
SEVERE: i0:1: ERROR - missing goog.getCssName around literal 'foo'
var x = 'foo';
        ^

Oct 20, 2021 6:10:03 PM com.google.javascript.jscomp.LoggerErrorManager printSummary
WARNING: 1 error(s), 0 warning(s)
..Oct 20, 2021 6:10:03 PM com.google.javascript.jscomp.LoggerErrorManager println
WARNING: i0:4: WARNING - Parse error. Cycle detected in inheritance chain of type Foo
 */ Foo = /** @type {function(new:Foo)} */ (AyncTestCase());
                                  ^

Oct 20, 2021 6:10:03 PM com.google.javascript.jscomp.LoggerErrorManager printSummary
WARNING: 0 error(s), 1 warning(s), 60% typed
...Oct 20, 2021 6:10:03 PM com.google.javascript.jscomp.LoggerErrorManager println
SEVERE: i0:1: ERROR - required "foo" namespace never provided
var goog = {}; goog.require = function(x) {}; goog.require('foo');
                                              ^

Oct 20, 2021 6:10:03 PM com.google.javascript.jscomp.LoggerErrorManager printSummary
WARNING: 1 error(s), 0 warning(s)
....Oct 20, 2021 6:10:03 PM com.google.javascript.jscomp.LoggerErrorManager println
SEVERE: i0:1: ERROR - dangerous use of the global this object
function f() { this.y = 3; }
               ^

Oct 20, 2021 6:10:03 PM com.google.javascript.jscomp.LoggerErrorManager printSummary
WARNING: 1 error(s), 0 warning(s)
.Oct 20, 2021 6:10:03 PM com.google.javascript.jscomp.LoggerErrorManager println
SEVERE: i0:1: ERROR - dangerous use of the global this object
function f() { this.y = 3; }
               ^

Oct 20, 2021 6:10:03 PM com.google.javascript.jscomp.LoggerErrorManager printSummary
WARNING: 1 error(s), 0 warning(s)
..Oct 20, 2021 6:10:03 PM com.google.javascript.jscomp.LoggerErrorManager println
SEVERE: i1:1: ERROR - 'Foo' used but not goog.require'd
new Foo();
^

Oct 20, 2021 6:10:03 PM com.google.javascript.jscomp.LoggerErrorManager printSummary
WARNING: 1 error(s), 0 warning(s)
.Oct 20, 2021 6:10:03 PM com.google.javascript.jscomp.LoggerErrorManager println
SEVERE: i0:1: ERROR - missing goog.provide('Foo')
/** @constructor */ function Foo() {}
                             ^

Oct 20, 2021 6:10:03 PM com.google.javascript.jscomp.LoggerErrorManager printSummary
WARNING: 1 error(s), 0 warning(s)
........Oct 20, 2021 6:10:03 PM com.google.javascript.jscomp.LoggerErrorManager println
SEVERE: i0:1: ERROR - variable x is undeclared
x = 3;
^

Oct 20, 2021 6:10:03 PM com.google.javascript.jscomp.LoggerErrorManager printSummary
WARNING: 1 error(s), 0 warning(s)
..Oct 20, 2021 6:10:03 PM com.google.javascript.jscomp.LoggerErrorManager println
SEVERE: i0:1: ERROR - Variable referenced before declaration: x
x = 3; var x = 5;
^

Oct 20, 2021 6:10:03 PM com.google.javascript.jscomp.LoggerErrorManager printSummary
WARNING: 1 error(s), 0 warning(s)
.Oct 20, 2021 6:10:03 PM com.google.javascript.jscomp.LoggerErrorManager println
WARNING: i0:1: WARNING - enum key a must be a syntactic constant
/** @define {boolean} */ var COMPILED = false; var goog = {};goog.exportSymbol = function() {};goog.provide('Foo'); /** @enum */ Foo = {a: 3};
                                                                                                                                        ^

Oct 20, 2021 6:10:03 PM com.google.javascript.jscomp.LoggerErrorManager printSummary
WARNING: 0 error(s), 1 warning(s)
.Oct 20, 2021 6:10:03 PM com.google.javascript.jscomp.LoggerErrorManager println
WARNING: i0:1: WARNING - initializing variable
found   : string
required: number
/** @type {number} */ var n = window.name;
                              ^

Oct 20, 2021 6:10:03 PM com.google.javascript.jscomp.LoggerErrorManager printSummary
WARNING: 0 error(s), 1 warning(s), 100% typed
.Oct 20, 2021 6:10:03 PM com.google.javascript.jscomp.LoggerErrorManager println
WARNING: i0:1: WARNING - Bad type annotation. Unknown type n
/** @type {n} */ var n = window.name;
           ^

Oct 20, 2021 6:10:03 PM com.google.javascript.jscomp.LoggerErrorManager printSummary
WARNING: 0 error(s), 1 warning(s), 100% typed
..Oct 20, 2021 6:10:03 PM com.google.javascript.jscomp.LoggerErrorManager println
WARNING: i0:1: WARNING - Function x.f: called with 1 argument(s). Function requires at least 0 argument(s) and no more than 0 argument(s).
var x = x || {}; x.f = function() {}; x.f(3);
                                      ^

Oct 20, 2021 6:10:03 PM com.google.javascript.jscomp.LoggerErrorManager printSummary
WARNING: 0 error(s), 1 warning(s), 100% typed
...Oct 20, 2021 6:10:03 PM com.google.javascript.jscomp.LoggerErrorManager println
SEVERE: i0:1: ERROR - Variable f has been deprecated.
/** @deprecated */ function f() { } function g() { f(); }
                                                   ^

Oct 20, 2021 6:10:03 PM com.google.javascript.jscomp.LoggerErrorManager printSummary
WARNING: 1 error(s), 0 warning(s), 100% typed
.Oct 20, 2021 6:10:03 PM com.google.javascript.jscomp.LoggerErrorManager println
SEVERE: i1:1: ERROR - Access to private variable f not allowed outside file i0.
function g() { f(); }
               ^

Oct 20, 2021 6:10:03 PM com.google.javascript.jscomp.LoggerErrorManager printSummary
WARNING: 1 error(s), 0 warning(s), 100% typed
.Oct 20, 2021 6:10:03 PM com.google.javascript.jscomp.LoggerErrorManager println
SEVERE: i0:2: ERROR - unreachable code
 3; }
 ^

Oct 20, 2021 6:10:03 PM com.google.javascript.jscomp.LoggerErrorManager printSummary
WARNING: 1 error(s), 0 warning(s)
..........Oct 20, 2021 6:10:03 PM com.google.javascript.jscomp.LoggerErrorManager println
SEVERE: ERROR - TightenTypes requires type checking. Please use --check_types.

Oct 20, 2021 6:10:03 PM com.google.javascript.jscomp.LoggerErrorManager printSummary
WARNING: 1 error(s), 0 warning(s)
.......Oct 20, 2021 6:10:03 PM com.google.javascript.jscomp.LoggerErrorManager println
SEVERE: i0:1: ERROR - constant FOO assigned a value more than once
var FOO = true; FOO = false
                ^

Oct 20, 2021 6:10:03 PM com.google.javascript.jscomp.LoggerErrorManager printSummary
WARNING: 1 error(s), 0 warning(s)
.....Oct 20, 2021 6:10:03 PM com.google.javascript.jscomp.LoggerErrorManager println
WARNING: i0:1: WARNING - enum key a must be a syntactic constant
/** @define {boolean} */ var COMPILED = false; var goog = {};goog.exportSymbol = function() {};goog.provide('Foo'); /** @enum */ Foo = {a: 3};
                                                                                                                                        ^

Oct 20, 2021 6:10:03 PM com.google.javascript.jscomp.LoggerErrorManager printSummary
WARNING: 0 error(s), 1 warning(s), 100% typed
.Oct 20, 2021 6:10:03 PM com.google.javascript.jscomp.LoggerErrorManager println
SEVERE: i0:1: ERROR - constant foo assigned a value more than once
var goog = {}; goog.provide('foo'); function f() { foo = {};}
                                                   ^

Oct 20, 2021 6:10:03 PM com.google.javascript.jscomp.LoggerErrorManager printSummary
WARNING: 1 error(s), 0 warning(s)
.Oct 20, 2021 6:10:03 PM com.google.javascript.jscomp.LoggerErrorManager println
SEVERE: i0:1: ERROR - constant foo$bar assigned a value more than once
var goog = {}; goog.provide('foo.bar'); function f() { foo.bar = {};}
                                                       ^

Oct 20, 2021 6:10:03 PM com.google.javascript.jscomp.LoggerErrorManager printSummary
WARNING: 1 error(s), 0 warning(s)
.......Oct 20, 2021 6:10:03 PM com.google.javascript.jscomp.LoggerErrorManager println
SEVERE: i0:1: ERROR - x.z is never defined
var x = {}; var y = x.z;
                    ^

Oct 20, 2021 6:10:03 PM com.google.javascript.jscomp.LoggerErrorManager printSummary
WARNING: 1 error(s), 0 warning(s)
..................................Oct 20, 2021 6:10:04 PM com.google.javascript.jscomp.LoggerErrorManager println
SEVERE: i0:1: ERROR - Parse error. unlabelled break must be inside loop or switch
function f() { try { } catch(e) { break; } }
                                  ^

Oct 20, 2021 6:10:04 PM com.google.javascript.jscomp.LoggerErrorManager printSummary
WARNING: 1 error(s), 0 warning(s), 100% typed
...Oct 20, 2021 6:10:04 PM com.google.javascript.jscomp.LoggerErrorManager println
WARNING: i0:1: WARNING - References to the global RegExp object prevents optimization of regular expressions.
/(a)/.test("a");var a = RegExp.$1
                        ^

Oct 20, 2021 6:10:04 PM com.google.javascript.jscomp.LoggerErrorManager printSummary
WARNING: 0 error(s), 1 warning(s)
..........Oct 20, 2021 6:10:04 PM com.google.javascript.jscomp.LoggerErrorManager println
WARNING: externs:1: WARNING - name extern is not undefined in the externs.
extern.foo
^

Oct 20, 2021 6:10:04 PM com.google.javascript.jscomp.LoggerErrorManager printSummary
WARNING: 0 error(s), 1 warning(s)
..Oct 20, 2021 6:10:04 PM com.google.javascript.jscomp.LoggerErrorManager println
SEVERE: i0:1: ERROR - Parse error. getters are not supported in older versions of JS. If you are targeting newer versions of JS, set the appropriate language_in option.
var a = {get f(){}}
^

Oct 20, 2021 6:10:04 PM com.google.javascript.jscomp.LoggerErrorManager printSummary
WARNING: 1 error(s), 0 warning(s)
.Oct 20, 2021 6:10:04 PM com.google.javascript.jscomp.LoggerErrorManager println
SEVERE: i0:1: ERROR - variables, functions, and arguments cannot be deleted in ES5 strict mode
var a  = 2; delete a;
            ^

Oct 20, 2021 6:10:04 PM com.google.javascript.jscomp.LoggerErrorManager printSummary
WARNING: 1 error(s), 0 warning(s)
.........Oct 20, 2021 6:10:04 PM com.google.javascript.jscomp.LoggerErrorManager println
SEVERE: i0:1: ERROR - Parse error. unnamed function statement
function () {}
^

Oct 20, 2021 6:10:04 PM com.google.javascript.jscomp.LoggerErrorManager printSummary
WARNING: 1 error(s), 0 warning(s)
.........Oct 20, 2021 6:10:04 PM com.google.javascript.jscomp.LoggerErrorManager println
WARNING: i0:2: WARNING - missing goog.provide('f')
function f() { var arguments; }
         ^

Oct 20, 2021 6:10:04 PM com.google.javascript.jscomp.LoggerErrorManager printSummary
WARNING: 0 error(s), 1 warning(s)
..Oct 20, 2021 6:10:04 PM com.google.javascript.jscomp.LoggerErrorManager println
WARNING: i0:1: WARNING - invalid cast - must be a subtype or supertype
from: number
to  : string
function f() { var xyz = /** @type {string} */ (0); }
                                                ^

Oct 20, 2021 6:10:04 PM com.google.javascript.jscomp.LoggerErrorManager printSummary
WARNING: 0 error(s), 1 warning(s), 100% typed
.......Oct 20, 2021 6:10:05 PM com.google.javascript.jscomp.LoggerErrorManager println
WARNING: i0:8: WARNING - actual parameter 1 of goog.getCssName does not match formal parameter
found   : number
required: string
var x = goog.getCssName(123, 'a');
                        ^

Oct 20, 2021 6:10:05 PM com.google.javascript.jscomp.LoggerErrorManager printSummary
WARNING: 0 error(s), 1 warning(s), 100% typed
................................................................................................................................................................................................................................................................................................................................................................................................................................................................................................................................................................................................................................................................................................................................................................................................................................................................................................................................................................................................................................................................................................................................................................................................................................................................................................................................................................................................................................................................................................................................................................................................................................................................................................................................................................................................................................................................................................................................................................................................................................................................................................................................................................................................................................................................................................................................................................................................................................................................................................................................................................................................................................................................................................................................................................................................................................................................................Oct 20, 2021 6:10:45 PM com.google.javascript.jscomp.LoggerErrorManager println
WARNING: externs1:3: WARNING - attempted re-definition of type Function
found   : function (new:Function, *): ?
expected: function (new:Function, ...[*]): ?
 * @param {*} var_args */ function Function(var_args) {}/** @type {!Function} */ Function.prototype.apply;/** @type {!Function} */ Function.prototype.bind;/** @type {!Function} */ Function.prototype.call;/** @constructor 
                          ^

Oct 20, 2021 6:10:45 PM com.google.javascript.jscomp.LoggerErrorManager println
WARNING: externs1:8: WARNING - attempted re-definition of type Array
found   : function (new:Array, *): Array
expected: function (new:Array, ...[*]): Array
 @return {!Array} */function Array(var_args) {}
                    ^

Oct 20, 2021 6:10:45 PM com.google.javascript.jscomp.LoggerErrorManager printSummary
WARNING: 0 error(s), 2 warning(s), 28.6% typed
.Oct 20, 2021 6:10:45 PM com.google.javascript.jscomp.LoggerErrorManager println
WARNING: externs1:3: WARNING - attempted re-definition of type Function
found   : function (new:Function, *): ?
expected: function (new:Function, ...[*]): ?
 * @param {*} var_args */ function Function(var_args) {}/** @type {!Function} */ Function.prototype.apply;/** @type {!Function} */ Function.prototype.bind;/** @type {!Function} */ Function.prototype.call;/** @constructor 
                          ^

Oct 20, 2021 6:10:45 PM com.google.javascript.jscomp.LoggerErrorManager println
WARNING: externs1:8: WARNING - attempted re-definition of type Array
found   : function (new:Array, *): Array
expected: function (new:Array, ...[*]): Array
 @return {!Array} */function Array(var_args) {}
                    ^

Oct 20, 2021 6:10:45 PM com.google.javascript.jscomp.LoggerErrorManager printSummary
WARNING: 0 error(s), 2 warning(s)
.Oct 20, 2021 6:10:45 PM com.google.javascript.jscomp.LoggerErrorManager println
WARNING: externs1:3: WARNING - attempted re-definition of type Function
found   : function (new:Function, *): ?
expected: function (new:Function, ...[*]): ?
 * @param {*} var_args */ function Function(var_args) {}/** @type {!Function} */ Function.prototype.apply;/** @type {!Function} */ Function.prototype.bind;/** @type {!Function} */ Function.prototype.call;/** @constructor 
                          ^

Oct 20, 2021 6:10:45 PM com.google.javascript.jscomp.LoggerErrorManager println
WARNING: externs1:8: WARNING - attempted re-definition of type Array
found   : function (new:Array, *): Array
expected: function (new:Array, ...[*]): Array
 @return {!Array} */function Array(var_args) {}
                    ^

Oct 20, 2021 6:10:45 PM com.google.javascript.jscomp.LoggerErrorManager println
WARNING: in1:1: WARNING - dangerous use of the global this object
this.foo = {}; this.foo.bar = {};
^

Oct 20, 2021 6:10:45 PM com.google.javascript.jscomp.LoggerErrorManager println
WARNING: in1:1: WARNING - dangerous use of the global this object
this.foo = {}; this.foo.bar = {};
               ^

Oct 20, 2021 6:10:45 PM com.google.javascript.jscomp.LoggerErrorManager printSummary
WARNING: 0 error(s), 4 warning(s), 87.5% typed
.Oct 20, 2021 6:10:45 PM com.google.javascript.jscomp.LoggerErrorManager println
WARNING: externs1:3: WARNING - attempted re-definition of type Function
found   : function (new:Function, *): ?
expected: function (new:Function, ...[*]): ?
 * @param {*} var_args */ function Function(var_args) {}/** @type {!Function} */ Function.prototype.apply;/** @type {!Function} */ Function.prototype.bind;/** @type {!Function} */ Function.prototype.call;/** @constructor 
                          ^

Oct 20, 2021 6:10:45 PM com.google.javascript.jscomp.LoggerErrorManager println
WARNING: externs1:8: WARNING - attempted re-definition of type Array
found   : function (new:Array, *): Array
expected: function (new:Array, ...[*]): Array
 @return {!Array} */function Array(var_args) {}
                    ^

Oct 20, 2021 6:10:45 PM com.google.javascript.jscomp.LoggerErrorManager println
WARNING: in1:1: WARNING - Suspicious code. The result of the 'getprop' operator is not being used.
/** @constructor */ function Foo() {} this.Foo;
                                      ^

Oct 20, 2021 6:10:45 PM com.google.javascript.jscomp.LoggerErrorManager println
WARNING: in1:1: WARNING - dangerous use of the global this object
/** @constructor */ function Foo() {} this.Foo;
                                      ^

Oct 20, 2021 6:10:45 PM com.google.javascript.jscomp.LoggerErrorManager printSummary
WARNING: 0 error(s), 4 warning(s), 100% typed
.Oct 20, 2021 6:10:45 PM com.google.javascript.jscomp.LoggerErrorManager println
WARNING: externs1:3: WARNING - attempted re-definition of type Function
found   : function (new:Function, *): ?
expected: function (new:Function, ...[*]): ?
 * @param {*} var_args */ function Function(var_args) {}/** @type {!Function} */ Function.prototype.apply;/** @type {!Function} */ Function.prototype.bind;/** @type {!Function} */ Function.prototype.call;/** @constructor 
                          ^

Oct 20, 2021 6:10:45 PM com.google.javascript.jscomp.LoggerErrorManager println
WARNING: externs1:8: WARNING - attempted re-definition of type Array
found   : function (new:Array, *): Array
expected: function (new:Array, ...[*]): Array
 @return {!Array} */function Array(var_args) {}
                    ^

Oct 20, 2021 6:10:45 PM com.google.javascript.jscomp.LoggerErrorManager printSummary
WARNING: 0 error(s), 2 warning(s), 100% typed
.Oct 20, 2021 6:10:45 PM com.google.javascript.jscomp.LoggerErrorManager println
WARNING: externs1:3: WARNING - attempted re-definition of type Function
found   : function (new:Function, *): ?
expected: function (new:Function, ...[*]): ?
 * @param {*} var_args */ function Function(var_args) {}/** @type {!Function} */ Function.prototype.apply;/** @type {!Function} */ Function.prototype.bind;/** @type {!Function} */ Function.prototype.call;/** @constructor 
                          ^

Oct 20, 2021 6:10:45 PM com.google.javascript.jscomp.LoggerErrorManager println
WARNING: externs1:8: WARNING - attempted re-definition of type Array
found   : function (new:Array, *): Array
expected: function (new:Array, ...[*]): Array
 @return {!Array} */function Array(var_args) {}
                    ^

Oct 20, 2021 6:10:45 PM com.google.javascript.jscomp.LoggerErrorManager printSummary
WARNING: 0 error(s), 2 warning(s), 50% typed
.Oct 20, 2021 6:10:45 PM com.google.javascript.jscomp.LoggerErrorManager println
WARNING: externs1:3: WARNING - attempted re-definition of type Function
found   : function (new:Function, *): ?
expected: function (new:Function, ...[*]): ?
 * @param {*} var_args */ function Function(var_args) {}/** @type {!Function} */ Function.prototype.apply;/** @type {!Function} */ Function.prototype.bind;/** @type {!Function} */ Function.prototype.call;/** @constructor 
                          ^

Oct 20, 2021 6:10:45 PM com.google.javascript.jscomp.LoggerErrorManager println
WARNING: externs1:8: WARNING - attempted re-definition of type Array
found   : function (new:Array, *): Array
expected: function (new:Array, ...[*]): Array
 @return {!Array} */function Array(var_args) {}
                    ^

Oct 20, 2021 6:10:45 PM com.google.javascript.jscomp.LoggerErrorManager printSummary
WARNING: 0 error(s), 2 warning(s), 100% typed
.Oct 20, 2021 6:10:45 PM com.google.javascript.jscomp.LoggerErrorManager println
WARNING: externs1:3: WARNING - attempted re-definition of type Function
found   : function (new:Function, *): ?
expected: function (new:Function, ...[*]): ?
 * @param {*} var_args */ function Function(var_args) {}/** @type {!Function} */ Function.prototype.apply;/** @type {!Function} */ Function.prototype.bind;/** @type {!Function} */ Function.prototype.call;/** @constructor 
                          ^

Oct 20, 2021 6:10:45 PM com.google.javascript.jscomp.LoggerErrorManager println
WARNING: externs1:8: WARNING - attempted re-definition of type Array
found   : function (new:Array, *): Array
expected: function (new:Array, ...[*]): Array
 @return {!Array} */function Array(var_args) {}
                    ^

Oct 20, 2021 6:10:45 PM com.google.javascript.jscomp.LoggerErrorManager printSummary
WARNING: 0 error(s), 2 warning(s), 100% typed
.Oct 20, 2021 6:10:45 PM com.google.javascript.jscomp.LoggerErrorManager println
WARNING: externs1:3: WARNING - attempted re-definition of type Function
found   : function (new:Function, *): ?
expected: function (new:Function, ...[*]): ?
 * @param {*} var_args */ function Function(var_args) {}/** @type {!Function} */ Function.prototype.apply;/** @type {!Function} */ Function.prototype.bind;/** @type {!Function} */ Function.prototype.call;/** @constructor 
                          ^

Oct 20, 2021 6:10:45 PM com.google.javascript.jscomp.LoggerErrorManager println
WARNING: externs1:8: WARNING - attempted re-definition of type Array
found   : function (new:Array, *): Array
expected: function (new:Array, ...[*]): Array
 @return {!Array} */function Array(var_args) {}
                    ^

Oct 20, 2021 6:10:45 PM com.google.javascript.jscomp.LoggerErrorManager printSummary
WARNING: 0 error(s), 2 warning(s), 100% typed
.Oct 20, 2021 6:10:45 PM com.google.javascript.jscomp.LoggerErrorManager println
WARNING: externs1:3: WARNING - attempted re-definition of type Function
found   : function (new:Function, *): ?
expected: function (new:Function, ...[*]): ?
 * @param {*} var_args */ function Function(var_args) {}/** @type {!Function} */ Function.prototype.apply;/** @type {!Function} */ Function.prototype.bind;/** @type {!Function} */ Function.prototype.call;/** @constructor 
                          ^

Oct 20, 2021 6:10:45 PM com.google.javascript.jscomp.LoggerErrorManager println
WARNING: externs1:8: WARNING - attempted re-definition of type Array
found   : function (new:Array, *): Array
expected: function (new:Array, ...[*]): Array
 @return {!Array} */function Array(var_args) {}
                    ^

Oct 20, 2021 6:10:45 PM com.google.javascript.jscomp.LoggerErrorManager printSummary
WARNING: 0 error(s), 2 warning(s), 100% typed
.Oct 20, 2021 6:10:45 PM com.google.javascript.jscomp.LoggerErrorManager println
WARNING: externs1:3: WARNING - attempted re-definition of type Function
found   : function (new:Function, *): ?
expected: function (new:Function, ...[*]): ?
 * @param {*} var_args */ function Function(var_args) {}/** @type {!Function} */ Function.prototype.apply;/** @type {!Function} */ Function.prototype.bind;/** @type {!Function} */ Function.prototype.call;/** @constructor 
                          ^

Oct 20, 2021 6:10:45 PM com.google.javascript.jscomp.LoggerErrorManager println
WARNING: externs1:8: WARNING - attempted re-definition of type Array
found   : function (new:Array, *): Array
expected: function (new:Array, ...[*]): Array
 @return {!Array} */function Array(var_args) {}
                    ^

Oct 20, 2021 6:10:45 PM com.google.javascript.jscomp.LoggerErrorManager println
WARNING: in1:2: WARNING - Property dom never defined on goog
goog.dom.DomHelper = function(){};
^

Oct 20, 2021 6:10:45 PM com.google.javascript.jscomp.LoggerErrorManager println
WARNING: in1:3: WARNING - Property dom never defined on goog
var y = goog.dom.DomHelper;
        ^

Oct 20, 2021 6:10:45 PM com.google.javascript.jscomp.LoggerErrorManager println
SEVERE: in1:2: ERROR - variable goog is undeclared
goog.dom.DomHelper = function(){};
^

Oct 20, 2021 6:10:45 PM com.google.javascript.jscomp.LoggerErrorManager printSummary
WARNING: 1 error(s), 4 warning(s), 60% typed
.Oct 20, 2021 6:10:45 PM com.google.javascript.jscomp.LoggerErrorManager println
WARNING: externs1:3: WARNING - attempted re-definition of type Function
found   : function (new:Function, *): ?
expected: function (new:Function, ...[*]): ?
 * @param {*} var_args */ function Function(var_args) {}/** @type {!Function} */ Function.prototype.apply;/** @type {!Function} */ Function.prototype.bind;/** @type {!Function} */ Function.prototype.call;/** @constructor 
                          ^

Oct 20, 2021 6:10:45 PM com.google.javascript.jscomp.LoggerErrorManager println
WARNING: externs1:8: WARNING - attempted re-definition of type Array
found   : function (new:Array, *): Array
expected: function (new:Array, ...[*]): Array
 @return {!Array} */function Array(var_args) {}
                    ^

Oct 20, 2021 6:10:45 PM com.google.javascript.jscomp.LoggerErrorManager println
WARNING: in1:9: WARNING - Property c never defined on A.prototype.b
  var x; if (x) { x = a.b.b; } else { x = a.b.c; }
                                          ^

Oct 20, 2021 6:10:45 PM com.google.javascript.jscomp.LoggerErrorManager printSummary
WARNING: 0 error(s), 3 warning(s), 86.7% typed
.Oct 20, 2021 6:10:45 PM com.google.javascript.jscomp.LoggerErrorManager println
WARNING: externs1:3: WARNING - attempted re-definition of type Function
found   : function (new:Function, *): ?
expected: function (new:Function, ...[*]): ?
 * @param {*} var_args */ function Function(var_args) {}/** @type {!Function} */ Function.prototype.apply;/** @type {!Function} */ Function.prototype.bind;/** @type {!Function} */ Function.prototype.call;/** @constructor 
                          ^

Oct 20, 2021 6:10:45 PM com.google.javascript.jscomp.LoggerErrorManager println
WARNING: externs1:8: WARNING - attempted re-definition of type Array
found   : function (new:Array, *): Array
expected: function (new:Array, ...[*]): Array
 @return {!Array} */function Array(var_args) {}
                    ^

Oct 20, 2021 6:10:45 PM com.google.javascript.jscomp.LoggerErrorManager printSummary
WARNING: 0 error(s), 2 warning(s), 100% typed
.Oct 20, 2021 6:10:45 PM com.google.javascript.jscomp.LoggerErrorManager println
WARNING: externs1:3: WARNING - attempted re-definition of type Function
found   : function (new:Function, *): ?
expected: function (new:Function, ...[*]): ?
 * @param {*} var_args */ function Function(var_args) {}/** @type {!Function} */ Function.prototype.apply;/** @type {!Function} */ Function.prototype.bind;/** @type {!Function} */ Function.prototype.call;/** @constructor 
                          ^

Oct 20, 2021 6:10:45 PM com.google.javascript.jscomp.LoggerErrorManager println
WARNING: externs1:8: WARNING - attempted re-definition of type Array
found   : function (new:Array, *): Array
expected: function (new:Array, ...[*]): Array
 @return {!Array} */function Array(var_args) {}
                    ^

Oct 20, 2021 6:10:45 PM com.google.javascript.jscomp.LoggerErrorManager printSummary
WARNING: 0 error(s), 2 warning(s), 100% typed
.Oct 20, 2021 6:10:45 PM com.google.javascript.jscomp.LoggerErrorManager println
WARNING: externs1:3: WARNING - attempted re-definition of type Function
found   : function (new:Function, *): ?
expected: function (new:Function, ...[*]): ?
 * @param {*} var_args */ function Function(var_args) {}/** @type {!Function} */ Function.prototype.apply;/** @type {!Function} */ Function.prototype.bind;/** @type {!Function} */ Function.prototype.call;/** @constructor 
                          ^

Oct 20, 2021 6:10:45 PM com.google.javascript.jscomp.LoggerErrorManager println
WARNING: externs1:8: WARNING - attempted re-definition of type Array
found   : function (new:Array, *): Array
expected: function (new:Array, ...[*]): Array
 @return {!Array} */function Array(var_args) {}
                    ^

Oct 20, 2021 6:10:45 PM com.google.javascript.jscomp.LoggerErrorManager printSummary
WARNING: 0 error(s), 2 warning(s), 100% typed
.Oct 20, 2021 6:10:45 PM com.google.javascript.jscomp.LoggerErrorManager println
WARNING: externs1:3: WARNING - attempted re-definition of type Function
found   : function (new:Function, *): ?
expected: function (new:Function, ...[*]): ?
 * @param {*} var_args */ function Function(var_args) {}/** @type {!Function} */ Function.prototype.apply;/** @type {!Function} */ Function.prototype.bind;/** @type {!Function} */ Function.prototype.call;/** @constructor 
                          ^

Oct 20, 2021 6:10:45 PM com.google.javascript.jscomp.LoggerErrorManager println
WARNING: externs1:8: WARNING - attempted re-definition of type Array
found   : function (new:Array, *): Array
expected: function (new:Array, ...[*]): Array
 @return {!Array} */function Array(var_args) {}
                    ^

Oct 20, 2021 6:10:45 PM com.google.javascript.jscomp.LoggerErrorManager println
WARNING: in1:2: WARNING - Property require never defined on goog
goog.require('foo.bar')
^

Oct 20, 2021 6:10:45 PM com.google.javascript.jscomp.LoggerErrorManager println
SEVERE: in1:1: ERROR - variable foo is undeclared
foo.bar = function(){};  // definition
^

Oct 20, 2021 6:10:45 PM com.google.javascript.jscomp.LoggerErrorManager println
SEVERE: in1:2: ERROR - variable goog is undeclared
goog.require('foo.bar')
^

Oct 20, 2021 6:10:45 PM com.google.javascript.jscomp.LoggerErrorManager printSummary
WARNING: 2 error(s), 3 warning(s), 57.1% typed
.Oct 20, 2021 6:10:45 PM com.google.javascript.jscomp.LoggerErrorManager println
WARNING: externs1:3: WARNING - attempted re-definition of type Function
found   : function (new:Function, *): ?
expected: function (new:Function, ...[*]): ?
 * @param {*} var_args */ function Function(var_args) {}/** @type {!Function} */ Function.prototype.apply;/** @type {!Function} */ Function.prototype.bind;/** @type {!Function} */ Function.prototype.call;/** @constructor 
                          ^

Oct 20, 2021 6:10:45 PM com.google.javascript.jscomp.LoggerErrorManager println
WARNING: externs1:8: WARNING - attempted re-definition of type Array
found   : function (new:Array, *): Array
expected: function (new:Array, ...[*]): Array
 @return {!Array} */function Array(var_args) {}
                    ^

Oct 20, 2021 6:10:45 PM com.google.javascript.jscomp.LoggerErrorManager printSummary
WARNING: 0 error(s), 2 warning(s), 100% typed
.Oct 20, 2021 6:10:45 PM com.google.javascript.jscomp.LoggerErrorManager println
WARNING: externs1:3: WARNING - attempted re-definition of type Function
found   : function (new:Function, *): ?
expected: function (new:Function, ...[*]): ?
 * @param {*} var_args */ function Function(var_args) {}/** @type {!Function} */ Function.prototype.apply;/** @type {!Function} */ Function.prototype.bind;/** @type {!Function} */ Function.prototype.call;/** @constructor 
                          ^

Oct 20, 2021 6:10:45 PM com.google.javascript.jscomp.LoggerErrorManager println
WARNING: externs1:8: WARNING - attempted re-definition of type Array
found   : function (new:Array, *): Array
expected: function (new:Array, ...[*]): Array
 @return {!Array} */function Array(var_args) {}
                    ^

Oct 20, 2021 6:10:45 PM com.google.javascript.jscomp.LoggerErrorManager printSummary
WARNING: 0 error(s), 2 warning(s)
.Oct 20, 2021 6:10:45 PM com.google.javascript.jscomp.LoggerErrorManager println
WARNING: externs1:3: WARNING - attempted re-definition of type Function
found   : function (new:Function, *): ?
expected: function (new:Function, ...[*]): ?
 * @param {*} var_args */ function Function(var_args) {}/** @type {!Function} */ Function.prototype.apply;/** @type {!Function} */ Function.prototype.bind;/** @type {!Function} */ Function.prototype.call;/** @constructor 
                          ^

Oct 20, 2021 6:10:45 PM com.google.javascript.jscomp.LoggerErrorManager println
WARNING: externs1:8: WARNING - attempted re-definition of type Array
found   : function (new:Array, *): Array
expected: function (new:Array, ...[*]): Array
 @return {!Array} */function Array(var_args) {}
                    ^

Oct 20, 2021 6:10:45 PM com.google.javascript.jscomp.LoggerErrorManager printSummary
WARNING: 0 error(s), 2 warning(s), 90.9% typed
.Oct 20, 2021 6:10:45 PM com.google.javascript.jscomp.LoggerErrorManager println
WARNING: externs1:3: WARNING - attempted re-definition of type Function
found   : function (new:Function, *): ?
expected: function (new:Function, ...[*]): ?
 * @param {*} var_args */ function Function(var_args) {}/** @type {!Function} */ Function.prototype.apply;/** @type {!Function} */ Function.prototype.bind;/** @type {!Function} */ Function.prototype.call;/** @constructor 
                          ^

Oct 20, 2021 6:10:45 PM com.google.javascript.jscomp.LoggerErrorManager println
WARNING: externs1:8: WARNING - attempted re-definition of type Array
found   : function (new:Array, *): Array
expected: function (new:Array, ...[*]): Array
 @return {!Array} */function Array(var_args) {}
                    ^

Oct 20, 2021 6:10:45 PM com.google.javascript.jscomp.LoggerErrorManager println
WARNING: in1:1: WARNING - Suspicious code. The result of the 'add' operator is not being used.
/** @constructor */ var DomHelper = function(){};/** method */ DomHelper.method = function() {};function f() { var x = DomHelper; x.method() + x.method(); }
                                                                                                                                  ^

Oct 20, 2021 6:10:45 PM com.google.javascript.jscomp.LoggerErrorManager printSummary
WARNING: 0 error(s), 3 warning(s), 100% typed
.Oct 20, 2021 6:10:45 PM com.google.javascript.jscomp.LoggerErrorManager println
WARNING: externs1:3: WARNING - attempted re-definition of type Function
found   : function (new:Function, *): ?
expected: function (new:Function, ...[*]): ?
 * @param {*} var_args */ function Function(var_args) {}/** @type {!Function} */ Function.prototype.apply;/** @type {!Function} */ Function.prototype.bind;/** @type {!Function} */ Function.prototype.call;/** @constructor 
                          ^

Oct 20, 2021 6:10:45 PM com.google.javascript.jscomp.LoggerErrorManager println
WARNING: externs1:8: WARNING - attempted re-definition of type Array
found   : function (new:Array, *): Array
expected: function (new:Array, ...[*]): Array
 @return {!Array} */function Array(var_args) {}
                    ^

Oct 20, 2021 6:10:45 PM com.google.javascript.jscomp.LoggerErrorManager printSummary
WARNING: 0 error(s), 2 warning(s), 100% typed
.Oct 20, 2021 6:10:45 PM com.google.javascript.jscomp.LoggerErrorManager println
WARNING: externs1:3: WARNING - attempted re-definition of type Function
found   : function (new:Function, *): ?
expected: function (new:Function, ...[*]): ?
 * @param {*} var_args */ function Function(var_args) {}/** @type {!Function} */ Function.prototype.apply;/** @type {!Function} */ Function.prototype.bind;/** @type {!Function} */ Function.prototype.call;/** @constructor 
                          ^

Oct 20, 2021 6:10:45 PM com.google.javascript.jscomp.LoggerErrorManager println
WARNING: externs1:8: WARNING - attempted re-definition of type Array
found   : function (new:Array, *): Array
expected: function (new:Array, ...[*]): Array
 @return {!Array} */function Array(var_args) {}
                    ^

Oct 20, 2021 6:10:45 PM com.google.javascript.jscomp.LoggerErrorManager printSummary
WARNING: 0 error(s), 2 warning(s), 100% typed
.Oct 20, 2021 6:10:45 PM com.google.javascript.jscomp.LoggerErrorManager println
WARNING: externs1:3: WARNING - attempted re-definition of type Function
found   : function (new:Function, *): ?
expected: function (new:Function, ...[*]): ?
 * @param {*} var_args */ function Function(var_args) {}/** @type {!Function} */ Function.prototype.apply;/** @type {!Function} */ Function.prototype.bind;/** @type {!Function} */ Function.prototype.call;/** @constructor 
                          ^

Oct 20, 2021 6:10:45 PM com.google.javascript.jscomp.LoggerErrorManager println
WARNING: externs1:8: WARNING - attempted re-definition of type Array
found   : function (new:Array, *): Array
expected: function (new:Array, ...[*]): Array
 @return {!Array} */function Array(var_args) {}
                    ^

Oct 20, 2021 6:10:45 PM com.google.javascript.jscomp.LoggerErrorManager println
WARNING: in1:3: WARNING - Bad type annotation. Unknown type Missing
 * @extends {Missing}
             ^

Oct 20, 2021 6:10:45 PM com.google.javascript.jscomp.LoggerErrorManager printSummary
WARNING: 0 error(s), 3 warning(s), 78.6% typed
.Oct 20, 2021 6:10:45 PM com.google.javascript.jscomp.LoggerErrorManager println
WARNING: externs1:3: WARNING - attempted re-definition of type Function
found   : function (new:Function, *): ?
expected: function (new:Function, ...[*]): ?
 * @param {*} var_args */ function Function(var_args) {}/** @type {!Function} */ Function.prototype.apply;/** @type {!Function} */ Function.prototype.bind;/** @type {!Function} */ Function.prototype.call;/** @constructor 
                          ^

Oct 20, 2021 6:10:45 PM com.google.javascript.jscomp.LoggerErrorManager println
WARNING: externs1:8: WARNING - attempted re-definition of type Array
found   : function (new:Array, *): Array
expected: function (new:Array, ...[*]): Array
 @return {!Array} */function Array(var_args) {}
                    ^

Oct 20, 2021 6:10:45 PM com.google.javascript.jscomp.LoggerErrorManager println
WARNING: in1:3: WARNING - Bad type annotation. Unknown type Missing
 * @extends {Missing}
             ^

Oct 20, 2021 6:10:45 PM com.google.javascript.jscomp.LoggerErrorManager printSummary
WARNING: 0 error(s), 3 warning(s), 78.6% typed
.Oct 20, 2021 6:10:46 PM com.google.javascript.jscomp.LoggerErrorManager println
WARNING: externs1:3: WARNING - attempted re-definition of type Function
found   : function (new:Function, *): ?
expected: function (new:Function, ...[*]): ?
 * @param {*} var_args */ function Function(var_args) {}/** @type {!Function} */ Function.prototype.apply;/** @type {!Function} */ Function.prototype.bind;/** @type {!Function} */ Function.prototype.call;/** @constructor 
                          ^

Oct 20, 2021 6:10:46 PM com.google.javascript.jscomp.LoggerErrorManager println
WARNING: externs1:8: WARNING - attempted re-definition of type Array
found   : function (new:Array, *): Array
expected: function (new:Array, ...[*]): Array
 @return {!Array} */function Array(var_args) {}
                    ^

Oct 20, 2021 6:10:46 PM com.google.javascript.jscomp.LoggerErrorManager printSummary
WARNING: 0 error(s), 2 warning(s), 100% typed
.Oct 20, 2021 6:10:46 PM com.google.javascript.jscomp.LoggerErrorManager println
WARNING: externs1:3: WARNING - attempted re-definition of type Function
found   : function (new:Function, *): ?
expected: function (new:Function, ...[*]): ?
 * @param {*} var_args */ function Function(var_args) {}/** @type {!Function} */ Function.prototype.apply;/** @type {!Function} */ Function.prototype.bind;/** @type {!Function} */ Function.prototype.call;/** @constructor 
                          ^

Oct 20, 2021 6:10:46 PM com.google.javascript.jscomp.LoggerErrorManager println
WARNING: externs1:8: WARNING - attempted re-definition of type Array
found   : function (new:Array, *): Array
expected: function (new:Array, ...[*]): Array
 @return {!Array} */function Array(var_args) {}
                    ^

Oct 20, 2021 6:10:46 PM com.google.javascript.jscomp.LoggerErrorManager println
SEVERE: in1:1: ERROR - variable x is undeclared
/** @constructor */ var DomHelper = function(){};DomHelper.prototype.method = function() {   this.field = 3;  return x.field;}
                                                                                                                     ^

Oct 20, 2021 6:10:46 PM com.google.javascript.jscomp.LoggerErrorManager printSummary
WARNING: 1 error(s), 2 warning(s), 83.3% typed
.Oct 20, 2021 6:10:46 PM com.google.javascript.jscomp.LoggerErrorManager println
WARNING: externs1:3: WARNING - attempted re-definition of type Function
found   : function (new:Function, *): ?
expected: function (new:Function, ...[*]): ?
 * @param {*} var_args */ function Function(var_args) {}/** @type {!Function} */ Function.prototype.apply;/** @type {!Function} */ Function.prototype.bind;/** @type {!Function} */ Function.prototype.call;/** @constructor 
                          ^

Oct 20, 2021 6:10:46 PM com.google.javascript.jscomp.LoggerErrorManager println
WARNING: externs1:8: WARNING - attempted re-definition of type Array
found   : function (new:Array, *): Array
expected: function (new:Array, ...[*]): Array
 @return {!Array} */function Array(var_args) {}
                    ^

Oct 20, 2021 6:10:46 PM com.google.javascript.jscomp.LoggerErrorManager printSummary
WARNING: 0 error(s), 2 warning(s), 100% typed
.Oct 20, 2021 6:10:46 PM com.google.javascript.jscomp.LoggerErrorManager println
WARNING: externs1:3: WARNING - attempted re-definition of type Function
found   : function (new:Function, *): ?
expected: function (new:Function, ...[*]): ?
 * @param {*} var_args */ function Function(var_args) {}/** @type {!Function} */ Function.prototype.apply;/** @type {!Function} */ Function.prototype.bind;/** @type {!Function} */ Function.prototype.call;/** @constructor 
                          ^

Oct 20, 2021 6:10:46 PM com.google.javascript.jscomp.LoggerErrorManager println
WARNING: externs1:8: WARNING - attempted re-definition of type Array
found   : function (new:Array, *): Array
expected: function (new:Array, ...[*]): Array
 @return {!Array} */function Array(var_args) {}
                    ^

Oct 20, 2021 6:10:46 PM com.google.javascript.jscomp.LoggerErrorManager printSummary
WARNING: 0 error(s), 2 warning(s), 100% typed
.Oct 20, 2021 6:10:46 PM com.google.javascript.jscomp.LoggerErrorManager println
WARNING: externs1:3: WARNING - attempted re-definition of type Function
found   : function (new:Function, *): ?
expected: function (new:Function, ...[*]): ?
 * @param {*} var_args */ function Function(var_args) {}/** @type {!Function} */ Function.prototype.apply;/** @type {!Function} */ Function.prototype.bind;/** @type {!Function} */ Function.prototype.call;/** @constructor 
                          ^

Oct 20, 2021 6:10:46 PM com.google.javascript.jscomp.LoggerErrorManager println
WARNING: externs1:8: WARNING - attempted re-definition of type Array
found   : function (new:Array, *): Array
expected: function (new:Array, ...[*]): Array
 @return {!Array} */function Array(var_args) {}
                    ^

Oct 20, 2021 6:10:46 PM com.google.javascript.jscomp.LoggerErrorManager printSummary
WARNING: 0 error(s), 2 warning(s), 100% typed
.Oct 20, 2021 6:10:46 PM com.google.javascript.jscomp.LoggerErrorManager println
WARNING: externs1:3: WARNING - attempted re-definition of type Function
found   : function (new:Function, *): ?
expected: function (new:Function, ...[*]): ?
 * @param {*} var_args */ function Function(var_args) {}/** @type {!Function} */ Function.prototype.apply;/** @type {!Function} */ Function.prototype.bind;/** @type {!Function} */ Function.prototype.call;/** @constructor 
                          ^

Oct 20, 2021 6:10:46 PM com.google.javascript.jscomp.LoggerErrorManager println
WARNING: externs1:8: WARNING - attempted re-definition of type Array
found   : function (new:Array, *): Array
expected: function (new:Array, ...[*]): Array
 @return {!Array} */function Array(var_args) {}
                    ^

Oct 20, 2021 6:10:46 PM com.google.javascript.jscomp.LoggerErrorManager printSummary
WARNING: 0 error(s), 2 warning(s), 100% typed
.Oct 20, 2021 6:10:46 PM com.google.javascript.jscomp.LoggerErrorManager println
WARNING: externs1:3: WARNING - attempted re-definition of type Function
found   : function (new:Function, *): ?
expected: function (new:Function, ...[*]): ?
 * @param {*} var_args */ function Function(var_args) {}/** @type {!Function} */ Function.prototype.apply;/** @type {!Function} */ Function.prototype.bind;/** @type {!Function} */ Function.prototype.call;/** @constructor 
                          ^

Oct 20, 2021 6:10:46 PM com.google.javascript.jscomp.LoggerErrorManager println
WARNING: externs1:8: WARNING - attempted re-definition of type Array
found   : function (new:Array, *): Array
expected: function (new:Array, ...[*]): Array
 @return {!Array} */function Array(var_args) {}
                    ^

Oct 20, 2021 6:10:46 PM com.google.javascript.jscomp.LoggerErrorManager printSummary
WARNING: 0 error(s), 2 warning(s), 100% typed
.Oct 20, 2021 6:10:46 PM com.google.javascript.jscomp.LoggerErrorManager println
WARNING: externs1:3: WARNING - attempted re-definition of type Function
found   : function (new:Function, *): ?
expected: function (new:Function, ...[*]): ?
 * @param {*} var_args */ function Function(var_args) {}/** @type {!Function} */ Function.prototype.apply;/** @type {!Function} */ Function.prototype.bind;/** @type {!Function} */ Function.prototype.call;/** @constructor 
                          ^

Oct 20, 2021 6:10:46 PM com.google.javascript.jscomp.LoggerErrorManager println
WARNING: externs1:8: WARNING - attempted re-definition of type Array
found   : function (new:Array, *): Array
expected: function (new:Array, ...[*]): Array
 @return {!Array} */function Array(var_args) {}
                    ^

Oct 20, 2021 6:10:46 PM com.google.javascript.jscomp.LoggerErrorManager printSummary
WARNING: 0 error(s), 2 warning(s), 100% typed
.Oct 20, 2021 6:10:46 PM com.google.javascript.jscomp.LoggerErrorManager println
WARNING: externs1:3: WARNING - attempted re-definition of type Function
found   : function (new:Function, *): ?
expected: function (new:Function, ...[*]): ?
 * @param {*} var_args */ function Function(var_args) {}/** @type {!Function} */ Function.prototype.apply;/** @type {!Function} */ Function.prototype.bind;/** @type {!Function} */ Function.prototype.call;/** @constructor 
                          ^

Oct 20, 2021 6:10:46 PM com.google.javascript.jscomp.LoggerErrorManager println
WARNING: externs1:8: WARNING - attempted re-definition of type Array
found   : function (new:Array, *): Array
expected: function (new:Array, ...[*]): Array
 @return {!Array} */function Array(var_args) {}
                    ^

Oct 20, 2021 6:10:46 PM com.google.javascript.jscomp.LoggerErrorManager printSummary
WARNING: 0 error(s), 2 warning(s), 100% typed
.Oct 20, 2021 6:10:46 PM com.google.javascript.jscomp.LoggerErrorManager println
WARNING: externs1:3: WARNING - attempted re-definition of type Function
found   : function (new:Function, *): ?
expected: function (new:Function, ...[*]): ?
 * @param {*} var_args */ function Function(var_args) {}/** @type {!Function} */ Function.prototype.apply;/** @type {!Function} */ Function.prototype.bind;/** @type {!Function} */ Function.prototype.call;/** @constructor 
                          ^

Oct 20, 2021 6:10:46 PM com.google.javascript.jscomp.LoggerErrorManager println
WARNING: externs1:8: WARNING - attempted re-definition of type Array
found   : function (new:Array, *): Array
expected: function (new:Array, ...[*]): Array
 @return {!Array} */function Array(var_args) {}
                    ^

Oct 20, 2021 6:10:46 PM com.google.javascript.jscomp.LoggerErrorManager printSummary
WARNING: 0 error(s), 2 warning(s), 100% typed
.Oct 20, 2021 6:10:46 PM com.google.javascript.jscomp.LoggerErrorManager println
WARNING: externs1:3: WARNING - attempted re-definition of type Function
found   : function (new:Function, *): ?
expected: function (new:Function, ...[*]): ?
 * @param {*} var_args */ function Function(var_args) {}/** @type {!Function} */ Function.prototype.apply;/** @type {!Function} */ Function.prototype.bind;/** @type {!Function} */ Function.prototype.call;/** @constructor 
                          ^

Oct 20, 2021 6:10:46 PM com.google.javascript.jscomp.LoggerErrorManager println
WARNING: externs1:8: WARNING - attempted re-definition of type Array
found   : function (new:Array, *): Array
expected: function (new:Array, ...[*]): Array
 @return {!Array} */function Array(var_args) {}
                    ^

Oct 20, 2021 6:10:46 PM com.google.javascript.jscomp.LoggerErrorManager printSummary
WARNING: 0 error(s), 2 warning(s), 100% typed
.Oct 20, 2021 6:10:46 PM com.google.javascript.jscomp.LoggerErrorManager println
WARNING: externs1:3: WARNING - attempted re-definition of type Function
found   : function (new:Function, *): ?
expected: function (new:Function, ...[*]): ?
 * @param {*} var_args */ function Function(var_args) {}/** @type {!Function} */ Function.prototype.apply;/** @type {!Function} */ Function.prototype.bind;/** @type {!Function} */ Function.prototype.call;/** @constructor 
                          ^

Oct 20, 2021 6:10:46 PM com.google.javascript.jscomp.LoggerErrorManager println
WARNING: externs1:8: WARNING - attempted re-definition of type Array
found   : function (new:Array, *): Array
expected: function (new:Array, ...[*]): Array
 @return {!Array} */function Array(var_args) {}
                    ^

Oct 20, 2021 6:10:46 PM com.google.javascript.jscomp.LoggerErrorManager printSummary
WARNING: 0 error(s), 2 warning(s), 100% typed
.Oct 20, 2021 6:10:46 PM com.google.javascript.jscomp.LoggerErrorManager println
WARNING: externs1:3: WARNING - attempted re-definition of type Function
found   : function (new:Function, *): ?
expected: function (new:Function, ...[*]): ?
 * @param {*} var_args */ function Function(var_args) {}/** @type {!Function} */ Function.prototype.apply;/** @type {!Function} */ Function.prototype.bind;/** @type {!Function} */ Function.prototype.call;/** @constructor 
                          ^

Oct 20, 2021 6:10:46 PM com.google.javascript.jscomp.LoggerErrorManager println
WARNING: externs1:8: WARNING - attempted re-definition of type Array
found   : function (new:Array, *): Array
expected: function (new:Array, ...[*]): Array
 @return {!Array} */function Array(var_args) {}
                    ^

Oct 20, 2021 6:10:46 PM com.google.javascript.jscomp.LoggerErrorManager printSummary
WARNING: 0 error(s), 2 warning(s), 100% typed
.Oct 20, 2021 6:10:46 PM com.google.javascript.jscomp.LoggerErrorManager println
WARNING: externs1:3: WARNING - attempted re-definition of type Function
found   : function (new:Function, *): ?
expected: function (new:Function, ...[*]): ?
 * @param {*} var_args */ function Function(var_args) {}/** @type {!Function} */ Function.prototype.apply;/** @type {!Function} */ Function.prototype.bind;/** @type {!Function} */ Function.prototype.call;/** @constructor 
                          ^

Oct 20, 2021 6:10:46 PM com.google.javascript.jscomp.LoggerErrorManager println
WARNING: externs1:8: WARNING - attempted re-definition of type Array
found   : function (new:Array, *): Array
expected: function (new:Array, ...[*]): Array
 @return {!Array} */function Array(var_args) {}
                    ^

Oct 20, 2021 6:10:46 PM com.google.javascript.jscomp.LoggerErrorManager printSummary
WARNING: 0 error(s), 2 warning(s), 99.1% typed
.Oct 20, 2021 6:10:46 PM com.google.javascript.jscomp.LoggerErrorManager println
WARNING: externs1:3: WARNING - attempted re-definition of type Function
found   : function (new:Function, *): ?
expected: function (new:Function, ...[*]): ?
 * @param {*} var_args */ function Function(var_args) {}/** @type {!Function} */ Function.prototype.apply;/** @type {!Function} */ Function.prototype.bind;/** @type {!Function} */ Function.prototype.call;/** @constructor 
                          ^

Oct 20, 2021 6:10:46 PM com.google.javascript.jscomp.LoggerErrorManager println
WARNING: externs1:8: WARNING - attempted re-definition of type Array
found   : function (new:Array, *): Array
expected: function (new:Array, ...[*]): Array
 @return {!Array} */function Array(var_args) {}
                    ^

Oct 20, 2021 6:10:46 PM com.google.javascript.jscomp.LoggerErrorManager println
SEVERE: in1:1: ERROR - variable goog is undeclared
/** @constructor */ goog.Foo = function(){};
                    ^

Oct 20, 2021 6:10:46 PM com.google.javascript.jscomp.LoggerErrorManager printSummary
WARNING: 1 error(s), 2 warning(s), 66.7% typed
.Oct 20, 2021 6:10:46 PM com.google.javascript.jscomp.LoggerErrorManager println
WARNING: externs1:3: WARNING - attempted re-definition of type Function
found   : function (new:Function, *): ?
expected: function (new:Function, ...[*]): ?
 * @param {*} var_args */ function Function(var_args) {}/** @type {!Function} */ Function.prototype.apply;/** @type {!Function} */ Function.prototype.bind;/** @type {!Function} */ Function.prototype.call;/** @constructor 
                          ^

Oct 20, 2021 6:10:46 PM com.google.javascript.jscomp.LoggerErrorManager println
WARNING: externs1:8: WARNING - attempted re-definition of type Array
found   : function (new:Array, *): Array
expected: function (new:Array, ...[*]): Array
 @return {!Array} */function Array(var_args) {}
                    ^

Oct 20, 2021 6:10:46 PM com.google.javascript.jscomp.LoggerErrorManager println
WARNING: in1:1: WARNING - dangerous use of the global this object
function F() {  this.field1 = 3;}F.prototype.method1 = function() {  this.field1 = 5;};(new F()).method1();
                ^

Oct 20, 2021 6:10:46 PM com.google.javascript.jscomp.LoggerErrorManager println
WARNING: in1:1: WARNING - cannot instantiate non-constructor
function F() {  this.field1 = 3;}F.prototype.method1 = function() {  this.field1 = 5;};(new F()).method1();
                                                                                        ^

Oct 20, 2021 6:10:46 PM com.google.javascript.jscomp.LoggerErrorManager printSummary
WARNING: 0 error(s), 4 warning(s), 75% typed
.Oct 20, 2021 6:10:46 PM com.google.javascript.jscomp.LoggerErrorManager println
WARNING: in1:1: WARNING - Parse error. illegal use of unknown JSDoc tag "contstructor"; ignoring it
/** @contstructor */function F() {  this.field1 = 3;}F.prototype.method1 = function() {  this.field1 = 5;};(new F()).method1();
    ^

Oct 20, 2021 6:10:46 PM com.google.javascript.jscomp.LoggerErrorManager printSummary
WARNING: 0 error(s), 1 warning(s)
.Oct 20, 2021 6:10:46 PM com.google.javascript.jscomp.LoggerErrorManager println
WARNING: externs1:3: WARNING - attempted re-definition of type Function
found   : function (new:Function, *): ?
expected: function (new:Function, ...[*]): ?
 * @param {*} var_args */ function Function(var_args) {}/** @type {!Function} */ Function.prototype.apply;/** @type {!Function} */ Function.prototype.bind;/** @type {!Function} */ Function.prototype.call;/** @constructor 
                          ^

Oct 20, 2021 6:10:46 PM com.google.javascript.jscomp.LoggerErrorManager println
WARNING: externs1:8: WARNING - attempted re-definition of type Array
found   : function (new:Array, *): Array
expected: function (new:Array, ...[*]): Array
 @return {!Array} */function Array(var_args) {}
                    ^

Oct 20, 2021 6:10:46 PM com.google.javascript.jscomp.LoggerErrorManager println
WARNING: in1:12: WARNING - Property inherits never defined on goog
goog.inherits(a.b.DerivedClass, a.b.BaseClass);
^

Oct 20, 2021 6:10:46 PM com.google.javascript.jscomp.LoggerErrorManager println
SEVERE: in1:5: ERROR - variable alert is undeclared
  alert('hi');
  ^

Oct 20, 2021 6:10:46 PM com.google.javascript.jscomp.LoggerErrorManager println
SEVERE: in1:12: ERROR - variable goog is undeclared
goog.inherits(a.b.DerivedClass, a.b.BaseClass);
^

Oct 20, 2021 6:10:46 PM com.google.javascript.jscomp.LoggerErrorManager printSummary
WARNING: 2 error(s), 3 warning(s), 92.6% typed
.Oct 20, 2021 6:10:46 PM com.google.javascript.jscomp.LoggerErrorManager println
WARNING: externs1:3: WARNING - attempted re-definition of type Function
found   : function (new:Function, *): ?
expected: function (new:Function, ...[*]): ?
 * @param {*} var_args */ function Function(var_args) {}/** @type {!Function} */ Function.prototype.apply;/** @type {!Function} */ Function.prototype.bind;/** @type {!Function} */ Function.prototype.call;/** @constructor 
                          ^

Oct 20, 2021 6:10:46 PM com.google.javascript.jscomp.LoggerErrorManager println
WARNING: externs1:8: WARNING - attempted re-definition of type Array
found   : function (new:Array, *): Array
expected: function (new:Array, ...[*]): Array
 @return {!Array} */function Array(var_args) {}
                    ^

Oct 20, 2021 6:10:46 PM com.google.javascript.jscomp.LoggerErrorManager printSummary
WARNING: 0 error(s), 2 warning(s), 100% typed
.Oct 20, 2021 6:10:47 PM com.google.javascript.jscomp.LoggerErrorManager println
WARNING: externs1:3: WARNING - attempted re-definition of type Function
found   : function (new:Function, *): ?
expected: function (new:Function, ...[*]): ?
 * @param {*} var_args */ function Function(var_args) {}/** @type {!Function} */ Function.prototype.apply;/** @type {!Function} */ Function.prototype.bind;/** @type {!Function} */ Function.prototype.call;/** @constructor 
                          ^

Oct 20, 2021 6:10:47 PM com.google.javascript.jscomp.LoggerErrorManager println
WARNING: externs1:8: WARNING - attempted re-definition of type Array
found   : function (new:Array, *): Array
expected: function (new:Array, ...[*]): Array
 @return {!Array} */function Array(var_args) {}
                    ^

Oct 20, 2021 6:10:47 PM com.google.javascript.jscomp.LoggerErrorManager printSummary
WARNING: 0 error(s), 2 warning(s), 100% typed
.Oct 20, 2021 6:10:47 PM com.google.javascript.jscomp.LoggerErrorManager println
WARNING: externs1:3: WARNING - attempted re-definition of type Function
found   : function (new:Function, *): ?
expected: function (new:Function, ...[*]): ?
 * @param {*} var_args */ function Function(var_args) {}/** @type {!Function} */ Function.prototype.apply;/** @type {!Function} */ Function.prototype.bind;/** @type {!Function} */ Function.prototype.call;/** @constructor 
                          ^

Oct 20, 2021 6:10:47 PM com.google.javascript.jscomp.LoggerErrorManager println
WARNING: externs1:8: WARNING - attempted re-definition of type Array
found   : function (new:Array, *): Array
expected: function (new:Array, ...[*]): Array
 @return {!Array} */function Array(var_args) {}
                    ^

Oct 20, 2021 6:10:47 PM com.google.javascript.jscomp.LoggerErrorManager printSummary
WARNING: 0 error(s), 2 warning(s), 100% typed
.Oct 20, 2021 6:10:47 PM com.google.javascript.jscomp.LoggerErrorManager println
WARNING: externs1:3: WARNING - attempted re-definition of type Function
found   : function (new:Function, *): ?
expected: function (new:Function, ...[*]): ?
 * @param {*} var_args */ function Function(var_args) {}/** @type {!Function} */ Function.prototype.apply;/** @type {!Function} */ Function.prototype.bind;/** @type {!Function} */ Function.prototype.call;/** @constructor 
                          ^

Oct 20, 2021 6:10:47 PM com.google.javascript.jscomp.LoggerErrorManager println
WARNING: externs1:8: WARNING - attempted re-definition of type Array
found   : function (new:Array, *): Array
expected: function (new:Array, ...[*]): Array
 @return {!Array} */function Array(var_args) {}
                    ^

Oct 20, 2021 6:10:47 PM com.google.javascript.jscomp.LoggerErrorManager printSummary
WARNING: 0 error(s), 2 warning(s)
.Oct 20, 2021 6:10:47 PM com.google.javascript.jscomp.LoggerErrorManager println
WARNING: externs1:3: WARNING - attempted re-definition of type Function
found   : function (new:Function, *): ?
expected: function (new:Function, ...[*]): ?
 * @param {*} var_args */ function Function(var_args) {}/** @type {!Function} */ Function.prototype.apply;/** @type {!Function} */ Function.prototype.bind;/** @type {!Function} */ Function.prototype.call;/** @constructor 
                          ^

Oct 20, 2021 6:10:47 PM com.google.javascript.jscomp.LoggerErrorManager println
WARNING: externs1:8: WARNING - attempted re-definition of type Array
found   : function (new:Array, *): Array
expected: function (new:Array, ...[*]): Array
 @return {!Array} */function Array(var_args) {}
                    ^

Oct 20, 2021 6:10:47 PM com.google.javascript.jscomp.LoggerErrorManager println
WARNING: in1:2: WARNING - goog.dom.Foo defined before its owner. goog.dom is defined at in1:3
/** @constructor */ goog.dom.Foo = function() {};
                    ^

Oct 20, 2021 6:10:47 PM com.google.javascript.jscomp.LoggerErrorManager printSummary
WARNING: 0 error(s), 3 warning(s), 100% typed
.Oct 20, 2021 6:10:47 PM com.google.javascript.jscomp.LoggerErrorManager println
WARNING: externs1:3: WARNING - attempted re-definition of type Function
found   : function (new:Function, *): ?
expected: function (new:Function, ...[*]): ?
 * @param {*} var_args */ function Function(var_args) {}/** @type {!Function} */ Function.prototype.apply;/** @type {!Function} */ Function.prototype.bind;/** @type {!Function} */ Function.prototype.call;/** @constructor 
                          ^

Oct 20, 2021 6:10:47 PM com.google.javascript.jscomp.LoggerErrorManager println
WARNING: externs1:8: WARNING - attempted re-definition of type Array
found   : function (new:Array, *): Array
expected: function (new:Array, ...[*]): Array
 @return {!Array} */function Array(var_args) {}
                    ^

Oct 20, 2021 6:10:47 PM com.google.javascript.jscomp.LoggerErrorManager printSummary
WARNING: 0 error(s), 2 warning(s), 100% typed
.Oct 20, 2021 6:10:47 PM com.google.javascript.jscomp.LoggerErrorManager println
WARNING: externs1:3: WARNING - attempted re-definition of type Function
found   : function (new:Function, *): ?
expected: function (new:Function, ...[*]): ?
 * @param {*} var_args */ function Function(var_args) {}/** @type {!Function} */ Function.prototype.apply;/** @type {!Function} */ Function.prototype.bind;/** @type {!Function} */ Function.prototype.call;/** @constructor 
                          ^

Oct 20, 2021 6:10:47 PM com.google.javascript.jscomp.LoggerErrorManager println
WARNING: externs1:8: WARNING - attempted re-definition of type Array
found   : function (new:Array, *): Array
expected: function (new:Array, ...[*]): Array
 @return {!Array} */function Array(var_args) {}
                    ^

Oct 20, 2021 6:10:47 PM com.google.javascript.jscomp.LoggerErrorManager printSummary
WARNING: 0 error(s), 2 warning(s)
.Oct 20, 2021 6:10:47 PM com.google.javascript.jscomp.LoggerErrorManager println
WARNING: externs1:3: WARNING - attempted re-definition of type Function
found   : function (new:Function, *): ?
expected: function (new:Function, ...[*]): ?
 * @param {*} var_args */ function Function(var_args) {}/** @type {!Function} */ Function.prototype.apply;/** @type {!Function} */ Function.prototype.bind;/** @type {!Function} */ Function.prototype.call;/** @constructor 
                          ^

Oct 20, 2021 6:10:47 PM com.google.javascript.jscomp.LoggerErrorManager println
WARNING: externs1:8: WARNING - attempted re-definition of type Array
found   : function (new:Array, *): Array
expected: function (new:Array, ...[*]): Array
 @return {!Array} */function Array(var_args) {}
                    ^

Oct 20, 2021 6:10:47 PM com.google.javascript.jscomp.LoggerErrorManager printSummary
WARNING: 0 error(s), 2 warning(s), 100% typed
........................................................................................................................................................................................................................................................................................................................................................................................................................................................................................................................................................................................................................................................................................................................................................................................................................................................................................................................................................................................................................................................................................................................................................................................................................................................................................................................................................................................................................................................................................................................................................................................................................................................................................................LOG:unknown:///unknown:1+23: Semicolon inserted
LOG:unknown:///unknown:1+23: Semicolon inserted
LOG:unknown:///unknown:1+40: Semicolon inserted
LOG:unknown:///unknown:1+40: Semicolon inserted
LOG:unknown:///unknown:1+39: Semicolon inserted
LOG:unknown:///unknown:1+66: Semicolon inserted
LOG:unknown:///unknown:1+39: Semicolon inserted
LOG:unknown:///unknown:1+66: Semicolon inserted
LOG:unknown:///unknown:1+102: Semicolon inserted
LOG:unknown:///unknown:1+103: Semicolon inserted
LOG:unknown:///unknown:1+102: Semicolon inserted
LOG:unknown:///unknown:1+103: Semicolon inserted
LOG:unknown:///unknown:1+19: Semicolon inserted
LOG:unknown:///unknown:1+19: Semicolon inserted
LOG:unknown:///unknown:1+37: Semicolon inserted
LOG:unknown:///unknown:1+37: Semicolon inserted
LOG:unknown:///unknown:1+35: Semicolon inserted
LOG:unknown:///unknown:1+62: Semicolon inserted
LOG:unknown:///unknown:1+35: Semicolon inserted
LOG:unknown:///unknown:1+62: Semicolon inserted
LOG:unknown:///unknown:1+98: Semicolon inserted
LOG:unknown:///unknown:1+99: Semicolon inserted
LOG:unknown:///unknown:1+98: Semicolon inserted
LOG:unknown:///unknown:1+99: Semicolon inserted
.LOG:unknown:///unknown:1+68: Semicolon inserted
LOG:unknown:///unknown:1+72: Semicolon inserted
LOG:unknown:///unknown:1+68: Semicolon inserted
LOG:unknown:///unknown:1+72: Semicolon inserted
.LOG:unknown:///unknown:1+30: Semicolon inserted
LOG:unknown:///unknown:1+30: Semicolon inserted
LOG:unknown:///unknown:1+109: Semicolon inserted
LOG:unknown:///unknown:1+110: Semicolon inserted
LOG:unknown:///unknown:1+109: Semicolon inserted
LOG:unknown:///unknown:1+110: Semicolon inserted
LOG:unknown:///unknown:1+19: Semicolon inserted
LOG:unknown:///unknown:1+19: Semicolon inserted
LOG:unknown:///unknown:1+43: Semicolon inserted
LOG:unknown:///unknown:1+43: Semicolon inserted
LOG:unknown:///unknown:1+48: Semicolon inserted
LOG:unknown:///unknown:1+48: Semicolon inserted
LOG:unknown:///unknown:1+44: Semicolon inserted
LOG:unknown:///unknown:1+71: Semicolon inserted
LOG:unknown:///unknown:1+44: Semicolon inserted
LOG:unknown:///unknown:1+71: Semicolon inserted
.LOG:unknown:///unknown:1+104: Semicolon inserted
LOG:unknown:///unknown:1+105: Semicolon inserted
LOG:unknown:///unknown:1+104: Semicolon inserted
LOG:unknown:///unknown:1+105: Semicolon inserted
.LOG:unknown:///unknown:1+18: Semicolon inserted
LOG:unknown:///unknown:1+18: Semicolon inserted
LOG:unknown:///unknown:1+97: Semicolon inserted
LOG:unknown:///unknown:1+98: Semicolon inserted
LOG:unknown:///unknown:1+97: Semicolon inserted
LOG:unknown:///unknown:1+98: Semicolon inserted
...LOG:unknown:///unknown:1+34: Semicolon inserted
LOG:unknown:///unknown:1+34: Semicolon inserted
LOG:unknown:///unknown:1+34: Semicolon inserted
LOG:unknown:///unknown:1+34: Semicolon inserted
LOG:unknown:///unknown:1+42: Semicolon inserted
LOG:unknown:///unknown:1+42: Semicolon inserted
LOG:unknown:///unknown:1+28: Semicolon inserted
LOG:unknown:///unknown:1+28: Semicolon inserted
LOG:unknown:///unknown:1+42: Semicolon inserted
LOG:unknown:///unknown:1+42: Semicolon inserted
LOG:unknown:///unknown:1+62: Semicolon inserted
LOG:unknown:///unknown:1+63: Semicolon inserted
LOG:unknown:///unknown:1+62: Semicolon inserted
LOG:unknown:///unknown:1+63: Semicolon inserted
..LOG:unknown:///unknown:1+16: Semicolon inserted
LOG:unknown:///unknown:1+16: Semicolon inserted
LOG:unknown:///unknown:1+20: Semicolon inserted
LOG:unknown:///unknown:1+20: Semicolon inserted
.WARNING:unknown:///unknown:1+2 - 3: Will not work in IE
java.lang.Exception
	at com.google.caja.reporting.EchoingMessageQueue$1.add(EchoingMessageQueue.java:52)
	at com.google.caja.reporting.EchoingMessageQueue$1.add(EchoingMessageQueue.java:40)
	at java.util.AbstractList.add(AbstractList.java:108)
	at com.google.caja.reporting.AbstractMessageQueue.addMessage(AbstractMessageQueue.java:25)
	at com.google.caja.parser.js.Parser.parseExpressionAtom(Parser.java:1138)
	at com.google.caja.parser.js.Parser.parseOp(Parser.java:792)
	at com.google.caja.parser.js.Parser.parseExpressionInt(Parser.java:727)
	at com.google.caja.parser.js.Parser.parseExpressionStmt(Parser.java:1281)
	at com.google.caja.parser.js.Parser.parseStatementWithoutLabel(Parser.java:706)
	at com.google.caja.parser.js.Parser.parseStatement(Parser.java:306)
	at com.google.caja.parser.js.Parser.parseTerminatedStatement(Parser.java:1312)
	at com.google.caja.parser.js.Parser.parseProgramOrFunctionBody(Parser.java:325)
	at com.google.caja.parser.js.Parser.parseProgram(Parser.java:314)
	at com.google.caja.parser.js.Parser.parse(Parser.java:272)
	at com.google.caja.parser.js.JsonMLParser.parse(JsonMLParser.java:42)
	at com.google.caja.parser.js.JsonMLParser.parse(JsonMLParser.java:31)
	at com.google.caja.parser.js.JsonMLParser.parse(JsonMLParser.java:26)
	at com.google.caja.parser.js.JsonMLParser.parse(JsonMLParser.java:22)
	at com.google.javascript.jscomp.jsonml.JsonMLConversionTest.testConversion(JsonMLConversionTest.java:79)
	at com.google.javascript.jscomp.jsonml.JsonMLConversionTest.testArray(JsonMLConversionTest.java:91)
	at sun.reflect.NativeMethodAccessorImpl.invoke0(Native Method)
	at sun.reflect.NativeMethodAccessorImpl.invoke(NativeMethodAccessorImpl.java:62)
	at sun.reflect.DelegatingMethodAccessorImpl.invoke(DelegatingMethodAccessorImpl.java:43)
	at java.lang.reflect.Method.invoke(Method.java:498)
	at junit.framework.TestCase.runTest(TestCase.java:168)
	at junit.framework.TestCase.runBare(TestCase.java:134)
	at junit.framework.TestResult$1.protect(TestResult.java:110)
	at junit.framework.TestResult.runProtected(TestResult.java:128)
	at junit.framework.TestResult.run(TestResult.java:113)
	at junit.framework.TestCase.run(TestCase.java:124)
	at junit.framework.TestSuite.runTest(TestSuite.java:243)
	at junit.framework.TestSuite.run(TestSuite.java:238)
	at org.junit.internal.runners.JUnit38ClassRunner.run(JUnit38ClassRunner.java:83)
	at org.junit.runners.Suite.runChild(Suite.java:128)
	at org.junit.runners.Suite.runChild(Suite.java:24)
	at org.junit.runners.ParentRunner$3.run(ParentRunner.java:231)
	at org.junit.runners.ParentRunner$1.schedule(ParentRunner.java:60)
	at org.junit.runners.ParentRunner.runChildren(ParentRunner.java:229)
	at org.junit.runners.ParentRunner.access$000(ParentRunner.java:50)
	at org.junit.runners.ParentRunner$2.evaluate(ParentRunner.java:222)
	at org.junit.runners.ParentRunner.run(ParentRunner.java:300)
	at org.junit.runner.JUnitCore.run(JUnitCore.java:157)
	at org.junit.runner.JUnitCore.run(JUnitCore.java:136)
	at org.junit.runner.JUnitCore.run(JUnitCore.java:117)
	at org.junit.runner.JUnitCore.runMain(JUnitCore.java:98)
	at org.junit.runner.JUnitCore.runMainAndExit(JUnitCore.java:53)
	at org.junit.runner.JUnitCore.main(JUnitCore.java:45)
WARNING:unknown:///unknown:1+2 - 3: Will not work in IE
java.lang.Exception
	at com.google.caja.reporting.EchoingMessageQueue$1.add(EchoingMessageQueue.java:52)
	at com.google.caja.reporting.EchoingMessageQueue$1.add(EchoingMessageQueue.java:40)
	at java.util.AbstractList.add(AbstractList.java:108)
	at com.google.caja.reporting.AbstractMessageQueue.addMessage(AbstractMessageQueue.java:25)
	at com.google.caja.parser.js.Parser.parseExpressionAtom(Parser.java:1138)
	at com.google.caja.parser.js.Parser.parseOp(Parser.java:792)
	at com.google.caja.parser.js.Parser.parseExpressionInt(Parser.java:727)
	at com.google.caja.parser.js.Parser.parseExpressionStmt(Parser.java:1281)
	at com.google.caja.parser.js.Parser.parseStatementWithoutLabel(Parser.java:706)
	at com.google.caja.parser.js.Parser.parseStatement(Parser.java:306)
	at com.google.caja.parser.js.Parser.parseTerminatedStatement(Parser.java:1312)
	at com.google.caja.parser.js.Parser.parseProgramOrFunctionBody(Parser.java:325)
	at com.google.caja.parser.js.Parser.parseProgram(Parser.java:314)
	at com.google.caja.parser.js.Parser.parse(Parser.java:272)
	at com.google.caja.parser.js.JsonMLParser.parse(JsonMLParser.java:42)
	at com.google.caja.parser.js.JsonMLParser.parse(JsonMLParser.java:31)
	at com.google.caja.parser.js.JsonMLParser.parse(JsonMLParser.java:26)
	at com.google.caja.parser.js.JsonMLParser.parse(JsonMLParser.java:22)
	at com.google.javascript.jscomp.jsonml.JsonMLConversionTest.testConversion(JsonMLConversionTest.java:86)
	at com.google.javascript.jscomp.jsonml.JsonMLConversionTest.testArray(JsonMLConversionTest.java:91)
	at sun.reflect.NativeMethodAccessorImpl.invoke0(Native Method)
	at sun.reflect.NativeMethodAccessorImpl.invoke(NativeMethodAccessorImpl.java:62)
	at sun.reflect.DelegatingMethodAccessorImpl.invoke(DelegatingMethodAccessorImpl.java:43)
	at java.lang.reflect.Method.invoke(Method.java:498)
	at junit.framework.TestCase.runTest(TestCase.java:168)
	at junit.framework.TestCase.runBare(TestCase.java:134)
	at junit.framework.TestResult$1.protect(TestResult.java:110)
	at junit.framework.TestResult.runProtected(TestResult.java:128)
	at junit.framework.TestResult.run(TestResult.java:113)
	at junit.framework.TestCase.run(TestCase.java:124)
	at junit.framework.TestSuite.runTest(TestSuite.java:243)
	at junit.framework.TestSuite.run(TestSuite.java:238)
	at org.junit.internal.runners.JUnit38ClassRunner.run(JUnit38ClassRunner.java:83)
	at org.junit.runners.Suite.runChild(Suite.java:128)
	at org.junit.runners.Suite.runChild(Suite.java:24)
	at org.junit.runners.ParentRunner$3.run(ParentRunner.java:231)
	at org.junit.runners.ParentRunner$1.schedule(ParentRunner.java:60)
	at org.junit.runners.ParentRunner.runChildren(ParentRunner.java:229)
	at org.junit.runners.ParentRunner.access$000(ParentRunner.java:50)
	at org.junit.runners.ParentRunner$2.evaluate(ParentRunner.java:222)
	at org.junit.runners.ParentRunner.run(ParentRunner.java:300)
	at org.junit.runner.JUnitCore.run(JUnitCore.java:157)
	at org.junit.runner.JUnitCore.run(JUnitCore.java:136)
	at org.junit.runner.JUnitCore.run(JUnitCore.java:117)
	at org.junit.runner.JUnitCore.runMain(JUnitCore.java:98)
	at org.junit.runner.JUnitCore.runMainAndExit(JUnitCore.java:53)
	at org.junit.runner.JUnitCore.main(JUnitCore.java:45)
.WARNING:unknown:///unknown:1+2 - 3: Will not work in IE
java.lang.Exception
	at com.google.caja.reporting.EchoingMessageQueue$1.add(EchoingMessageQueue.java:52)
	at com.google.caja.reporting.EchoingMessageQueue$1.add(EchoingMessageQueue.java:40)
	at java.util.AbstractList.add(AbstractList.java:108)
	at com.google.caja.reporting.AbstractMessageQueue.addMessage(AbstractMessageQueue.java:25)
	at com.google.caja.parser.js.Parser.parseExpressionAtom(Parser.java:1138)
	at com.google.caja.parser.js.Parser.parseOp(Parser.java:792)
	at com.google.caja.parser.js.Parser.parseExpressionInt(Parser.java:727)
	at com.google.caja.parser.js.Parser.parseExpressionStmt(Parser.java:1281)
	at com.google.caja.parser.js.Parser.parseStatementWithoutLabel(Parser.java:706)
	at com.google.caja.parser.js.Parser.parseStatement(Parser.java:306)
	at com.google.caja.parser.js.Parser.parseTerminatedStatement(Parser.java:1312)
	at com.google.caja.parser.js.Parser.parseProgramOrFunctionBody(Parser.java:325)
	at com.google.caja.parser.js.Parser.parseProgram(Parser.java:314)
	at com.google.caja.parser.js.Parser.parse(Parser.java:272)
	at com.google.caja.parser.js.JsonMLParser.parse(JsonMLParser.java:42)
	at com.google.caja.parser.js.JsonMLParser.parse(JsonMLParser.java:31)
	at com.google.caja.parser.js.JsonMLParser.parse(JsonMLParser.java:26)
	at com.google.caja.parser.js.JsonMLParser.parse(JsonMLParser.java:22)
	at com.google.javascript.jscomp.jsonml.JsonMLConversionTest.testConversion(JsonMLConversionTest.java:79)
	at com.google.javascript.jscomp.jsonml.JsonMLConversionTest.testArray1(JsonMLConversionTest.java:102)
	at sun.reflect.NativeMethodAccessorImpl.invoke0(Native Method)
	at sun.reflect.NativeMethodAccessorImpl.invoke(NativeMethodAccessorImpl.java:62)
	at sun.reflect.DelegatingMethodAccessorImpl.invoke(DelegatingMethodAccessorImpl.java:43)
	at java.lang.reflect.Method.invoke(Method.java:498)
	at junit.framework.TestCase.runTest(TestCase.java:168)
	at junit.framework.TestCase.runBare(TestCase.java:134)
	at junit.framework.TestResult$1.protect(TestResult.java:110)
	at junit.framework.TestResult.runProtected(TestResult.java:128)
	at junit.framework.TestResult.run(TestResult.java:113)
	at junit.framework.TestCase.run(TestCase.java:124)
	at junit.framework.TestSuite.runTest(TestSuite.java:243)
	at junit.framework.TestSuite.run(TestSuite.java:238)
	at org.junit.internal.runners.JUnit38ClassRunner.run(JUnit38ClassRunner.java:83)
	at org.junit.runners.Suite.runChild(Suite.java:128)
	at org.junit.runners.Suite.runChild(Suite.java:24)
	at org.junit.runners.ParentRunner$3.run(ParentRunner.java:231)
	at org.junit.runners.ParentRunner$1.schedule(ParentRunner.java:60)
	at org.junit.runners.ParentRunner.runChildren(ParentRunner.java:229)
	at org.junit.runners.ParentRunner.access$000(ParentRunner.java:50)
	at org.junit.runners.ParentRunner$2.evaluate(ParentRunner.java:222)
	at org.junit.runners.ParentRunner.run(ParentRunner.java:300)
	at org.junit.runner.JUnitCore.run(JUnitCore.java:157)
	at org.junit.runner.JUnitCore.run(JUnitCore.java:136)
	at org.junit.runner.JUnitCore.run(JUnitCore.java:117)
	at org.junit.runner.JUnitCore.runMain(JUnitCore.java:98)
	at org.junit.runner.JUnitCore.runMainAndExit(JUnitCore.java:53)
	at org.junit.runner.JUnitCore.main(JUnitCore.java:45)
WARNING:unknown:///unknown:1+2 - 3: Will not work in IE
java.lang.Exception
	at com.google.caja.reporting.EchoingMessageQueue$1.add(EchoingMessageQueue.java:52)
	at com.google.caja.reporting.EchoingMessageQueue$1.add(EchoingMessageQueue.java:40)
	at java.util.AbstractList.add(AbstractList.java:108)
	at com.google.caja.reporting.AbstractMessageQueue.addMessage(AbstractMessageQueue.java:25)
	at com.google.caja.parser.js.Parser.parseExpressionAtom(Parser.java:1138)
	at com.google.caja.parser.js.Parser.parseOp(Parser.java:792)
	at com.google.caja.parser.js.Parser.parseExpressionInt(Parser.java:727)
	at com.google.caja.parser.js.Parser.parseExpressionStmt(Parser.java:1281)
	at com.google.caja.parser.js.Parser.parseStatementWithoutLabel(Parser.java:706)
	at com.google.caja.parser.js.Parser.parseStatement(Parser.java:306)
	at com.google.caja.parser.js.Parser.parseTerminatedStatement(Parser.java:1312)
	at com.google.caja.parser.js.Parser.parseProgramOrFunctionBody(Parser.java:325)
	at com.google.caja.parser.js.Parser.parseProgram(Parser.java:314)
	at com.google.caja.parser.js.Parser.parse(Parser.java:272)
	at com.google.caja.parser.js.JsonMLParser.parse(JsonMLParser.java:42)
	at com.google.caja.parser.js.JsonMLParser.parse(JsonMLParser.java:31)
	at com.google.caja.parser.js.JsonMLParser.parse(JsonMLParser.java:26)
	at com.google.caja.parser.js.JsonMLParser.parse(JsonMLParser.java:22)
	at com.google.javascript.jscomp.jsonml.JsonMLConversionTest.testConversion(JsonMLConversionTest.java:86)
	at com.google.javascript.jscomp.jsonml.JsonMLConversionTest.testArray1(JsonMLConversionTest.java:102)
	at sun.reflect.NativeMethodAccessorImpl.invoke0(Native Method)
	at sun.reflect.NativeMethodAccessorImpl.invoke(NativeMethodAccessorImpl.java:62)
	at sun.reflect.DelegatingMethodAccessorImpl.invoke(DelegatingMethodAccessorImpl.java:43)
	at java.lang.reflect.Method.invoke(Method.java:498)
	at junit.framework.TestCase.runTest(TestCase.java:168)
	at junit.framework.TestCase.runBare(TestCase.java:134)
	at junit.framework.TestResult$1.protect(TestResult.java:110)
	at junit.framework.TestResult.runProtected(TestResult.java:128)
	at junit.framework.TestResult.run(TestResult.java:113)
	at junit.framework.TestCase.run(TestCase.java:124)
	at junit.framework.TestSuite.runTest(TestSuite.java:243)
	at junit.framework.TestSuite.run(TestSuite.java:238)
	at org.junit.internal.runners.JUnit38ClassRunner.run(JUnit38ClassRunner.java:83)
	at org.junit.runners.Suite.runChild(Suite.java:128)
	at org.junit.runners.Suite.runChild(Suite.java:24)
	at org.junit.runners.ParentRunner$3.run(ParentRunner.java:231)
	at org.junit.runners.ParentRunner$1.schedule(ParentRunner.java:60)
	at org.junit.runners.ParentRunner.runChildren(ParentRunner.java:229)
	at org.junit.runners.ParentRunner.access$000(ParentRunner.java:50)
	at org.junit.runners.ParentRunner$2.evaluate(ParentRunner.java:222)
	at org.junit.runners.ParentRunner.run(ParentRunner.java:300)
	at org.junit.runner.JUnitCore.run(JUnitCore.java:157)
	at org.junit.runner.JUnitCore.run(JUnitCore.java:136)
	at org.junit.runner.JUnitCore.run(JUnitCore.java:117)
	at org.junit.runner.JUnitCore.runMain(JUnitCore.java:98)
	at org.junit.runner.JUnitCore.runMainAndExit(JUnitCore.java:53)
	at org.junit.runner.JUnitCore.main(JUnitCore.java:45)
..LOG:unknown:///unknown:1+39: Semicolon inserted
LOG:unknown:///unknown:1+39: Semicolon inserted
LOG:unknown:///unknown:1+35: Semicolon inserted
LOG:unknown:///unknown:1+35: Semicolon inserted
LOG:unknown:///unknown:1+43: Semicolon inserted
LOG:unknown:///unknown:1+43: Semicolon inserted
LOG:unknown:///unknown:1+36: Semicolon inserted
LOG:unknown:///unknown:1+36: Semicolon inserted
....LOG:unknown:///unknown:1+13: Semicolon inserted
LOG:unknown:///unknown:1+13: Semicolon inserted
LOG:unknown:///unknown:1+29: Semicolon inserted
LOG:unknown:///unknown:1+29: Semicolon inserted
LOG:unknown:///unknown:1+43: Semicolon inserted
LOG:unknown:///unknown:1+43: Semicolon inserted
.LOG:unknown:///unknown:1+87: Semicolon inserted
LOG:unknown:///unknown:1+88: Semicolon inserted
LOG:unknown:///unknown:1+87: Semicolon inserted
LOG:unknown:///unknown:1+88: Semicolon inserted
.LOG:unknown:///unknown:1+17: Semicolon inserted
LOG:unknown:///unknown:1+17: Semicolon inserted
LOG:unknown:///unknown:1+17: Semicolon inserted
LOG:unknown:///unknown:1+30: Semicolon inserted
LOG:unknown:///unknown:1+17: Semicolon inserted
LOG:unknown:///unknown:1+30: Semicolon inserted
LOG:unknown:///unknown:1+22: Semicolon inserted
LOG:unknown:///unknown:1+35: Semicolon inserted
LOG:unknown:///unknown:1+22: Semicolon inserted
LOG:unknown:///unknown:1+35: Semicolon inserted
LOG:unknown:///unknown:1+26: Semicolon inserted
LOG:unknown:///unknown:1+39: Semicolon inserted
LOG:unknown:///unknown:1+26: Semicolon inserted
LOG:unknown:///unknown:1+39: Semicolon inserted
LOG:unknown:///unknown:1+17: Semicolon inserted
LOG:unknown:///unknown:1+17: Semicolon inserted
..LOG:unknown:///unknown:1+41: Semicolon inserted
LOG:unknown:///unknown:1+41: Semicolon inserted
..LOG:unknown:///unknown:1+48: Semicolon inserted
LOG:unknown:///unknown:1+48: Semicolon inserted
..LOG:unknown:///unknown:1+106: Semicolon inserted
LOG:unknown:///unknown:1+107: Semicolon inserted
LOG:unknown:///unknown:1+106: Semicolon inserted
LOG:unknown:///unknown:1+107: Semicolon inserted
LOG:unknown:///unknown:1+23: Semicolon inserted
LOG:unknown:///unknown:1+23: Semicolon inserted
.LOG:unknown:///unknown:1+19: Semicolon inserted
LOG:unknown:///unknown:1+19: Semicolon inserted
LOG:unknown:///unknown:1+46: Semicolon inserted
LOG:unknown:///unknown:1+46: Semicolon inserted
.LOG:unknown:///unknown:1+25: Semicolon inserted
LOG:unknown:///unknown:1+25: Semicolon inserted
LOG:unknown:///unknown:1+27: Semicolon inserted
LOG:unknown:///unknown:1+27: Semicolon inserted
LOG:unknown:///unknown:1+35: Semicolon inserted
LOG:unknown:///unknown:1+35: Semicolon inserted
LOG:unknown:///unknown:1+39: Semicolon inserted
LOG:unknown:///unknown:1+39: Semicolon inserted
LOG:unknown:///unknown:1+61: Semicolon inserted
LOG:unknown:///unknown:1+62: Semicolon inserted
LOG:unknown:///unknown:1+61: Semicolon inserted
LOG:unknown:///unknown:1+62: Semicolon inserted
LOG:unknown:///unknown:1+63: Semicolon inserted
LOG:unknown:///unknown:1+68: Semicolon inserted
LOG:unknown:///unknown:1+63: Semicolon inserted
LOG:unknown:///unknown:1+68: Semicolon inserted
.LOG:unknown:///unknown:1+5: Semicolon inserted
LOG:unknown:///unknown:1+5: Semicolon inserted
LOG:unknown:///unknown:1+84: Semicolon inserted
LOG:unknown:///unknown:1+84: Semicolon inserted
LOG:unknown:///unknown:1+30: Semicolon inserted
LOG:unknown:///unknown:1+30: Semicolon inserted
LOG:unknown:///unknown:1+30: Semicolon inserted
LOG:unknown:///unknown:1+30: Semicolon inserted
LOG:unknown:///unknown:1+38: Semicolon inserted
LOG:unknown:///unknown:1+38: Semicolon inserted
.LOG:unknown:///unknown:1+33: Semicolon inserted
LOG:unknown:///unknown:1+33: Semicolon inserted
LOG:unknown:///unknown:1+35: Semicolon inserted
LOG:unknown:///unknown:1+35: Semicolon inserted
LOG:unknown:///unknown:1+59: Semicolon inserted
LOG:unknown:///unknown:1+59: Semicolon inserted
LOG:unknown:///unknown:1+27: Semicolon inserted
LOG:unknown:///unknown:1+27: Semicolon inserted
LOG:unknown:///unknown:1+27: Semicolon inserted
LOG:unknown:///unknown:1+34: Semicolon inserted
LOG:unknown:///unknown:1+27: Semicolon inserted
LOG:unknown:///unknown:1+34: Semicolon inserted
LOG:unknown:///unknown:1+32: Semicolon inserted
LOG:unknown:///unknown:1+32: Semicolon inserted
LOG:unknown:///unknown:1+42: Semicolon inserted
LOG:unknown:///unknown:1+42: Semicolon inserted
LOG:unknown:///unknown:1+58: Semicolon inserted
LOG:unknown:///unknown:1+58: Semicolon inserted
LOG:unknown:///unknown:1+43: Semicolon inserted
LOG:unknown:///unknown:1+59: Semicolon inserted
LOG:unknown:///unknown:1+43: Semicolon inserted
LOG:unknown:///unknown:1+59: Semicolon inserted
..LOG:unknown:///unknown:1+22: Semicolon inserted
LOG:unknown:///unknown:1+39: Semicolon inserted
LOG:unknown:///unknown:1+22: Semicolon inserted
LOG:unknown:///unknown:1+39: Semicolon inserted
LOG:unknown:///unknown:1+95: Semicolon inserted
LOG:unknown:///unknown:1+102: Semicolon inserted
LOG:unknown:///unknown:1+119: Semicolon inserted
LOG:unknown:///unknown:1+95: Semicolon inserted
LOG:unknown:///unknown:1+102: Semicolon inserted
LOG:unknown:///unknown:1+119: Semicolon inserted
LOG:unknown:///unknown:1+22: Semicolon inserted
LOG:unknown:///unknown:1+37: Semicolon inserted
LOG:unknown:///unknown:1+22: Semicolon inserted
LOG:unknown:///unknown:1+37: Semicolon inserted
LOG:unknown:///unknown:1+95: Semicolon inserted
LOG:unknown:///unknown:1+102: Semicolon inserted
LOG:unknown:///unknown:1+117: Semicolon inserted
LOG:unknown:///unknown:1+95: Semicolon inserted
LOG:unknown:///unknown:1+102: Semicolon inserted
LOG:unknown:///unknown:1+117: Semicolon inserted
LOG:unknown:///unknown:1+22: Semicolon inserted
LOG:unknown:///unknown:1+22: Semicolon inserted
LOG:unknown:///unknown:1+95: Semicolon inserted
LOG:unknown:///unknown:1+102: Semicolon inserted
LOG:unknown:///unknown:1+119: Semicolon inserted
LOG:unknown:///unknown:1+134: Semicolon inserted
LOG:unknown:///unknown:1+95: Semicolon inserted
LOG:unknown:///unknown:1+102: Semicolon inserted
LOG:unknown:///unknown:1+119: Semicolon inserted
LOG:unknown:///unknown:1+134: Semicolon inserted
..LOG:unknown:///unknown:1+15: Semicolon inserted
LOG:unknown:///unknown:1+15: Semicolon inserted
LOG:unknown:///unknown:1+34: Semicolon inserted
LOG:unknown:///unknown:1+34: Semicolon inserted
LOG:unknown:///unknown:1+107: Semicolon inserted
LOG:unknown:///unknown:1+108: Semicolon inserted
LOG:unknown:///unknown:1+117: Semicolon inserted
LOG:unknown:///unknown:1+107: Semicolon inserted
LOG:unknown:///unknown:1+108: Semicolon inserted
LOG:unknown:///unknown:1+117: Semicolon inserted
LOG:unknown:///unknown:1+19: Semicolon inserted
LOG:unknown:///unknown:1+19: Semicolon inserted
....................................Oct 20, 2021 6:11:01 PM com.google.javascript.jscomp.LoggerErrorManager println
SEVERE: ERROR - Syntax error: Wrong type of child number 1 for VarDecl. Expected: [InitPatt, IdPatt]. Found: IdExpr.

Oct 20, 2021 6:11:01 PM com.google.javascript.jscomp.LoggerErrorManager printSummary
WARNING: 1 error(s), 0 warning(s)
...............................................................................................................................................................................................................................................................................................................................................................................................................................................................................E....................................................................................Oct 20, 2021 6:11:02 PM com.google.javascript.jscomp.parsing.ParserRunner parse
INFO: Error parsing input: JSCompiler test code: Compilation produced 1 syntax errors.
......Oct 20, 2021 6:11:02 PM com.google.javascript.jscomp.parsing.ParserRunner parse
INFO: Error parsing input: JSCompiler test code: Compilation produced 1 syntax errors.
...Oct 20, 2021 6:11:02 PM com.google.javascript.jscomp.parsing.ParserRunner parse
INFO: Error parsing input: JSCompiler test code: Compilation produced 2 syntax errors.
.Oct 20, 2021 6:11:02 PM com.google.javascript.jscomp.parsing.ParserRunner parse
INFO: Error parsing input: JSCompiler test code: Compilation produced 1 syntax errors.
.Oct 20, 2021 6:11:02 PM com.google.javascript.jscomp.parsing.ParserRunner parse
INFO: Error parsing input: JSCompiler test code: Compilation produced 1 syntax errors.
...Oct 20, 2021 6:11:02 PM com.google.javascript.jscomp.parsing.ParserRunner parse
INFO: Error parsing input: JSCompiler test code: Compilation produced 1 syntax errors.
.Oct 20, 2021 6:11:02 PM com.google.javascript.jscomp.parsing.ParserRunner parse
INFO: Error parsing input: JSCompiler test code: Compilation produced 2 syntax errors.
.Oct 20, 2021 6:11:02 PM com.google.javascript.jscomp.parsing.ParserRunner parse
INFO: Error parsing input: JSCompiler test code: Compilation produced 2 syntax errors.
...Oct 20, 2021 6:11:02 PM com.google.javascript.jscomp.parsing.ParserRunner parse
INFO: Error parsing input: JSCompiler test code: Compilation produced 2 syntax errors.
.......Oct 20, 2021 6:11:02 PM com.google.javascript.jscomp.parsing.ParserRunner parse
INFO: Error parsing input: JSCompiler test code: Compilation produced 1 syntax errors.
...Oct 20, 2021 6:11:02 PM com.google.javascript.jscomp.parsing.ParserRunner parse
INFO: Error parsing input: JSCompiler test code: Compilation produced 1 syntax errors.
Oct 20, 2021 6:11:02 PM com.google.javascript.jscomp.parsing.ParserRunner parse
INFO: Error parsing input: JSCompiler test code: Compilation produced 1 syntax errors.
Oct 20, 2021 6:11:02 PM com.google.javascript.jscomp.parsing.ParserRunner parse
INFO: Error parsing input: JSCompiler test code: Compilation produced 1 syntax errors.
Oct 20, 2021 6:11:02 PM com.google.javascript.jscomp.parsing.ParserRunner parse
INFO: Error parsing input: JSCompiler test code: Compilation produced 1 syntax errors.
Oct 20, 2021 6:11:02 PM com.google.javascript.jscomp.parsing.ParserRunner parse
INFO: Error parsing input: JSCompiler test code: Compilation produced 1 syntax errors.
.Oct 20, 2021 6:11:02 PM com.google.javascript.jscomp.parsing.ParserRunner parse
INFO: Error parsing input: JSCompiler test code: Compilation produced 1 syntax errors.
Oct 20, 2021 6:11:02 PM com.google.javascript.jscomp.parsing.ParserRunner parse
INFO: Error parsing input: JSCompiler test code: Compilation produced 1 syntax errors.
Oct 20, 2021 6:11:02 PM com.google.javascript.jscomp.parsing.ParserRunner parse
INFO: Error parsing input: JSCompiler test code: Compilation produced 1 syntax errors.
Oct 20, 2021 6:11:02 PM com.google.javascript.jscomp.parsing.ParserRunner parse
INFO: Error parsing input: JSCompiler test code: Compilation produced 1 syntax errors.
Oct 20, 2021 6:11:02 PM com.google.javascript.jscomp.parsing.ParserRunner parse
INFO: Error parsing input: JSCompiler test code: Compilation produced 1 syntax errors.
Oct 20, 2021 6:11:02 PM com.google.javascript.jscomp.parsing.ParserRunner parse
INFO: Error parsing input: JSCompiler test code: Compilation produced 1 syntax errors.
.Oct 20, 2021 6:11:02 PM com.google.javascript.jscomp.parsing.ParserRunner parse
INFO: Error parsing input: JSCompiler test code: Compilation produced 1 syntax errors.
Oct 20, 2021 6:11:02 PM com.google.javascript.jscomp.parsing.ParserRunner parse
INFO: Error parsing input: JSCompiler test code: Compilation produced 1 syntax errors.
..Oct 20, 2021 6:11:02 PM com.google.javascript.jscomp.parsing.ParserRunner parse
INFO: Error parsing input: JSCompiler test code: Compilation produced 1 syntax errors.
.....................................................................................................................................................................................................................................................................................................................................
Time: 123.147
There was 1 failure:
1) testTextExtents(com.google.javascript.jscomp.parsing.JsDocInfoParserTest)
java.lang.IllegalStateException: Recorded bad position information
start-char: 14
end-char: 13
	at com.google.javascript.rhino.SourcePosition.setPositionInformation(SourcePosition.java:87)
	at com.google.javascript.rhino.JSDocInfoBuilder.markText(JSDocInfoBuilder.java:172)
	at com.google.javascript.jscomp.parsing.JsDocInfoParser.extractMultilineTextualBlock(JsDocInfoParser.java:1503)
	at com.google.javascript.jscomp.parsing.JsDocInfoParser.extractMultilineTextualBlock(JsDocInfoParser.java:1379)
	at com.google.javascript.jscomp.parsing.JsDocInfoParser.parse(JsDocInfoParser.java:958)
	at com.google.javascript.jscomp.parsing.JsDocInfoParserTest.parse(JsDocInfoParserTest.java:2984)
	at com.google.javascript.jscomp.parsing.JsDocInfoParserTest.parse(JsDocInfoParserTest.java:2961)
	at com.google.javascript.jscomp.parsing.JsDocInfoParserTest.testTextExtents(JsDocInfoParserTest.java:2756)
	at sun.reflect.NativeMethodAccessorImpl.invoke0(Native Method)
	at sun.reflect.NativeMethodAccessorImpl.invoke(NativeMethodAccessorImpl.java:62)
	at sun.reflect.DelegatingMethodAccessorImpl.invoke(DelegatingMethodAccessorImpl.java:43)
	at java.lang.reflect.Method.invoke(Method.java:498)
	at junit.framework.TestCase.runTest(TestCase.java:168)
	at junit.framework.TestCase.runBare(TestCase.java:134)
	at junit.framework.TestResult$1.protect(TestResult.java:110)
	at junit.framework.TestResult.runProtected(TestResult.java:128)
	at junit.framework.TestResult.run(TestResult.java:113)
	at junit.framework.TestCase.run(TestCase.java:124)
	at junit.framework.TestSuite.runTest(TestSuite.java:243)
	at junit.framework.TestSuite.run(TestSuite.java:238)
	at org.junit.internal.runners.JUnit38ClassRunner.run(JUnit38ClassRunner.java:83)
	at org.junit.runners.Suite.runChild(Suite.java:128)
	at org.junit.runners.Suite.runChild(Suite.java:24)
	at org.junit.runners.ParentRunner$3.run(ParentRunner.java:231)
	at org.junit.runners.ParentRunner$1.schedule(ParentRunner.java:60)
	at org.junit.runners.ParentRunner.runChildren(ParentRunner.java:229)
	at org.junit.runners.ParentRunner.access$000(ParentRunner.java:50)
	at org.junit.runners.ParentRunner$2.evaluate(ParentRunner.java:222)
	at org.junit.runners.ParentRunner.run(ParentRunner.java:300)
	at org.junit.runner.JUnitCore.run(JUnitCore.java:157)
	at org.junit.runner.JUnitCore.run(JUnitCore.java:136)
	at org.junit.runner.JUnitCore.run(JUnitCore.java:117)
	at org.junit.runner.JUnitCore.runMain(JUnitCore.java:98)
	at org.junit.runner.JUnitCore.runMainAndExit(JUnitCore.java:53)
	at org.junit.runner.JUnitCore.main(JUnitCore.java:45)

FAILURES!!!
Tests run: 7960,  Failures: 1


real	2m6.610s
user	2m33.658s
sys	0m2.952s
