JUnit version 4.11
...........................................................................................................................................................................................................................................................................................E....................................................
Time: 3.788
There was 1 failure:
1) testSymbolTableExpansionBytes(com.fasterxml.jackson.core.sym.SymbolsViaParserTest)
java.lang.ArrayIndexOutOfBoundsException: 512
	at com.fasterxml.jackson.core.sym.ByteQuadsCanonicalizer.addName(ByteQuadsCanonicalizer.java:824)
	at com.fasterxml.jackson.core.json.UTF8StreamJsonParser.addName(UTF8StreamJsonParser.java:2340)
	at com.fasterxml.jackson.core.json.UTF8StreamJsonParser.findName(UTF8StreamJsonParser.java:2185)
	at com.fasterxml.jackson.core.json.UTF8StreamJsonParser._parseName(UTF8StreamJsonParser.java:1691)
	at com.fasterxml.jackson.core.json.UTF8StreamJsonParser.nextToken(UTF8StreamJsonParser.java:740)
	at com.fasterxml.jackson.core.sym.SymbolsViaParserTest._testSymbolTableExpansion(SymbolsViaParserTest.java:87)
	at com.fasterxml.jackson.core.sym.SymbolsViaParserTest.testSymbolTableExpansionBytes(SymbolsViaParserTest.java:32)
	at sun.reflect.NativeMethodAccessorImpl.invoke0(Native Method)
	at sun.reflect.NativeMethodAccessorImpl.invoke(NativeMethodAccessorImpl.java:62)
	at sun.reflect.DelegatingMethodAccessorImpl.invoke(DelegatingMethodAccessorImpl.java:43)
	at java.lang.reflect.Method.invoke(Method.java:498)
	at junit.framework.TestCase.runTest(TestCase.java:176)
	at junit.framework.TestCase.runBare(TestCase.java:141)
	at junit.framework.TestResult$1.protect(TestResult.java:122)
	at junit.framework.TestResult.runProtected(TestResult.java:142)
	at junit.framework.TestResult.run(TestResult.java:125)
	at junit.framework.TestCase.run(TestCase.java:129)
	at junit.framework.TestSuite.runTest(TestSuite.java:255)
	at junit.framework.TestSuite.run(TestSuite.java:250)
	at org.junit.internal.runners.JUnit38ClassRunner.run(JUnit38ClassRunner.java:84)
	at org.junit.runners.Suite.runChild(Suite.java:127)
	at org.junit.runners.Suite.runChild(Suite.java:26)
	at org.junit.runners.ParentRunner$3.run(ParentRunner.java:238)
	at org.junit.runners.ParentRunner$1.schedule(ParentRunner.java:63)
	at org.junit.runners.ParentRunner.runChildren(ParentRunner.java:236)
	at org.junit.runners.ParentRunner.access$000(ParentRunner.java:53)
	at org.junit.runners.ParentRunner$2.evaluate(ParentRunner.java:229)
	at org.junit.runners.ParentRunner.run(ParentRunner.java:309)
	at org.junit.runner.JUnitCore.run(JUnitCore.java:160)
	at org.junit.runner.JUnitCore.run(JUnitCore.java:138)
	at org.junit.runner.JUnitCore.run(JUnitCore.java:117)
	at org.junit.runner.JUnitCore.runMain(JUnitCore.java:96)
	at org.junit.runner.JUnitCore.runMainAndExit(JUnitCore.java:47)
	at org.junit.runner.JUnitCore.main(JUnitCore.java:40)

FAILURES!!!
Tests run: 335,  Failures: 1


real	0m4.165s
user	0m9.770s
sys	0m0.562s
