JUnit version 4.12
Properties file org/powermock/default.properties is found in 4 places: 
ConfigurationSource{location='file:/ppgsi/defects4j/framework/projects/JacksonDatabind/lib/org/powermock/powermock-core/1.7.4/powermock-core-1.7.4.jar!/org/powermock/default.properties}
ConfigurationSource{location='file:/ppgsi/defects4j/framework/projects/JacksonDatabind/lib/org/powermock/powermock-core/1.7.3/powermock-core-1.7.3.jar!/org/powermock/default.properties}
ConfigurationSource{location='file:/ppgsi/defects4j/framework/projects/JacksonDatabind/lib/org/powermock/powermock-core/2.0.0-beta.5/powermock-core-2.0.0-beta.5.jar!/org/powermock/default.properties}
ConfigurationSource{location='file:/ppgsi/defects4j/framework/projects/JacksonDatabind/lib/org/powermock/powermock-core/2.0.0/powermock-core-2.0.0.jar!/org/powermock/default.properties}. Which one will be used is undefined. Please, remove duplicated configuration file (or second PowerMock jar file) from class path to have stable tests.Properties file org/powermock/default.properties is found in 4 places: 
ConfigurationSource{location='file:/ppgsi/defects4j/framework/projects/JacksonDatabind/lib/org/powermock/powermock-core/1.7.4/powermock-core-1.7.4.jar!/org/powermock/default.properties}
ConfigurationSource{location='file:/ppgsi/defects4j/framework/projects/JacksonDatabind/lib/org/powermock/powermock-core/1.7.3/powermock-core-1.7.3.jar!/org/powermock/default.properties}
ConfigurationSource{location='file:/ppgsi/defects4j/framework/projects/JacksonDatabind/lib/org/powermock/powermock-core/2.0.0-beta.5/powermock-core-2.0.0-beta.5.jar!/org/powermock/default.properties}
ConfigurationSource{location='file:/ppgsi/defects4j/framework/projects/JacksonDatabind/lib/org/powermock/powermock-core/2.0.0/powermock-core-2.0.0.jar!/org/powermock/default.properties}. Which one will be used is undefined. Please, remove duplicated configuration file (or second PowerMock jar file) from class path to have stable tests.........................................................................................................................................................................................................................................................................................................................................................................................E............................................................................................................................................................................................................................................................................................................................................................................................................................................................................................................................................................................................................................................................................................................................................................................................................................................................................................................................................................................................................................................................................................................................................................................................................................................................................................................................................................................................................................................................................................................................................................................................................................................................................................................................................................................................................................................
Time: 7.802
There was 1 failure:
1) testDeserializeBagOfStrings(com.fasterxml.jackson.databind.deser.creators.DelegatingArrayCreator2324Test)
com.fasterxml.jackson.databind.exc.MismatchedInputException: Cannot construct instance of `com.fasterxml.jackson.databind.deser.creators.DelegatingArrayCreator2324Test$ImmutableBag` (although at least one Creator exists): no default no-arguments constructor found
 at [Source: (String)"{"strings": [ "a", "b", "c"]}"; line: 1, column: 13] (through reference chain: com.fasterxml.jackson.databind.deser.creators.DelegatingArrayCreator2324Test$WithBagOfStrings["strings"])
	at com.fasterxml.jackson.databind.exc.MismatchedInputException.from(MismatchedInputException.java:63)
	at com.fasterxml.jackson.databind.DeserializationContext.reportInputMismatch(DeserializationContext.java:1343)
	at com.fasterxml.jackson.databind.DeserializationContext.handleMissingInstantiator(DeserializationContext.java:1032)
	at com.fasterxml.jackson.databind.deser.ValueInstantiator.createUsingDefault(ValueInstantiator.java:189)
	at com.fasterxml.jackson.databind.deser.std.StdValueInstantiator.createUsingDefault(StdValueInstantiator.java:267)
	at com.fasterxml.jackson.databind.deser.std.StringCollectionDeserializer.deserialize(StringCollectionDeserializer.java:169)
	at com.fasterxml.jackson.databind.deser.std.StringCollectionDeserializer.deserialize(StringCollectionDeserializer.java:21)
	at com.fasterxml.jackson.databind.deser.impl.MethodProperty.deserializeAndSet(MethodProperty.java:129)
	at com.fasterxml.jackson.databind.deser.BeanDeserializer.vanillaDeserialize(BeanDeserializer.java:288)
	at com.fasterxml.jackson.databind.deser.BeanDeserializer.deserialize(BeanDeserializer.java:151)
	at com.fasterxml.jackson.databind.ObjectReader._bindAndClose(ObjectReader.java:1611)
	at com.fasterxml.jackson.databind.ObjectReader.readValue(ObjectReader.java:1219)
	at com.fasterxml.jackson.databind.deser.creators.DelegatingArrayCreator2324Test.testDeserializeBagOfStrings(DelegatingArrayCreator2324Test.java:59)
	at sun.reflect.NativeMethodAccessorImpl.invoke0(Native Method)
	at sun.reflect.NativeMethodAccessorImpl.invoke(NativeMethodAccessorImpl.java:62)
	at sun.reflect.DelegatingMethodAccessorImpl.invoke(DelegatingMethodAccessorImpl.java:43)
	at java.lang.reflect.Method.invoke(Method.java:498)
	at junit.framework.TestCase.runTest(TestCase.java:176)
	at junit.framework.TestCase.runBare(TestCase.java:141)
	at junit.framework.TestResult$1.protect(TestResult.java:122)
	at junit.framework.TestResult.runProtected(TestResult.java:142)
	at junit.framework.TestResult.run(TestResult.java:125)
	at junit.framework.TestCase.run(TestCase.java:129)
	at junit.framework.TestSuite.runTest(TestSuite.java:252)
	at junit.framework.TestSuite.run(TestSuite.java:247)
	at org.junit.internal.runners.JUnit38ClassRunner.run(JUnit38ClassRunner.java:86)
	at org.junit.runners.Suite.runChild(Suite.java:128)
	at org.junit.runners.Suite.runChild(Suite.java:27)
	at org.junit.runners.ParentRunner$3.run(ParentRunner.java:290)
	at org.junit.runners.ParentRunner$1.schedule(ParentRunner.java:71)
	at org.junit.runners.ParentRunner.runChildren(ParentRunner.java:288)
	at org.junit.runners.ParentRunner.access$000(ParentRunner.java:58)
	at org.junit.runners.ParentRunner$2.evaluate(ParentRunner.java:268)
	at org.junit.runners.ParentRunner.run(ParentRunner.java:363)
	at org.junit.runner.JUnitCore.run(JUnitCore.java:137)
	at org.junit.runner.JUnitCore.run(JUnitCore.java:115)
	at org.junit.runner.JUnitCore.runMain(JUnitCore.java:77)
	at org.junit.runner.JUnitCore.main(JUnitCore.java:36)

FAILURES!!!
Tests run: 2148,  Failures: 1


real	0m9.651s
user	0m24.947s
sys	0m2.273s
