JUnit version 4.12
........................................................................................................E.......................................................................................................................................................................................................................................................
Time: 2.624
There was 1 failure:
1) testRawWithSurrogatesString(com.fasterxml.jackson.core.json.RawValueWithSurrogatesTest)
com.fasterxml.jackson.core.JsonGenerationException: Split surrogate on writeRaw() input (last character)
	at com.fasterxml.jackson.core.JsonGenerator._reportError(JsonGenerator.java:1723)
	at com.fasterxml.jackson.core.json.UTF8JsonGenerator._outputRawMultiByteChar(UTF8JsonGenerator.java:1887)
	at com.fasterxml.jackson.core.json.UTF8JsonGenerator._writeSegmentedRaw(UTF8JsonGenerator.java:658)
	at com.fasterxml.jackson.core.json.UTF8JsonGenerator.writeRaw(UTF8JsonGenerator.java:573)
	at com.fasterxml.jackson.core.json.UTF8JsonGenerator.writeRaw(UTF8JsonGenerator.java:536)
	at com.fasterxml.jackson.core.base.GeneratorBase.writeRawValue(GeneratorBase.java:299)
	at com.fasterxml.jackson.core.json.RawValueWithSurrogatesTest._testRawWithSurrogatesString(RawValueWithSurrogatesTest.java:82)
	at com.fasterxml.jackson.core.json.RawValueWithSurrogatesTest.testRawWithSurrogatesString(RawValueWithSurrogatesTest.java:54)
	at sun.reflect.NativeMethodAccessorImpl.invoke0(Native Method)
	at sun.reflect.NativeMethodAccessorImpl.invoke(NativeMethodAccessorImpl.java:62)
	at sun.reflect.DelegatingMethodAccessorImpl.invoke(DelegatingMethodAccessorImpl.java:43)
	at java.lang.reflect.Method.invoke(Method.java:498)
	at junit.framework.TestCase.runTest(TestCase.java:176)
	at junit.framework.TestCase.runBare(TestCase.java:141)
	at junit.framework.TestResult$1.protect(TestResult.java:122)
	at junit.framework.TestResult.runProtected(TestResult.java:142)
	at junit.framework.TestResult.run(TestResult.java:125)
	at junit.framework.TestCase.run(TestCase.java:129)
	at junit.framework.TestSuite.runTest(TestSuite.java:252)
	at junit.framework.TestSuite.run(TestSuite.java:247)
	at org.junit.internal.runners.JUnit38ClassRunner.run(JUnit38ClassRunner.java:86)
	at org.junit.runners.Suite.runChild(Suite.java:128)
	at org.junit.runners.Suite.runChild(Suite.java:27)
	at org.junit.runners.ParentRunner$3.run(ParentRunner.java:290)
	at org.junit.runners.ParentRunner$1.schedule(ParentRunner.java:71)
	at org.junit.runners.ParentRunner.runChildren(ParentRunner.java:288)
	at org.junit.runners.ParentRunner.access$000(ParentRunner.java:58)
	at org.junit.runners.ParentRunner$2.evaluate(ParentRunner.java:268)
	at org.junit.runners.ParentRunner.run(ParentRunner.java:363)
	at org.junit.runner.JUnitCore.run(JUnitCore.java:137)
	at org.junit.runner.JUnitCore.run(JUnitCore.java:115)
	at org.junit.runner.JUnitCore.runMain(JUnitCore.java:77)
	at org.junit.runner.JUnitCore.main(JUnitCore.java:36)

FAILURES!!!
Tests run: 351,  Failures: 1


real	0m2.914s
user	0m7.083s
sys	0m0.265s
